<?xml version="1.0" encoding="UTF-8" ?>
<testsuites name="vitest tests" tests="910" failures="0" errors="0" time="1.492914055">
    <testsuite name="src/stores/test/circleOfFifthsStore.test.ts" timestamp="2025-09-28T12:42:07.323Z" hostname="runnervm3ublj" tests="1" failures="0" errors="0" skipped="0" time="0.003786895">
        <testcase classname="src/stores/test/circleOfFifthsStore.test.ts" name="Zustandストアの基本動作確認 &gt; ストアが正常に初期化される" time="0.001955589">
        </testcase>
    </testsuite>
    <testsuite name="src/stores/test/currentScaleStore.test.ts" timestamp="2025-09-28T12:42:07.324Z" hostname="runnervm3ublj" tests="4" failures="0" errors="0" skipped="0" time="0.041492701">
        <testcase classname="src/stores/test/currentScaleStore.test.ts" name="currentKeyStore &gt; 初期状態はC Majorキーである" time="0.023024002">
        </testcase>
        <testcase classname="src/stores/test/currentScaleStore.test.ts" name="currentKeyStore &gt; 音楽キーを設定できる" time="0.005990338">
        </testcase>
        <testcase classname="src/stores/test/currentScaleStore.test.ts" name="currentKeyStore &gt; デフォルトにリセットできる" time="0.00575667">
        </testcase>
        <testcase classname="src/stores/test/currentScaleStore.test.ts" name="currentKeyStore &gt; メジャーキーとマイナーキーを正しく区別する" time="0.004791529">
        </testcase>
    </testsuite>
    <testsuite name="src/stores/test/hubStore.test.ts" timestamp="2025-09-28T12:42:07.326Z" hostname="runnervm3ublj" tests="13" failures="0" errors="0" skipped="0" time="0.009058906">
        <testcase classname="src/stores/test/hubStore.test.ts" name="hubStore &gt; 初期状態 &gt; 正常ケース: デフォルトでcircle-of-fifthsが設定される" time="0.002088298">
        </testcase>
        <testcase classname="src/stores/test/hubStore.test.ts" name="hubStore &gt; 初期状態 &gt; 正常ケース: setHubType関数が定義されている" time="0.000294202">
        </testcase>
        <testcase classname="src/stores/test/hubStore.test.ts" name="hubStore &gt; 初期状態 &gt; 正常ケース: ストアの型構造が正しい" time="0.001528017">
        </testcase>
        <testcase classname="src/stores/test/hubStore.test.ts" name="hubStore &gt; setHubType関数 &gt; 正常ケース: circle-of-fifthsに設定できる" time="0.000266229">
        </testcase>
        <testcase classname="src/stores/test/hubStore.test.ts" name="hubStore &gt; setHubType関数 &gt; 正常ケース: chromatic-circleに設定できる" time="0.000235692">
        </testcase>
        <testcase classname="src/stores/test/hubStore.test.ts" name="hubStore &gt; setHubType関数 &gt; 正常ケース: 状態変更後もsetHubType関数が同じ参照を保持" time="0.00028757">
        </testcase>
        <testcase classname="src/stores/test/hubStore.test.ts" name="hubStore &gt; setHubType関数 &gt; 境界値ケース: 全てのHubTypeを正しく設定できる" time="0.000376377">
        </testcase>
        <testcase classname="src/stores/test/hubStore.test.ts" name="hubStore &gt; 状態変更の動作 &gt; 正常ケース: 複数回の状態変更が正しく処理される" time="0.000395712">
        </testcase>
        <testcase classname="src/stores/test/hubStore.test.ts" name="hubStore &gt; 状態変更の動作 &gt; 正常ケース: 同じ値を設定しても状態は変更される" time="0.000340909">
        </testcase>
        <testcase classname="src/stores/test/hubStore.test.ts" name="hubStore &gt; ストア購読の動作 &gt; 正常ケース: 状態変更時にリスナーが呼ばれる" time="0.000458621">
        </testcase>
        <testcase classname="src/stores/test/hubStore.test.ts" name="hubStore &gt; ストアの独立性 &gt; 正常ケース: 複数のgetState()呼び出しが同じオブジェクトを参照" time="0.00021356">
        </testcase>
        <testcase classname="src/stores/test/hubStore.test.ts" name="hubStore &gt; ストアの独立性 &gt; 正常ケース: ストアの状態が適切に分離されている" time="0.00020239">
        </testcase>
        <testcase classname="src/stores/test/hubStore.test.ts" name="hubStore &gt; 型安全性 &gt; 正常ケース: HubType以外の値は型エラーとなる（TypeScript）" time="0.000216957">
        </testcase>
    </testsuite>
    <testsuite name="src/stores/test/layerStore.test.ts" timestamp="2025-09-28T12:42:07.328Z" hostname="runnervm3ublj" tests="11" failures="0" errors="0" skipped="0" time="0.009680521">
        <testcase classname="src/stores/test/layerStore.test.ts" name="layerStore &gt; initial state &gt; 正常ケース: 初期状態でダイアトニックコード非表示" time="0.002220396">
        </testcase>
        <testcase classname="src/stores/test/layerStore.test.ts" name="layerStore &gt; toggleDiatonicChords action &gt; 正常ケース: falseからtrueに切り替わる" time="0.000382217">
        </testcase>
        <testcase classname="src/stores/test/layerStore.test.ts" name="layerStore &gt; toggleDiatonicChords action &gt; 正常ケース: trueからfalseに切り替わる" time="0.000478017">
        </testcase>
        <testcase classname="src/stores/test/layerStore.test.ts" name="layerStore &gt; toggleDiatonicChords action &gt; 正常ケース: 複数回のトグル動作" time="0.000583705">
        </testcase>
        <testcase classname="src/stores/test/layerStore.test.ts" name="layerStore &gt; toggleDiatonicChords action &gt; 正常ケース: 関数の参照が安定している" time="0.000254408">
        </testcase>
        <testcase classname="src/stores/test/layerStore.test.ts" name="layerStore &gt; state immutability &gt; 正常ケース: setState後に元のstateが変更されない" time="0.000494597">
        </testcase>
        <testcase classname="src/stores/test/layerStore.test.ts" name="layerStore &gt; state immutability &gt; 正常ケース: toggleDiatonicChords後の不変性" time="0.001228865">
        </testcase>
        <testcase classname="src/stores/test/layerStore.test.ts" name="layerStore &gt; store subscription &gt; 正常ケース: 状態変更時にsubscriberが呼ばれる" time="0.000520036">
        </testcase>
        <testcase classname="src/stores/test/layerStore.test.ts" name="layerStore &gt; direct state manipulation &gt; 正常ケース: setStateによる直接的な状態変更" time="0.000439384">
        </testcase>
        <testcase classname="src/stores/test/layerStore.test.ts" name="layerStore &gt; direct state manipulation &gt; 正常ケース: 部分的な状態更新" time="0.000302157">
        </testcase>
        <testcase classname="src/stores/test/layerStore.test.ts" name="layerStore &gt; type safety &gt; 正常ケース: 型安全な状態アクセス" time="0.000323116">
        </testcase>
    </testsuite>
    <testsuite name="src/domain/chord/test/Chord.test.ts" timestamp="2025-09-28T12:42:07.331Z" hostname="runnervm3ublj" tests="30" failures="0" errors="0" skipped="0" time="0.01898094">
        <testcase classname="src/domain/chord/test/Chord.test.ts" name="Chord &gt; コンストラクタ（ファクトリメソッド経由） &gt; 正常ケース: メジャーコードを生成" time="0.002683143">
        </testcase>
        <testcase classname="src/domain/chord/test/Chord.test.ts" name="Chord &gt; コンストラクタ（ファクトリメソッド経由） &gt; 正常ケース: マイナーコードを生成" time="0.000579578">
        </testcase>
        <testcase classname="src/domain/chord/test/Chord.test.ts" name="Chord &gt; コンストラクタ（ファクトリメソッド経由） &gt; 正常ケース: ドミナント7thコードを生成" time="0.000584727">
        </testcase>
        <testcase classname="src/domain/chord/test/Chord.test.ts" name="Chord &gt; 構成音生成テスト &gt; 正常ケース: 各メジャートライアドの構成音" time="0.001032658">
        </testcase>
        <testcase classname="src/domain/chord/test/Chord.test.ts" name="Chord &gt; 構成音生成テスト &gt; 正常ケース: 各マイナートライアドの構成音" time="0.000894238">
        </testcase>
        <testcase classname="src/domain/chord/test/Chord.test.ts" name="Chord &gt; KeyDTOファクトリメソッド &gt; 正常ケース: KeyDTOからメジャーコード生成" time="0.000880451">
        </testcase>
        <testcase classname="src/domain/chord/test/Chord.test.ts" name="Chord &gt; KeyDTOファクトリメソッド &gt; 正常ケース: KeyDTOからマイナーコード生成" time="0.000573466">
        </testcase>
        <testcase classname="src/domain/chord/test/Chord.test.ts" name="Chord &gt; オクターブ処理 &gt; 正常ケース: オクターブを跨ぐ音程の処理" time="0.000260638">
        </testcase>
        <testcase classname="src/domain/chord/test/Chord.test.ts" name="Chord &gt; オクターブ処理 &gt; 正常ケース: 低いオクターブでの和音" time="0.000359194">
        </testcase>
        <testcase classname="src/domain/chord/test/Chord.test.ts" name="Chord &gt; オクターブ処理 &gt; 正常ケース: 高いオクターブでの和音" time="0.000311645">
        </testcase>
        <testcase classname="src/domain/chord/test/Chord.test.ts" name="Chord &gt; fromNotes ファクトリメソッド &gt; 正常ケース: メジャートライアドの構成音から生成" time="0.000732845">
        </testcase>
        <testcase classname="src/domain/chord/test/Chord.test.ts" name="Chord &gt; fromNotes ファクトリメソッド &gt; 正常ケース: マイナートライアドの構成音から生成" time="0.000418936">
        </testcase>
        <testcase classname="src/domain/chord/test/Chord.test.ts" name="Chord &gt; fromNotes ファクトリメソッド &gt; 正常ケース: ドミナント7thコードの構成音から生成" time="0.000438623">
        </testcase>
        <testcase classname="src/domain/chord/test/Chord.test.ts" name="Chord &gt; fromNotes ファクトリメソッド &gt; 正常ケース: ディミニッシュトライアドの構成音から生成" time="0.000620955">
        </testcase>
        <testcase classname="src/domain/chord/test/Chord.test.ts" name="Chord &gt; fromNotes ファクトリメソッド &gt; エラーケース: 空の構成音配列" time="0.001163022">
        </testcase>
        <testcase classname="src/domain/chord/test/Chord.test.ts" name="Chord &gt; fromNotes ファクトリメソッド &gt; エラーケース: 認識できないコード品質" time="0.00055415">
        </testcase>
        <testcase classname="src/domain/chord/test/Chord.test.ts" name="Chord &gt; ChordPattern.from ファクトリメソッド &gt; 正常ケース: MajorSeventhコード" time="0.000385052">
        </testcase>
        <testcase classname="src/domain/chord/test/Chord.test.ts" name="Chord &gt; ChordPattern.from ファクトリメソッド &gt; 正常ケース: MinorSeventhコード" time="0.000346811">
        </testcase>
        <testcase classname="src/domain/chord/test/Chord.test.ts" name="Chord &gt; ChordPattern.from ファクトリメソッド &gt; 正常ケース: DiminishedTriadコード" time="0.000312747">
        </testcase>
        <testcase classname="src/domain/chord/test/Chord.test.ts" name="Chord &gt; equals メソッド &gt; 正常ケース: 同じルート音と同じ品質のChordは等しい" time="0.000248727">
        </testcase>
        <testcase classname="src/domain/chord/test/Chord.test.ts" name="Chord &gt; equals メソッド &gt; 正常ケース: 同じChord同士は等しい" time="0.000177323">
        </testcase>
        <testcase classname="src/domain/chord/test/Chord.test.ts" name="Chord &gt; equals メソッド &gt; 正常ケース: 異なる品質のChordは等しくない" time="0.000193283">
        </testcase>
        <testcase classname="src/domain/chord/test/Chord.test.ts" name="Chord &gt; equals メソッド &gt; 正常ケース: 異なるルート音のChordは等しくない" time="0.000203602">
        </testcase>
        <testcase classname="src/domain/chord/test/Chord.test.ts" name="Chord &gt; equals メソッド &gt; 正常ケース: 異なるオクターブでも同じピッチクラスと品質なら等しい" time="0.00019702">
        </testcase>
        <testcase classname="src/domain/chord/test/Chord.test.ts" name="Chord &gt; equals メソッド &gt; エッジケース: null、undefined、非Chordオブジェクトとの比較" time="0.000286047">
        </testcase>
        <testcase classname="src/domain/chord/test/Chord.test.ts" name="Chord &gt; equals メソッド &gt; 正常ケース: 異なる生成方法で作られた同じChordは等しい" time="0.000177784">
        </testcase>
        <testcase classname="src/domain/chord/test/Chord.test.ts" name="Chord &gt; equals メソッド &gt; 正常ケース: fromNotesで生成したChordとの比較" time="0.000205746">
        </testcase>
        <testcase classname="src/domain/chord/test/Chord.test.ts" name="Chord &gt; 音楽理論的検証 &gt; 正常ケース: 基本トライアドの音程関係" time="0.000311895">
        </testcase>
        <testcase classname="src/domain/chord/test/Chord.test.ts" name="Chord &gt; 音楽理論的検証 &gt; 正常ケース: セブンスコードの音程関係" time="0.000469571">
        </testcase>
        <testcase classname="src/domain/chord/test/Chord.test.ts" name="Chord &gt; 音楽理論的検証 &gt; 正常ケース: KeyDTOを使った和音進行" time="0.000591038">
        </testcase>
    </testsuite>
    <testsuite name="src/domain/common/test/AbstractMusicalContext.test.ts" timestamp="2025-09-28T12:42:07.339Z" hostname="runnervm3ublj" tests="287" failures="0" errors="0" skipped="0" time="0.172587158">
        <testcase classname="src/domain/common/test/AbstractMusicalContext.test.ts" name="AbstractMusicalContext &gt; getDegreeNameFromNumber - 静的メソッド &gt; 正常ケース: 1-7度の各度数で正しいローマ数字を返す" time="0.002493446">
        </testcase>
        <testcase classname="src/domain/common/test/AbstractMusicalContext.test.ts" name="AbstractMusicalContext &gt; getDegreeNameFromNumber - 静的メソッド &gt; 正常ケース: sharp記号付き度数名を正しく返す" time="0.000462216">
        </testcase>
        <testcase classname="src/domain/common/test/AbstractMusicalContext.test.ts" name="AbstractMusicalContext &gt; getDegreeNameFromNumber - 静的メソッド &gt; 正常ケース: flat記号付き度数名を正しく返す" time="0.000544331">
        </testcase>
        <testcase classname="src/domain/common/test/AbstractMusicalContext.test.ts" name="AbstractMusicalContext &gt; getDegreeNameFromNumber - 静的メソッド &gt; 異常ケース: 範囲外の度数でエラーをスロー" time="0.00111966">
        </testcase>
        <testcase classname="src/domain/common/test/AbstractMusicalContext.test.ts" name="AbstractMusicalContext &gt; getDegreeNameFromNumber - 静的メソッド &gt; 境界値ケース: 最小値と最大値で正しく動作" time="0.00024494">
        </testcase>
        <testcase classname="src/domain/common/test/AbstractMusicalContext.test.ts" name="AbstractMusicalContext &gt; 基本プロパティ &gt; Key (C Major) &gt; centerPitchが正しく設定されている" time="0.000280837">
        </testcase>
        <testcase classname="src/domain/common/test/AbstractMusicalContext.test.ts" name="AbstractMusicalContext &gt; 基本プロパティ &gt; Key (C Major) &gt; scaleが正しく設定されている" time="0.000144551">
        </testcase>
        <testcase classname="src/domain/common/test/AbstractMusicalContext.test.ts" name="AbstractMusicalContext &gt; 基本プロパティ &gt; Key (C Major) &gt; contextNameが生成される" time="0.000345077">
        </testcase>
        <testcase classname="src/domain/common/test/AbstractMusicalContext.test.ts" name="AbstractMusicalContext &gt; 基本プロパティ &gt; Key (C Major) &gt; shortNameが生成される" time="0.000245019">
        </testcase>
        <testcase classname="src/domain/common/test/AbstractMusicalContext.test.ts" name="AbstractMusicalContext &gt; 基本プロパティ &gt; Key (G Major - Sharp) &gt; centerPitchが正しく設定されている" time="0.000272942">
        </testcase>
        <testcase classname="src/domain/common/test/AbstractMusicalContext.test.ts" name="AbstractMusicalContext &gt; 基本プロパティ &gt; Key (G Major - Sharp) &gt; scaleが正しく設定されている" time="0.000108954">
        </testcase>
        <testcase classname="src/domain/common/test/AbstractMusicalContext.test.ts" name="AbstractMusicalContext &gt; 基本プロパティ &gt; Key (G Major - Sharp) &gt; contextNameが生成される" time="0.00010135">
        </testcase>
        <testcase classname="src/domain/common/test/AbstractMusicalContext.test.ts" name="AbstractMusicalContext &gt; 基本プロパティ &gt; Key (G Major - Sharp) &gt; shortNameが生成される" time="0.000093105">
        </testcase>
        <testcase classname="src/domain/common/test/AbstractMusicalContext.test.ts" name="AbstractMusicalContext &gt; 基本プロパティ &gt; Key (F Major - Flat) &gt; centerPitchが正しく設定されている" time="0.000342041">
        </testcase>
        <testcase classname="src/domain/common/test/AbstractMusicalContext.test.ts" name="AbstractMusicalContext &gt; 基本プロパティ &gt; Key (F Major - Flat) &gt; scaleが正しく設定されている" time="0.000174097">
        </testcase>
        <testcase classname="src/domain/common/test/AbstractMusicalContext.test.ts" name="AbstractMusicalContext &gt; 基本プロパティ &gt; Key (F Major - Flat) &gt; contextNameが生成される" time="0.00015501">
        </testcase>
        <testcase classname="src/domain/common/test/AbstractMusicalContext.test.ts" name="AbstractMusicalContext &gt; 基本プロパティ &gt; Key (F Major - Flat) &gt; shortNameが生成される" time="0.000104776">
        </testcase>
        <testcase classname="src/domain/common/test/AbstractMusicalContext.test.ts" name="AbstractMusicalContext &gt; 基本プロパティ &gt; Key (A Minor) &gt; centerPitchが正しく設定されている" time="0.00009067">
        </testcase>
        <testcase classname="src/domain/common/test/AbstractMusicalContext.test.ts" name="AbstractMusicalContext &gt; 基本プロパティ &gt; Key (A Minor) &gt; scaleが正しく設定されている" time="0.000074109">
        </testcase>
        <testcase classname="src/domain/common/test/AbstractMusicalContext.test.ts" name="AbstractMusicalContext &gt; 基本プロパティ &gt; Key (A Minor) &gt; contextNameが生成される" time="0.000182111">
        </testcase>
        <testcase classname="src/domain/common/test/AbstractMusicalContext.test.ts" name="AbstractMusicalContext &gt; 基本プロパティ &gt; Key (A Minor) &gt; shortNameが生成される" time="0.000190658">
        </testcase>
        <testcase classname="src/domain/common/test/AbstractMusicalContext.test.ts" name="AbstractMusicalContext &gt; 基本プロパティ &gt; Key (E Minor - Sharp) &gt; centerPitchが正しく設定されている" time="0.000113373">
        </testcase>
        <testcase classname="src/domain/common/test/AbstractMusicalContext.test.ts" name="AbstractMusicalContext &gt; 基本プロパティ &gt; Key (E Minor - Sharp) &gt; scaleが正しく設定されている" time="0.000078196">
        </testcase>
        <testcase classname="src/domain/common/test/AbstractMusicalContext.test.ts" name="AbstractMusicalContext &gt; 基本プロパティ &gt; Key (E Minor - Sharp) &gt; contextNameが生成される" time="0.000135764">
        </testcase>
        <testcase classname="src/domain/common/test/AbstractMusicalContext.test.ts" name="AbstractMusicalContext &gt; 基本プロパティ &gt; Key (E Minor - Sharp) &gt; shortNameが生成される" time="0.000108824">
        </testcase>
        <testcase classname="src/domain/common/test/AbstractMusicalContext.test.ts" name="AbstractMusicalContext &gt; 基本プロパティ &gt; Key (D Minor - Flat) &gt; centerPitchが正しく設定されている" time="0.000081823">
        </testcase>
        <testcase classname="src/domain/common/test/AbstractMusicalContext.test.ts" name="AbstractMusicalContext &gt; 基本プロパティ &gt; Key (D Minor - Flat) &gt; scaleが正しく設定されている" time="0.000079348">
        </testcase>
        <testcase classname="src/domain/common/test/AbstractMusicalContext.test.ts" name="AbstractMusicalContext &gt; 基本プロパティ &gt; Key (D Minor - Flat) &gt; contextNameが生成される" time="0.000089117">
        </testcase>
        <testcase classname="src/domain/common/test/AbstractMusicalContext.test.ts" name="AbstractMusicalContext &gt; 基本プロパティ &gt; Key (D Minor - Flat) &gt; shortNameが生成される" time="0.000090199">
        </testcase>
        <testcase classname="src/domain/common/test/AbstractMusicalContext.test.ts" name="AbstractMusicalContext &gt; 基本プロパティ &gt; ModalContext (D Dorian) &gt; centerPitchが正しく設定されている" time="0.000095119">
        </testcase>
        <testcase classname="src/domain/common/test/AbstractMusicalContext.test.ts" name="AbstractMusicalContext &gt; 基本プロパティ &gt; ModalContext (D Dorian) &gt; scaleが正しく設定されている" time="0.000068398">
        </testcase>
        <testcase classname="src/domain/common/test/AbstractMusicalContext.test.ts" name="AbstractMusicalContext &gt; 基本プロパティ &gt; ModalContext (D Dorian) &gt; contextNameが生成される" time="0.000079489">
        </testcase>
        <testcase classname="src/domain/common/test/AbstractMusicalContext.test.ts" name="AbstractMusicalContext &gt; 基本プロパティ &gt; ModalContext (D Dorian) &gt; shortNameが生成される" time="0.000081583">
        </testcase>
        <testcase classname="src/domain/common/test/AbstractMusicalContext.test.ts" name="AbstractMusicalContext &gt; 基本プロパティ &gt; ModalContext (E Phrygian) &gt; centerPitchが正しく設定されている" time="0.000075061">
        </testcase>
        <testcase classname="src/domain/common/test/AbstractMusicalContext.test.ts" name="AbstractMusicalContext &gt; 基本プロパティ &gt; ModalContext (E Phrygian) &gt; scaleが正しく設定されている" time="0.000067737">
        </testcase>
        <testcase classname="src/domain/common/test/AbstractMusicalContext.test.ts" name="AbstractMusicalContext &gt; 基本プロパティ &gt; ModalContext (E Phrygian) &gt; contextNameが生成される" time="0.000073939">
        </testcase>
        <testcase classname="src/domain/common/test/AbstractMusicalContext.test.ts" name="AbstractMusicalContext &gt; 基本プロパティ &gt; ModalContext (E Phrygian) &gt; shortNameが生成される" time="0.000072046">
        </testcase>
        <testcase classname="src/domain/common/test/AbstractMusicalContext.test.ts" name="AbstractMusicalContext &gt; 基本プロパティ &gt; ModalContext (F Lydian) &gt; centerPitchが正しく設定されている" time="0.000134392">
        </testcase>
        <testcase classname="src/domain/common/test/AbstractMusicalContext.test.ts" name="AbstractMusicalContext &gt; 基本プロパティ &gt; ModalContext (F Lydian) &gt; scaleが正しく設定されている" time="0.000179888">
        </testcase>
        <testcase classname="src/domain/common/test/AbstractMusicalContext.test.ts" name="AbstractMusicalContext &gt; 基本プロパティ &gt; ModalContext (F Lydian) &gt; contextNameが生成される" time="0.000220944">
        </testcase>
        <testcase classname="src/domain/common/test/AbstractMusicalContext.test.ts" name="AbstractMusicalContext &gt; 基本プロパティ &gt; ModalContext (F Lydian) &gt; shortNameが生成される" time="0.000147016">
        </testcase>
        <testcase classname="src/domain/common/test/AbstractMusicalContext.test.ts" name="AbstractMusicalContext &gt; 基本プロパティ &gt; ModalContext (G Mixolydian) &gt; centerPitchが正しく設定されている" time="0.000155812">
        </testcase>
        <testcase classname="src/domain/common/test/AbstractMusicalContext.test.ts" name="AbstractMusicalContext &gt; 基本プロパティ &gt; ModalContext (G Mixolydian) &gt; scaleが正しく設定されている" time="0.000151685">
        </testcase>
        <testcase classname="src/domain/common/test/AbstractMusicalContext.test.ts" name="AbstractMusicalContext &gt; 基本プロパティ &gt; ModalContext (G Mixolydian) &gt; contextNameが生成される" time="0.000126508">
        </testcase>
        <testcase classname="src/domain/common/test/AbstractMusicalContext.test.ts" name="AbstractMusicalContext &gt; 基本プロパティ &gt; ModalContext (G Mixolydian) &gt; shortNameが生成される" time="0.000097152">
        </testcase>
        <testcase classname="src/domain/common/test/AbstractMusicalContext.test.ts" name="AbstractMusicalContext &gt; buildTriad - 三和音構築機能 &gt; Key (C Major) &gt; 1-7度の三和音を構築できる" time="0.002535324">
        </testcase>
        <testcase classname="src/domain/common/test/AbstractMusicalContext.test.ts" name="AbstractMusicalContext &gt; buildTriad - 三和音構築機能 &gt; Key (C Major) &gt; 範囲外の度数でエラーが投げられる" time="0.000632146">
        </testcase>
        <testcase classname="src/domain/common/test/AbstractMusicalContext.test.ts" name="AbstractMusicalContext &gt; buildTriad - 三和音構築機能 &gt; Key (G Major - Sharp) &gt; 1-7度の三和音を構築できる" time="0.001267648">
        </testcase>
        <testcase classname="src/domain/common/test/AbstractMusicalContext.test.ts" name="AbstractMusicalContext &gt; buildTriad - 三和音構築機能 &gt; Key (G Major - Sharp) &gt; 範囲外の度数でエラーが投げられる" time="0.000463118">
        </testcase>
        <testcase classname="src/domain/common/test/AbstractMusicalContext.test.ts" name="AbstractMusicalContext &gt; buildTriad - 三和音構築機能 &gt; Key (F Major - Flat) &gt; 1-7度の三和音を構築できる" time="0.001217243">
        </testcase>
        <testcase classname="src/domain/common/test/AbstractMusicalContext.test.ts" name="AbstractMusicalContext &gt; buildTriad - 三和音構築機能 &gt; Key (F Major - Flat) &gt; 範囲外の度数でエラーが投げられる" time="0.000391093">
        </testcase>
        <testcase classname="src/domain/common/test/AbstractMusicalContext.test.ts" name="AbstractMusicalContext &gt; buildTriad - 三和音構築機能 &gt; Key (A Minor) &gt; 1-7度の三和音を構築できる" time="0.000687139">
        </testcase>
        <testcase classname="src/domain/common/test/AbstractMusicalContext.test.ts" name="AbstractMusicalContext &gt; buildTriad - 三和音構築機能 &gt; Key (A Minor) &gt; 範囲外の度数でエラーが投げられる" time="0.000236113">
        </testcase>
        <testcase classname="src/domain/common/test/AbstractMusicalContext.test.ts" name="AbstractMusicalContext &gt; buildTriad - 三和音構築機能 &gt; Key (E Minor - Sharp) &gt; 1-7度の三和音を構築できる" time="0.000582662">
        </testcase>
        <testcase classname="src/domain/common/test/AbstractMusicalContext.test.ts" name="AbstractMusicalContext &gt; buildTriad - 三和音構築機能 &gt; Key (E Minor - Sharp) &gt; 範囲外の度数でエラーが投げられる" time="0.000238628">
        </testcase>
        <testcase classname="src/domain/common/test/AbstractMusicalContext.test.ts" name="AbstractMusicalContext &gt; buildTriad - 三和音構築機能 &gt; Key (D Minor - Flat) &gt; 1-7度の三和音を構築できる" time="0.000552336">
        </testcase>
        <testcase classname="src/domain/common/test/AbstractMusicalContext.test.ts" name="AbstractMusicalContext &gt; buildTriad - 三和音構築機能 &gt; Key (D Minor - Flat) &gt; 範囲外の度数でエラーが投げられる" time="0.000228389">
        </testcase>
        <testcase classname="src/domain/common/test/AbstractMusicalContext.test.ts" name="AbstractMusicalContext &gt; buildTriad - 三和音構築機能 &gt; ModalContext (D Dorian) &gt; 1-7度の三和音を構築できる" time="0.000561674">
        </testcase>
        <testcase classname="src/domain/common/test/AbstractMusicalContext.test.ts" name="AbstractMusicalContext &gt; buildTriad - 三和音構築機能 &gt; ModalContext (D Dorian) &gt; 範囲外の度数でエラーが投げられる" time="0.000230182">
        </testcase>
        <testcase classname="src/domain/common/test/AbstractMusicalContext.test.ts" name="AbstractMusicalContext &gt; buildTriad - 三和音構築機能 &gt; ModalContext (E Phrygian) &gt; 1-7度の三和音を構築できる" time="0.000558016">
        </testcase>
        <testcase classname="src/domain/common/test/AbstractMusicalContext.test.ts" name="AbstractMusicalContext &gt; buildTriad - 三和音構築機能 &gt; ModalContext (E Phrygian) &gt; 範囲外の度数でエラーが投げられる" time="0.000313017">
        </testcase>
        <testcase classname="src/domain/common/test/AbstractMusicalContext.test.ts" name="AbstractMusicalContext &gt; buildTriad - 三和音構築機能 &gt; ModalContext (F Lydian) &gt; 1-7度の三和音を構築できる" time="0.000727865">
        </testcase>
        <testcase classname="src/domain/common/test/AbstractMusicalContext.test.ts" name="AbstractMusicalContext &gt; buildTriad - 三和音構築機能 &gt; ModalContext (F Lydian) &gt; 範囲外の度数でエラーが投げられる" time="0.000400401">
        </testcase>
        <testcase classname="src/domain/common/test/AbstractMusicalContext.test.ts" name="AbstractMusicalContext &gt; buildTriad - 三和音構築機能 &gt; ModalContext (G Mixolydian) &gt; 1-7度の三和音を構築できる" time="0.000925796">
        </testcase>
        <testcase classname="src/domain/common/test/AbstractMusicalContext.test.ts" name="AbstractMusicalContext &gt; buildTriad - 三和音構築機能 &gt; ModalContext (G Mixolydian) &gt; 範囲外の度数でエラーが投げられる" time="0.000360235">
        </testcase>
        <testcase classname="src/domain/common/test/AbstractMusicalContext.test.ts" name="AbstractMusicalContext &gt; diatonicChords - ダイアトニック和音配列 &gt; 特定キーの完全一致検証 &gt; 正常ケース: C Majorの7つのダイアトニック和音を完全検証" time="0.000459411">
        </testcase>
        <testcase classname="src/domain/common/test/AbstractMusicalContext.test.ts" name="AbstractMusicalContext &gt; diatonicChords - ダイアトニック和音配列 &gt; 特定キーの完全一致検証 &gt; 正常ケース: A Minorの7つのダイアトニック和音を完全検証" time="0.000331361">
        </testcase>
        <testcase classname="src/domain/common/test/AbstractMusicalContext.test.ts" name="AbstractMusicalContext &gt; diatonicChords - ダイアトニック和音配列 &gt; 特定キーの完全一致検証 &gt; 正常ケース: G Majorの7つのダイアトニック和音を完全検証" time="0.000324439">
        </testcase>
        <testcase classname="src/domain/common/test/AbstractMusicalContext.test.ts" name="AbstractMusicalContext &gt; diatonicChords - ダイアトニック和音配列 &gt; Key (C Major) &gt; 正常ケース: 7つのダイアトニック和音を返す" time="0.00050135">
        </testcase>
        <testcase classname="src/domain/common/test/AbstractMusicalContext.test.ts" name="AbstractMusicalContext &gt; diatonicChords - ダイアトニック和音配列 &gt; Key (C Major) &gt; 正常ケース: キャッシュ機能が動作する（同一インスタンスを返す）" time="0.000089037">
        </testcase>
        <testcase classname="src/domain/common/test/AbstractMusicalContext.test.ts" name="AbstractMusicalContext &gt; diatonicChords - ダイアトニック和音配列 &gt; Key (C Major) &gt; 正常ケース: 結果がフリーズされている（immutable）" time="0.000084739">
        </testcase>
        <testcase classname="src/domain/common/test/AbstractMusicalContext.test.ts" name="AbstractMusicalContext &gt; diatonicChords - ダイアトニック和音配列 &gt; Key (C Major) &gt; 正常ケース: 各和音が有効なコード名を持つ" time="0.000500979">
        </testcase>
        <testcase classname="src/domain/common/test/AbstractMusicalContext.test.ts" name="AbstractMusicalContext &gt; diatonicChords - ダイアトニック和音配列 &gt; Key (G Major - Sharp) &gt; 正常ケース: 7つのダイアトニック和音を返す" time="0.0004853">
        </testcase>
        <testcase classname="src/domain/common/test/AbstractMusicalContext.test.ts" name="AbstractMusicalContext &gt; diatonicChords - ダイアトニック和音配列 &gt; Key (G Major - Sharp) &gt; 正常ケース: キャッシュ機能が動作する（同一インスタンスを返す）" time="0.000058961">
        </testcase>
        <testcase classname="src/domain/common/test/AbstractMusicalContext.test.ts" name="AbstractMusicalContext &gt; diatonicChords - ダイアトニック和音配列 &gt; Key (G Major - Sharp) &gt; 正常ケース: 結果がフリーズされている（immutable）" time="0.000052749">
        </testcase>
        <testcase classname="src/domain/common/test/AbstractMusicalContext.test.ts" name="AbstractMusicalContext &gt; diatonicChords - ダイアトニック和音配列 &gt; Key (G Major - Sharp) &gt; 正常ケース: 各和音が有効なコード名を持つ" time="0.000322325">
        </testcase>
        <testcase classname="src/domain/common/test/AbstractMusicalContext.test.ts" name="AbstractMusicalContext &gt; diatonicChords - ダイアトニック和音配列 &gt; Key (F Major - Flat) &gt; 正常ケース: 7つのダイアトニック和音を返す" time="0.000411872">
        </testcase>
        <testcase classname="src/domain/common/test/AbstractMusicalContext.test.ts" name="AbstractMusicalContext &gt; diatonicChords - ダイアトニック和音配列 &gt; Key (F Major - Flat) &gt; 正常ケース: キャッシュ機能が動作する（同一インスタンスを返す）" time="0.00005862">
        </testcase>
        <testcase classname="src/domain/common/test/AbstractMusicalContext.test.ts" name="AbstractMusicalContext &gt; diatonicChords - ダイアトニック和音配列 &gt; Key (F Major - Flat) &gt; 正常ケース: 結果がフリーズされている（immutable）" time="0.000050404">
        </testcase>
        <testcase classname="src/domain/common/test/AbstractMusicalContext.test.ts" name="AbstractMusicalContext &gt; diatonicChords - ダイアトニック和音配列 &gt; Key (F Major - Flat) &gt; 正常ケース: 各和音が有効なコード名を持つ" time="0.000297478">
        </testcase>
        <testcase classname="src/domain/common/test/AbstractMusicalContext.test.ts" name="AbstractMusicalContext &gt; diatonicChords - ダイアトニック和音配列 &gt; Key (A Minor) &gt; 正常ケース: 7つのダイアトニック和音を返す" time="0.002492484">
        </testcase>
        <testcase classname="src/domain/common/test/AbstractMusicalContext.test.ts" name="AbstractMusicalContext &gt; diatonicChords - ダイアトニック和音配列 &gt; Key (A Minor) &gt; 正常ケース: キャッシュ機能が動作する（同一インスタンスを返す）" time="0.000105969">
        </testcase>
        <testcase classname="src/domain/common/test/AbstractMusicalContext.test.ts" name="AbstractMusicalContext &gt; diatonicChords - ダイアトニック和音配列 &gt; Key (A Minor) &gt; 正常ケース: 結果がフリーズされている（immutable）" time="0.000093275">
        </testcase>
        <testcase classname="src/domain/common/test/AbstractMusicalContext.test.ts" name="AbstractMusicalContext &gt; diatonicChords - ダイアトニック和音配列 &gt; Key (A Minor) &gt; 正常ケース: 各和音が有効なコード名を持つ" time="0.000544601">
        </testcase>
        <testcase classname="src/domain/common/test/AbstractMusicalContext.test.ts" name="AbstractMusicalContext &gt; diatonicChords - ダイアトニック和音配列 &gt; Key (E Minor - Sharp) &gt; 正常ケース: 7つのダイアトニック和音を返す" time="0.00062918">
        </testcase>
        <testcase classname="src/domain/common/test/AbstractMusicalContext.test.ts" name="AbstractMusicalContext &gt; diatonicChords - ダイアトニック和音配列 &gt; Key (E Minor - Sharp) &gt; 正常ケース: キャッシュ機能が動作する（同一インスタンスを返す）" time="0.000084879">
        </testcase>
        <testcase classname="src/domain/common/test/AbstractMusicalContext.test.ts" name="AbstractMusicalContext &gt; diatonicChords - ダイアトニック和音配列 &gt; Key (E Minor - Sharp) &gt; 正常ケース: 結果がフリーズされている（immutable）" time="0.000120977">
        </testcase>
        <testcase classname="src/domain/common/test/AbstractMusicalContext.test.ts" name="AbstractMusicalContext &gt; diatonicChords - ダイアトニック和音配列 &gt; Key (E Minor - Sharp) &gt; 正常ケース: 各和音が有効なコード名を持つ" time="0.000518523">
        </testcase>
        <testcase classname="src/domain/common/test/AbstractMusicalContext.test.ts" name="AbstractMusicalContext &gt; diatonicChords - ダイアトニック和音配列 &gt; Key (D Minor - Flat) &gt; 正常ケース: 7つのダイアトニック和音を返す" time="0.000695765">
        </testcase>
        <testcase classname="src/domain/common/test/AbstractMusicalContext.test.ts" name="AbstractMusicalContext &gt; diatonicChords - ダイアトニック和音配列 &gt; Key (D Minor - Flat) &gt; 正常ケース: キャッシュ機能が動作する（同一インスタンスを返す）" time="0.000111559">
        </testcase>
        <testcase classname="src/domain/common/test/AbstractMusicalContext.test.ts" name="AbstractMusicalContext &gt; diatonicChords - ダイアトニック和音配列 &gt; Key (D Minor - Flat) &gt; 正常ケース: 結果がフリーズされている（immutable）" time="0.000094137">
        </testcase>
        <testcase classname="src/domain/common/test/AbstractMusicalContext.test.ts" name="AbstractMusicalContext &gt; diatonicChords - ダイアトニック和音配列 &gt; Key (D Minor - Flat) &gt; 正常ケース: 各和音が有効なコード名を持つ" time="0.000555923">
        </testcase>
        <testcase classname="src/domain/common/test/AbstractMusicalContext.test.ts" name="AbstractMusicalContext &gt; diatonicChords - ダイアトニック和音配列 &gt; ModalContext (D Dorian) &gt; 正常ケース: 7つのダイアトニック和音を返す" time="0.000718748">
        </testcase>
        <testcase classname="src/domain/common/test/AbstractMusicalContext.test.ts" name="AbstractMusicalContext &gt; diatonicChords - ダイアトニック和音配列 &gt; ModalContext (D Dorian) &gt; 正常ケース: キャッシュ機能が動作する（同一インスタンスを返す）" time="0.000088516">
        </testcase>
        <testcase classname="src/domain/common/test/AbstractMusicalContext.test.ts" name="AbstractMusicalContext &gt; diatonicChords - ダイアトニック和音配列 &gt; ModalContext (D Dorian) &gt; 正常ケース: 結果がフリーズされている（immutable）" time="0.000105318">
        </testcase>
        <testcase classname="src/domain/common/test/AbstractMusicalContext.test.ts" name="AbstractMusicalContext &gt; diatonicChords - ダイアトニック和音配列 &gt; ModalContext (D Dorian) &gt; 正常ケース: 各和音が有効なコード名を持つ" time="0.000534493">
        </testcase>
        <testcase classname="src/domain/common/test/AbstractMusicalContext.test.ts" name="AbstractMusicalContext &gt; diatonicChords - ダイアトニック和音配列 &gt; ModalContext (E Phrygian) &gt; 正常ケース: 7つのダイアトニック和音を返す" time="0.000765044">
        </testcase>
        <testcase classname="src/domain/common/test/AbstractMusicalContext.test.ts" name="AbstractMusicalContext &gt; diatonicChords - ダイアトニック和音配列 &gt; ModalContext (E Phrygian) &gt; 正常ケース: キャッシュ機能が動作する（同一インスタンスを返す）" time="0.000091211">
        </testcase>
        <testcase classname="src/domain/common/test/AbstractMusicalContext.test.ts" name="AbstractMusicalContext &gt; diatonicChords - ダイアトニック和音配列 &gt; ModalContext (E Phrygian) &gt; 正常ケース: 結果がフリーズされている（immutable）" time="0.000079739">
        </testcase>
        <testcase classname="src/domain/common/test/AbstractMusicalContext.test.ts" name="AbstractMusicalContext &gt; diatonicChords - ダイアトニック和音配列 &gt; ModalContext (E Phrygian) &gt; 正常ケース: 各和音が有効なコード名を持つ" time="0.000550933">
        </testcase>
        <testcase classname="src/domain/common/test/AbstractMusicalContext.test.ts" name="AbstractMusicalContext &gt; diatonicChords - ダイアトニック和音配列 &gt; ModalContext (F Lydian) &gt; 正常ケース: 7つのダイアトニック和音を返す" time="0.000754255">
        </testcase>
        <testcase classname="src/domain/common/test/AbstractMusicalContext.test.ts" name="AbstractMusicalContext &gt; diatonicChords - ダイアトニック和音配列 &gt; ModalContext (F Lydian) &gt; 正常ケース: キャッシュ機能が動作する（同一インスタンスを返す）" time="0.000156964">
        </testcase>
        <testcase classname="src/domain/common/test/AbstractMusicalContext.test.ts" name="AbstractMusicalContext &gt; diatonicChords - ダイアトニック和音配列 &gt; ModalContext (F Lydian) &gt; 正常ケース: 結果がフリーズされている（immutable）" time="0.000109305">
        </testcase>
        <testcase classname="src/domain/common/test/AbstractMusicalContext.test.ts" name="AbstractMusicalContext &gt; diatonicChords - ダイアトニック和音配列 &gt; ModalContext (F Lydian) &gt; 正常ケース: 各和音が有効なコード名を持つ" time="0.00057604">
        </testcase>
        <testcase classname="src/domain/common/test/AbstractMusicalContext.test.ts" name="AbstractMusicalContext &gt; diatonicChords - ダイアトニック和音配列 &gt; ModalContext (G Mixolydian) &gt; 正常ケース: 7つのダイアトニック和音を返す" time="0.000723146">
        </testcase>
        <testcase classname="src/domain/common/test/AbstractMusicalContext.test.ts" name="AbstractMusicalContext &gt; diatonicChords - ダイアトニック和音配列 &gt; ModalContext (G Mixolydian) &gt; 正常ケース: キャッシュ機能が動作する（同一インスタンスを返す）" time="0.000088406">
        </testcase>
        <testcase classname="src/domain/common/test/AbstractMusicalContext.test.ts" name="AbstractMusicalContext &gt; diatonicChords - ダイアトニック和音配列 &gt; ModalContext (G Mixolydian) &gt; 正常ケース: 結果がフリーズされている（immutable）" time="0.000082234">
        </testcase>
        <testcase classname="src/domain/common/test/AbstractMusicalContext.test.ts" name="AbstractMusicalContext &gt; diatonicChords - ダイアトニック和音配列 &gt; ModalContext (G Mixolydian) &gt; 正常ケース: 各和音が有効なコード名を持つ" time="0.000534673">
        </testcase>
        <testcase classname="src/domain/common/test/AbstractMusicalContext.test.ts" name="AbstractMusicalContext &gt; analyzeChord - 和音分析機能 &gt; 特定キーの分析結果完全検証 &gt; 正常ケース: C Majorの各ダイアトニック和音分析を完全検証" time="0.001222392">
        </testcase>
        <testcase classname="src/domain/common/test/AbstractMusicalContext.test.ts" name="AbstractMusicalContext &gt; analyzeChord - 和音分析機能 &gt; 特定キーの分析結果完全検証 &gt; 正常ケース: A Minorの各ダイアトニック和音分析を完全検証" time="0.000703739">
        </testcase>
        <testcase classname="src/domain/common/test/AbstractMusicalContext.test.ts" name="AbstractMusicalContext &gt; analyzeChord - 和音分析機能 &gt; Key (C Major) &gt; 正常ケース: ダイアトニック和音の分析結果構造を検証" time="0.000331242">
        </testcase>
        <testcase classname="src/domain/common/test/AbstractMusicalContext.test.ts" name="AbstractMusicalContext &gt; analyzeChord - 和音分析機能 &gt; Key (C Major) &gt; 正常ケース: 全ダイアトニック和音が正しく分析される" time="0.001234565">
        </testcase>
        <testcase classname="src/domain/common/test/AbstractMusicalContext.test.ts" name="AbstractMusicalContext &gt; analyzeChord - 和音分析機能 &gt; Key (C Major) &gt; 正常ケース: 和音分析結果の詳細プロパティを検証" time="0.002004519">
        </testcase>
        <testcase classname="src/domain/common/test/AbstractMusicalContext.test.ts" name="AbstractMusicalContext &gt; analyzeChord - 和音分析機能 &gt; Key (G Major - Sharp) &gt; 正常ケース: ダイアトニック和音の分析結果構造を検証" time="0.000272381">
        </testcase>
        <testcase classname="src/domain/common/test/AbstractMusicalContext.test.ts" name="AbstractMusicalContext &gt; analyzeChord - 和音分析機能 &gt; Key (G Major - Sharp) &gt; 正常ケース: 全ダイアトニック和音が正しく分析される" time="0.00083187">
        </testcase>
        <testcase classname="src/domain/common/test/AbstractMusicalContext.test.ts" name="AbstractMusicalContext &gt; analyzeChord - 和音分析機能 &gt; Key (G Major - Sharp) &gt; 正常ケース: 和音分析結果の詳細プロパティを検証" time="0.004858882">
        </testcase>
        <testcase classname="src/domain/common/test/AbstractMusicalContext.test.ts" name="AbstractMusicalContext &gt; analyzeChord - 和音分析機能 &gt; Key (F Major - Flat) &gt; 正常ケース: ダイアトニック和音の分析結果構造を検証" time="0.000207809">
        </testcase>
        <testcase classname="src/domain/common/test/AbstractMusicalContext.test.ts" name="AbstractMusicalContext &gt; analyzeChord - 和音分析機能 &gt; Key (F Major - Flat) &gt; 正常ケース: 全ダイアトニック和音が正しく分析される" time="0.000635061">
        </testcase>
        <testcase classname="src/domain/common/test/AbstractMusicalContext.test.ts" name="AbstractMusicalContext &gt; analyzeChord - 和音分析機能 &gt; Key (F Major - Flat) &gt; 正常ケース: 和音分析結果の詳細プロパティを検証" time="0.002972064">
        </testcase>
        <testcase classname="src/domain/common/test/AbstractMusicalContext.test.ts" name="AbstractMusicalContext &gt; analyzeChord - 和音分析機能 &gt; Key (A Minor) &gt; 正常ケース: ダイアトニック和音の分析結果構造を検証" time="0.000248777">
        </testcase>
        <testcase classname="src/domain/common/test/AbstractMusicalContext.test.ts" name="AbstractMusicalContext &gt; analyzeChord - 和音分析機能 &gt; Key (A Minor) &gt; 正常ケース: 全ダイアトニック和音が正しく分析される" time="0.000680195">
        </testcase>
        <testcase classname="src/domain/common/test/AbstractMusicalContext.test.ts" name="AbstractMusicalContext &gt; analyzeChord - 和音分析機能 &gt; Key (A Minor) &gt; 正常ケース: 和音分析結果の詳細プロパティを検証" time="0.001667196">
        </testcase>
        <testcase classname="src/domain/common/test/AbstractMusicalContext.test.ts" name="AbstractMusicalContext &gt; analyzeChord - 和音分析機能 &gt; Key (E Minor - Sharp) &gt; 正常ケース: ダイアトニック和音の分析結果構造を検証" time="0.000193342">
        </testcase>
        <testcase classname="src/domain/common/test/AbstractMusicalContext.test.ts" name="AbstractMusicalContext &gt; analyzeChord - 和音分析機能 &gt; Key (E Minor - Sharp) &gt; 正常ケース: 全ダイアトニック和音が正しく分析される" time="0.000696016">
        </testcase>
        <testcase classname="src/domain/common/test/AbstractMusicalContext.test.ts" name="AbstractMusicalContext &gt; analyzeChord - 和音分析機能 &gt; Key (E Minor - Sharp) &gt; 正常ケース: 和音分析結果の詳細プロパティを検証" time="0.001589742">
        </testcase>
        <testcase classname="src/domain/common/test/AbstractMusicalContext.test.ts" name="AbstractMusicalContext &gt; analyzeChord - 和音分析機能 &gt; Key (D Minor - Flat) &gt; 正常ケース: ダイアトニック和音の分析結果構造を検証" time="0.000200867">
        </testcase>
        <testcase classname="src/domain/common/test/AbstractMusicalContext.test.ts" name="AbstractMusicalContext &gt; analyzeChord - 和音分析機能 &gt; Key (D Minor - Flat) &gt; 正常ケース: 全ダイアトニック和音が正しく分析される" time="0.000678232">
        </testcase>
        <testcase classname="src/domain/common/test/AbstractMusicalContext.test.ts" name="AbstractMusicalContext &gt; analyzeChord - 和音分析機能 &gt; Key (D Minor - Flat) &gt; 正常ケース: 和音分析結果の詳細プロパティを検証" time="0.002056336">
        </testcase>
        <testcase classname="src/domain/common/test/AbstractMusicalContext.test.ts" name="AbstractMusicalContext &gt; analyzeChord - 和音分析機能 &gt; ModalContext (D Dorian) &gt; 正常ケース: ダイアトニック和音の分析結果構造を検証" time="0.0002451">
        </testcase>
        <testcase classname="src/domain/common/test/AbstractMusicalContext.test.ts" name="AbstractMusicalContext &gt; analyzeChord - 和音分析機能 &gt; ModalContext (D Dorian) &gt; 正常ケース: 全ダイアトニック和音が正しく分析される" time="0.007787846">
        </testcase>
        <testcase classname="src/domain/common/test/AbstractMusicalContext.test.ts" name="AbstractMusicalContext &gt; analyzeChord - 和音分析機能 &gt; ModalContext (D Dorian) &gt; 正常ケース: 和音分析結果の詳細プロパティを検証" time="0.002101041">
        </testcase>
        <testcase classname="src/domain/common/test/AbstractMusicalContext.test.ts" name="AbstractMusicalContext &gt; analyzeChord - 和音分析機能 &gt; ModalContext (E Phrygian) &gt; 正常ケース: ダイアトニック和音の分析結果構造を検証" time="0.00024557">
        </testcase>
        <testcase classname="src/domain/common/test/AbstractMusicalContext.test.ts" name="AbstractMusicalContext &gt; analyzeChord - 和音分析機能 &gt; ModalContext (E Phrygian) &gt; 正常ケース: 全ダイアトニック和音が正しく分析される" time="0.000862677">
        </testcase>
        <testcase classname="src/domain/common/test/AbstractMusicalContext.test.ts" name="AbstractMusicalContext &gt; analyzeChord - 和音分析機能 &gt; ModalContext (E Phrygian) &gt; 正常ケース: 和音分析結果の詳細プロパティを検証" time="0.002013335">
        </testcase>
        <testcase classname="src/domain/common/test/AbstractMusicalContext.test.ts" name="AbstractMusicalContext &gt; analyzeChord - 和音分析機能 &gt; ModalContext (F Lydian) &gt; 正常ケース: ダイアトニック和音の分析結果構造を検証" time="0.00027702">
        </testcase>
        <testcase classname="src/domain/common/test/AbstractMusicalContext.test.ts" name="AbstractMusicalContext &gt; analyzeChord - 和音分析機能 &gt; ModalContext (F Lydian) &gt; 正常ケース: 全ダイアトニック和音が正しく分析される" time="0.000809157">
        </testcase>
        <testcase classname="src/domain/common/test/AbstractMusicalContext.test.ts" name="AbstractMusicalContext &gt; analyzeChord - 和音分析機能 &gt; ModalContext (F Lydian) &gt; 正常ケース: 和音分析結果の詳細プロパティを検証" time="0.0020051">
        </testcase>
        <testcase classname="src/domain/common/test/AbstractMusicalContext.test.ts" name="AbstractMusicalContext &gt; analyzeChord - 和音分析機能 &gt; ModalContext (G Mixolydian) &gt; 正常ケース: ダイアトニック和音の分析結果構造を検証" time="0.000258825">
        </testcase>
        <testcase classname="src/domain/common/test/AbstractMusicalContext.test.ts" name="AbstractMusicalContext &gt; analyzeChord - 和音分析機能 &gt; ModalContext (G Mixolydian) &gt; 正常ケース: 全ダイアトニック和音が正しく分析される" time="0.00086354">
        </testcase>
        <testcase classname="src/domain/common/test/AbstractMusicalContext.test.ts" name="AbstractMusicalContext &gt; analyzeChord - 和音分析機能 &gt; ModalContext (G Mixolydian) &gt; 正常ケース: 和音分析結果の詳細プロパティを検証" time="0.001991524">
        </testcase>
        <testcase classname="src/domain/common/test/AbstractMusicalContext.test.ts" name="AbstractMusicalContext &gt; analyzeChord - 和音分析機能 &gt; ノンダイアトニック和音の分析 &gt; 正常ケース: C Majorにおけるセカンダリードミナント（V/V = D major）の分析" time="0.000621596">
        </testcase>
        <testcase classname="src/domain/common/test/AbstractMusicalContext.test.ts" name="AbstractMusicalContext &gt; analyzeChord - 和音分析機能 &gt; ノンダイアトニック和音の分析 &gt; 正常ケース: A Minorにおけるナポリタン6度（♭Ⅱ = B♭ major）の分析" time="0.000531457">
        </testcase>
        <testcase classname="src/domain/common/test/AbstractMusicalContext.test.ts" name="AbstractMusicalContext &gt; analyzeChord - 和音分析機能 &gt; ノンダイアトニック和音の分析 &gt; 正常ケース: C Majorにおける借用和音（ⅵ♭ = A♭ major）の分析" time="0.000473608">
        </testcase>
        <testcase classname="src/domain/common/test/AbstractMusicalContext.test.ts" name="AbstractMusicalContext &gt; analyzeChord - 和音分析機能 &gt; ノンダイアトニック和音の分析 &gt; 正常ケース: G Majorにおけるクロマチック和音（F diminished）の分析" time="0.000427492">
        </testcase>
        <testcase classname="src/domain/common/test/AbstractMusicalContext.test.ts" name="AbstractMusicalContext &gt; analyzeChord - 和音分析機能 &gt; ノンダイアトニック和音の分析 &gt; 正常ケース: F Majorにおける増六和音（ドイツ増六 = D♭ major）の分析" time="0.000437761">
        </testcase>
        <testcase classname="src/domain/common/test/AbstractMusicalContext.test.ts" name="AbstractMusicalContext &gt; analyzeChord - 和音分析機能 &gt; ノンダイアトニック和音の分析 &gt; Key (C Major) - ノンダイアトニック和音 &gt; 正常ケース: 完全に異なる調の和音をfalseと分析" time="0.000431329">
        </testcase>
        <testcase classname="src/domain/common/test/AbstractMusicalContext.test.ts" name="AbstractMusicalContext &gt; analyzeChord - 和音分析機能 &gt; ノンダイアトニック和音の分析 &gt; Key (C Major) - ノンダイアトニック和音 &gt; 正常ケース: 異なるクオリティの同じルート音和音をfalseと分析" time="0.000331091">
        </testcase>
        <testcase classname="src/domain/common/test/AbstractMusicalContext.test.ts" name="AbstractMusicalContext &gt; analyzeChord - 和音分析機能 &gt; ノンダイアトニック和音の分析 &gt; Key (C Major) - ノンダイアトニック和音 &gt; 正常ケース: ノンダイアトニック和音の分析結果構造検証" time="0.000407414">
        </testcase>
        <testcase classname="src/domain/common/test/AbstractMusicalContext.test.ts" name="AbstractMusicalContext &gt; analyzeChord - 和音分析機能 &gt; ノンダイアトニック和音の分析 &gt; Key (G Major - Sharp) - ノンダイアトニック和音 &gt; 正常ケース: 完全に異なる調の和音をfalseと分析" time="0.000305433">
        </testcase>
        <testcase classname="src/domain/common/test/AbstractMusicalContext.test.ts" name="AbstractMusicalContext &gt; analyzeChord - 和音分析機能 &gt; ノンダイアトニック和音の分析 &gt; Key (G Major - Sharp) - ノンダイアトニック和音 &gt; 正常ケース: 異なるクオリティの同じルート音和音をfalseと分析" time="0.000254838">
        </testcase>
        <testcase classname="src/domain/common/test/AbstractMusicalContext.test.ts" name="AbstractMusicalContext &gt; analyzeChord - 和音分析機能 &gt; ノンダイアトニック和音の分析 &gt; Key (G Major - Sharp) - ノンダイアトニック和音 &gt; 正常ケース: ノンダイアトニック和音の分析結果構造検証" time="0.000354344">
        </testcase>
        <testcase classname="src/domain/common/test/AbstractMusicalContext.test.ts" name="AbstractMusicalContext &gt; analyzeChord - 和音分析機能 &gt; ノンダイアトニック和音の分析 &gt; Key (F Major - Flat) - ノンダイアトニック和音 &gt; 正常ケース: 完全に異なる調の和音をfalseと分析" time="0.000291436">
        </testcase>
        <testcase classname="src/domain/common/test/AbstractMusicalContext.test.ts" name="AbstractMusicalContext &gt; analyzeChord - 和音分析機能 &gt; ノンダイアトニック和音の分析 &gt; Key (F Major - Flat) - ノンダイアトニック和音 &gt; 正常ケース: 異なるクオリティの同じルート音和音をfalseと分析" time="0.000253315">
        </testcase>
        <testcase classname="src/domain/common/test/AbstractMusicalContext.test.ts" name="AbstractMusicalContext &gt; analyzeChord - 和音分析機能 &gt; ノンダイアトニック和音の分析 &gt; Key (F Major - Flat) - ノンダイアトニック和音 &gt; 正常ケース: ノンダイアトニック和音の分析結果構造検証" time="0.000315181">
        </testcase>
        <testcase classname="src/domain/common/test/AbstractMusicalContext.test.ts" name="AbstractMusicalContext &gt; analyzeChord - 和音分析機能 &gt; ノンダイアトニック和音の分析 &gt; Key (A Minor) - ノンダイアトニック和音 &gt; 正常ケース: 完全に異なる調の和音をfalseと分析" time="0.000312296">
        </testcase>
        <testcase classname="src/domain/common/test/AbstractMusicalContext.test.ts" name="AbstractMusicalContext &gt; analyzeChord - 和音分析機能 &gt; ノンダイアトニック和音の分析 &gt; Key (A Minor) - ノンダイアトニック和音 &gt; 正常ケース: 異なるクオリティの同じルート音和音をfalseと分析" time="0.000219041">
        </testcase>
        <testcase classname="src/domain/common/test/AbstractMusicalContext.test.ts" name="AbstractMusicalContext &gt; analyzeChord - 和音分析機能 &gt; ノンダイアトニック和音の分析 &gt; Key (A Minor) - ノンダイアトニック和音 &gt; 正常ケース: ノンダイアトニック和音の分析結果構造検証" time="0.000331552">
        </testcase>
        <testcase classname="src/domain/common/test/AbstractMusicalContext.test.ts" name="AbstractMusicalContext &gt; analyzeChord - 和音分析機能 &gt; ノンダイアトニック和音の分析 &gt; Key (E Minor - Sharp) - ノンダイアトニック和音 &gt; 正常ケース: 完全に異なる調の和音をfalseと分析" time="0.000303639">
        </testcase>
        <testcase classname="src/domain/common/test/AbstractMusicalContext.test.ts" name="AbstractMusicalContext &gt; analyzeChord - 和音分析機能 &gt; ノンダイアトニック和音の分析 &gt; Key (E Minor - Sharp) - ノンダイアトニック和音 &gt; 正常ケース: 異なるクオリティの同じルート音和音をfalseと分析" time="0.000242375">
        </testcase>
        <testcase classname="src/domain/common/test/AbstractMusicalContext.test.ts" name="AbstractMusicalContext &gt; analyzeChord - 和音分析機能 &gt; ノンダイアトニック和音の分析 &gt; Key (E Minor - Sharp) - ノンダイアトニック和音 &gt; 正常ケース: ノンダイアトニック和音の分析結果構造検証" time="0.000326683">
        </testcase>
        <testcase classname="src/domain/common/test/AbstractMusicalContext.test.ts" name="AbstractMusicalContext &gt; analyzeChord - 和音分析機能 &gt; ノンダイアトニック和音の分析 &gt; Key (D Minor - Flat) - ノンダイアトニック和音 &gt; 正常ケース: 完全に異なる調の和音をfalseと分析" time="0.000290474">
        </testcase>
        <testcase classname="src/domain/common/test/AbstractMusicalContext.test.ts" name="AbstractMusicalContext &gt; analyzeChord - 和音分析機能 &gt; ノンダイアトニック和音の分析 &gt; Key (D Minor - Flat) - ノンダイアトニック和音 &gt; 正常ケース: 異なるクオリティの同じルート音和音をfalseと分析" time="0.000211266">
        </testcase>
        <testcase classname="src/domain/common/test/AbstractMusicalContext.test.ts" name="AbstractMusicalContext &gt; analyzeChord - 和音分析機能 &gt; ノンダイアトニック和音の分析 &gt; Key (D Minor - Flat) - ノンダイアトニック和音 &gt; 正常ケース: ノンダイアトニック和音の分析結果構造検証" time="0.000360676">
        </testcase>
        <testcase classname="src/domain/common/test/AbstractMusicalContext.test.ts" name="AbstractMusicalContext &gt; analyzeChord - 和音分析機能 &gt; ノンダイアトニック和音の分析 &gt; ModalContext (D Dorian) - ノンダイアトニック和音 &gt; 正常ケース: 完全に異なる調の和音をfalseと分析" time="0.00025038">
        </testcase>
        <testcase classname="src/domain/common/test/AbstractMusicalContext.test.ts" name="AbstractMusicalContext &gt; analyzeChord - 和音分析機能 &gt; ノンダイアトニック和音の分析 &gt; ModalContext (D Dorian) - ノンダイアトニック和音 &gt; 正常ケース: 異なるクオリティの同じルート音和音をfalseと分析" time="0.000208361">
        </testcase>
        <testcase classname="src/domain/common/test/AbstractMusicalContext.test.ts" name="AbstractMusicalContext &gt; analyzeChord - 和音分析機能 &gt; ノンダイアトニック和音の分析 &gt; ModalContext (D Dorian) - ノンダイアトニック和音 &gt; 正常ケース: ノンダイアトニック和音の分析結果構造検証" time="0.000317345">
        </testcase>
        <testcase classname="src/domain/common/test/AbstractMusicalContext.test.ts" name="AbstractMusicalContext &gt; analyzeChord - 和音分析機能 &gt; ノンダイアトニック和音の分析 &gt; ModalContext (E Phrygian) - ノンダイアトニック和音 &gt; 正常ケース: 完全に異なる調の和音をfalseと分析" time="0.000247415">
        </testcase>
        <testcase classname="src/domain/common/test/AbstractMusicalContext.test.ts" name="AbstractMusicalContext &gt; analyzeChord - 和音分析機能 &gt; ノンダイアトニック和音の分析 &gt; ModalContext (E Phrygian) - ノンダイアトニック和音 &gt; 正常ケース: 異なるクオリティの同じルート音和音をfalseと分析" time="0.000164799">
        </testcase>
        <testcase classname="src/domain/common/test/AbstractMusicalContext.test.ts" name="AbstractMusicalContext &gt; analyzeChord - 和音分析機能 &gt; ノンダイアトニック和音の分析 &gt; ModalContext (E Phrygian) - ノンダイアトニック和音 &gt; 正常ケース: ノンダイアトニック和音の分析結果構造検証" time="0.000300083">
        </testcase>
        <testcase classname="src/domain/common/test/AbstractMusicalContext.test.ts" name="AbstractMusicalContext &gt; analyzeChord - 和音分析機能 &gt; ノンダイアトニック和音の分析 &gt; ModalContext (F Lydian) - ノンダイアトニック和音 &gt; 正常ケース: 完全に異なる調の和音をfalseと分析" time="0.000301415">
        </testcase>
        <testcase classname="src/domain/common/test/AbstractMusicalContext.test.ts" name="AbstractMusicalContext &gt; analyzeChord - 和音分析機能 &gt; ノンダイアトニック和音の分析 &gt; ModalContext (F Lydian) - ノンダイアトニック和音 &gt; 正常ケース: 異なるクオリティの同じルート音和音をfalseと分析" time="0.000285365">
        </testcase>
        <testcase classname="src/domain/common/test/AbstractMusicalContext.test.ts" name="AbstractMusicalContext &gt; analyzeChord - 和音分析機能 &gt; ノンダイアトニック和音の分析 &gt; ModalContext (F Lydian) - ノンダイアトニック和音 &gt; 正常ケース: ノンダイアトニック和音の分析結果構造検証" time="0.000348533">
        </testcase>
        <testcase classname="src/domain/common/test/AbstractMusicalContext.test.ts" name="AbstractMusicalContext &gt; analyzeChord - 和音分析機能 &gt; ノンダイアトニック和音の分析 &gt; ModalContext (G Mixolydian) - ノンダイアトニック和音 &gt; 正常ケース: 完全に異なる調の和音をfalseと分析" time="0.000344316">
        </testcase>
        <testcase classname="src/domain/common/test/AbstractMusicalContext.test.ts" name="AbstractMusicalContext &gt; analyzeChord - 和音分析機能 &gt; ノンダイアトニック和音の分析 &gt; ModalContext (G Mixolydian) - ノンダイアトニック和音 &gt; 正常ケース: 異なるクオリティの同じルート音和音をfalseと分析" time="0.000228188">
        </testcase>
        <testcase classname="src/domain/common/test/AbstractMusicalContext.test.ts" name="AbstractMusicalContext &gt; analyzeChord - 和音分析機能 &gt; ノンダイアトニック和音の分析 &gt; ModalContext (G Mixolydian) - ノンダイアトニック和音 &gt; 正常ケース: ノンダイアトニック和音の分析結果構造検証" time="0.000401643">
        </testcase>
        <testcase classname="src/domain/common/test/AbstractMusicalContext.test.ts" name="AbstractMusicalContext &gt; getDiatonicChordsInfo - ダイアトニック和音情報 &gt; 特定キーの和音情報完全検証 &gt; 正常ケース: C Majorの和音情報を完全検証" time="0.002017662">
        </testcase>
        <testcase classname="src/domain/common/test/AbstractMusicalContext.test.ts" name="AbstractMusicalContext &gt; getDiatonicChordsInfo - ダイアトニック和音情報 &gt; 特定キーの和音情報完全検証 &gt; 正常ケース: A Minorの和音情報を完全検証" time="0.000721353">
        </testcase>
        <testcase classname="src/domain/common/test/AbstractMusicalContext.test.ts" name="AbstractMusicalContext &gt; getDiatonicChordsInfo - ダイアトニック和音情報 &gt; Key (C Major) &gt; 正常ケース: 7つのダイアトニック和音情報を返す" time="0.000367149">
        </testcase>
        <testcase classname="src/domain/common/test/AbstractMusicalContext.test.ts" name="AbstractMusicalContext &gt; getDiatonicChordsInfo - ダイアトニック和音情報 &gt; Key (C Major) &gt; 正常ケース: 各情報に必要なプロパティが完全に含まれている" time="0.001445361">
        </testcase>
        <testcase classname="src/domain/common/test/AbstractMusicalContext.test.ts" name="AbstractMusicalContext &gt; getDiatonicChordsInfo - ダイアトニック和音情報 &gt; Key (C Major) &gt; 正常ケース: 和音情報とdiatonicChordsとanalyzeChordの一貫性を検証" time="0.001596023">
        </testcase>
        <testcase classname="src/domain/common/test/AbstractMusicalContext.test.ts" name="AbstractMusicalContext &gt; getDiatonicChordsInfo - ダイアトニック和音情報 &gt; Key (G Major - Sharp) &gt; 正常ケース: 7つのダイアトニック和音情報を返す" time="0.000302447">
        </testcase>
        <testcase classname="src/domain/common/test/AbstractMusicalContext.test.ts" name="AbstractMusicalContext &gt; getDiatonicChordsInfo - ダイアトニック和音情報 &gt; Key (G Major - Sharp) &gt; 正常ケース: 各情報に必要なプロパティが完全に含まれている" time="0.001432326">
        </testcase>
        <testcase classname="src/domain/common/test/AbstractMusicalContext.test.ts" name="AbstractMusicalContext &gt; getDiatonicChordsInfo - ダイアトニック和音情報 &gt; Key (G Major - Sharp) &gt; 正常ケース: 和音情報とdiatonicChordsとanalyzeChordの一貫性を検証" time="0.001314836">
        </testcase>
        <testcase classname="src/domain/common/test/AbstractMusicalContext.test.ts" name="AbstractMusicalContext &gt; getDiatonicChordsInfo - ダイアトニック和音情報 &gt; Key (F Major - Flat) &gt; 正常ケース: 7つのダイアトニック和音情報を返す" time="0.000284052">
        </testcase>
        <testcase classname="src/domain/common/test/AbstractMusicalContext.test.ts" name="AbstractMusicalContext &gt; getDiatonicChordsInfo - ダイアトニック和音情報 &gt; Key (F Major - Flat) &gt; 正常ケース: 各情報に必要なプロパティが完全に含まれている" time="0.001531222">
        </testcase>
        <testcase classname="src/domain/common/test/AbstractMusicalContext.test.ts" name="AbstractMusicalContext &gt; getDiatonicChordsInfo - ダイアトニック和音情報 &gt; Key (F Major - Flat) &gt; 正常ケース: 和音情報とdiatonicChordsとanalyzeChordの一貫性を検証" time="0.001246247">
        </testcase>
        <testcase classname="src/domain/common/test/AbstractMusicalContext.test.ts" name="AbstractMusicalContext &gt; getDiatonicChordsInfo - ダイアトニック和音情報 &gt; Key (A Minor) &gt; 正常ケース: 7つのダイアトニック和音情報を返す" time="0.00026652">
        </testcase>
        <testcase classname="src/domain/common/test/AbstractMusicalContext.test.ts" name="AbstractMusicalContext &gt; getDiatonicChordsInfo - ダイアトニック和音情報 &gt; Key (A Minor) &gt; 正常ケース: 各情報に必要なプロパティが完全に含まれている" time="0.001394155">
        </testcase>
        <testcase classname="src/domain/common/test/AbstractMusicalContext.test.ts" name="AbstractMusicalContext &gt; getDiatonicChordsInfo - ダイアトニック和音情報 &gt; Key (A Minor) &gt; 正常ケース: 和音情報とdiatonicChordsとanalyzeChordの一貫性を検証" time="0.001377664">
        </testcase>
        <testcase classname="src/domain/common/test/AbstractMusicalContext.test.ts" name="AbstractMusicalContext &gt; getDiatonicChordsInfo - ダイアトニック和音情報 &gt; Key (E Minor - Sharp) &gt; 正常ケース: 7つのダイアトニック和音情報を返す" time="0.000316494">
        </testcase>
        <testcase classname="src/domain/common/test/AbstractMusicalContext.test.ts" name="AbstractMusicalContext &gt; getDiatonicChordsInfo - ダイアトニック和音情報 &gt; Key (E Minor - Sharp) &gt; 正常ケース: 各情報に必要なプロパティが完全に含まれている" time="0.002046508">
        </testcase>
        <testcase classname="src/domain/common/test/AbstractMusicalContext.test.ts" name="AbstractMusicalContext &gt; getDiatonicChordsInfo - ダイアトニック和音情報 &gt; Key (E Minor - Sharp) &gt; 正常ケース: 和音情報とdiatonicChordsとanalyzeChordの一貫性を検証" time="0.001356854">
        </testcase>
        <testcase classname="src/domain/common/test/AbstractMusicalContext.test.ts" name="AbstractMusicalContext &gt; getDiatonicChordsInfo - ダイアトニック和音情報 &gt; Key (D Minor - Flat) &gt; 正常ケース: 7つのダイアトニック和音情報を返す" time="0.000304351">
        </testcase>
        <testcase classname="src/domain/common/test/AbstractMusicalContext.test.ts" name="AbstractMusicalContext &gt; getDiatonicChordsInfo - ダイアトニック和音情報 &gt; Key (D Minor - Flat) &gt; 正常ケース: 各情報に必要なプロパティが完全に含まれている" time="0.001365871">
        </testcase>
        <testcase classname="src/domain/common/test/AbstractMusicalContext.test.ts" name="AbstractMusicalContext &gt; getDiatonicChordsInfo - ダイアトニック和音情報 &gt; Key (D Minor - Flat) &gt; 正常ケース: 和音情報とdiatonicChordsとanalyzeChordの一貫性を検証" time="0.001155547">
        </testcase>
        <testcase classname="src/domain/common/test/AbstractMusicalContext.test.ts" name="AbstractMusicalContext &gt; getDiatonicChordsInfo - ダイアトニック和音情報 &gt; ModalContext (D Dorian) &gt; 正常ケース: 7つのダイアトニック和音情報を返す" time="0.000263053">
        </testcase>
        <testcase classname="src/domain/common/test/AbstractMusicalContext.test.ts" name="AbstractMusicalContext &gt; getDiatonicChordsInfo - ダイアトニック和音情報 &gt; ModalContext (D Dorian) &gt; 正常ケース: 各情報に必要なプロパティが完全に含まれている" time="0.001156919">
        </testcase>
        <testcase classname="src/domain/common/test/AbstractMusicalContext.test.ts" name="AbstractMusicalContext &gt; getDiatonicChordsInfo - ダイアトニック和音情報 &gt; ModalContext (D Dorian) &gt; 正常ケース: 和音情報とdiatonicChordsとanalyzeChordの一貫性を検証" time="0.000998803">
        </testcase>
        <testcase classname="src/domain/common/test/AbstractMusicalContext.test.ts" name="AbstractMusicalContext &gt; getDiatonicChordsInfo - ダイアトニック和音情報 &gt; ModalContext (E Phrygian) &gt; 正常ケース: 7つのダイアトニック和音情報を返す" time="0.000252503">
        </testcase>
        <testcase classname="src/domain/common/test/AbstractMusicalContext.test.ts" name="AbstractMusicalContext &gt; getDiatonicChordsInfo - ダイアトニック和音情報 &gt; ModalContext (E Phrygian) &gt; 正常ケース: 各情報に必要なプロパティが完全に含まれている" time="0.006762061">
        </testcase>
        <testcase classname="src/domain/common/test/AbstractMusicalContext.test.ts" name="AbstractMusicalContext &gt; getDiatonicChordsInfo - ダイアトニック和音情報 &gt; ModalContext (E Phrygian) &gt; 正常ケース: 和音情報とdiatonicChordsとanalyzeChordの一貫性を検証" time="0.001283146">
        </testcase>
        <testcase classname="src/domain/common/test/AbstractMusicalContext.test.ts" name="AbstractMusicalContext &gt; getDiatonicChordsInfo - ダイアトニック和音情報 &gt; ModalContext (F Lydian) &gt; 正常ケース: 7つのダイアトニック和音情報を返す" time="0.000286468">
        </testcase>
        <testcase classname="src/domain/common/test/AbstractMusicalContext.test.ts" name="AbstractMusicalContext &gt; getDiatonicChordsInfo - ダイアトニック和音情報 &gt; ModalContext (F Lydian) &gt; 正常ケース: 各情報に必要なプロパティが完全に含まれている" time="0.00144514">
        </testcase>
        <testcase classname="src/domain/common/test/AbstractMusicalContext.test.ts" name="AbstractMusicalContext &gt; getDiatonicChordsInfo - ダイアトニック和音情報 &gt; ModalContext (F Lydian) &gt; 正常ケース: 和音情報とdiatonicChordsとanalyzeChordの一貫性を検証" time="0.001248491">
        </testcase>
        <testcase classname="src/domain/common/test/AbstractMusicalContext.test.ts" name="AbstractMusicalContext &gt; getDiatonicChordsInfo - ダイアトニック和音情報 &gt; ModalContext (G Mixolydian) &gt; 正常ケース: 7つのダイアトニック和音情報を返す" time="0.000281458">
        </testcase>
        <testcase classname="src/domain/common/test/AbstractMusicalContext.test.ts" name="AbstractMusicalContext &gt; getDiatonicChordsInfo - ダイアトニック和音情報 &gt; ModalContext (G Mixolydian) &gt; 正常ケース: 各情報に必要なプロパティが完全に含まれている" time="0.001377564">
        </testcase>
        <testcase classname="src/domain/common/test/AbstractMusicalContext.test.ts" name="AbstractMusicalContext &gt; getDiatonicChordsInfo - ダイアトニック和音情報 &gt; ModalContext (G Mixolydian) &gt; 正常ケース: 和音情報とdiatonicChordsとanalyzeChordの一貫性を検証" time="0.001320306">
        </testcase>
        <testcase classname="src/domain/common/test/AbstractMusicalContext.test.ts" name="AbstractMusicalContext &gt; isDiatonicChord - ダイアトニックコード判定 &gt; 特定キーでの判定完全検証 &gt; 正常ケース: C Majorダイアトニック和音を正しく判定" time="0.000611437">
        </testcase>
        <testcase classname="src/domain/common/test/AbstractMusicalContext.test.ts" name="AbstractMusicalContext &gt; isDiatonicChord - ダイアトニックコード判定 &gt; 特定キーでの判定完全検証 &gt; 正常ケース: A Minorダイアトニック和音を正しく判定" time="0.000663655">
        </testcase>
        <testcase classname="src/domain/common/test/AbstractMusicalContext.test.ts" name="AbstractMusicalContext &gt; isDiatonicChord - ダイアトニックコード判定 &gt; Key (C Major) &gt; 正常ケース: 自身のダイアトニック和音を正しく判定" time="0.000353493">
        </testcase>
        <testcase classname="src/domain/common/test/AbstractMusicalContext.test.ts" name="AbstractMusicalContext &gt; isDiatonicChord - ダイアトニックコード判定 &gt; Key (C Major) &gt; 正常ケース: 遠い調の和音をfalseと判定" time="0.000275918">
        </testcase>
        <testcase classname="src/domain/common/test/AbstractMusicalContext.test.ts" name="AbstractMusicalContext &gt; isDiatonicChord - ダイアトニックコード判定 &gt; Key (G Major - Sharp) &gt; 正常ケース: 自身のダイアトニック和音を正しく判定" time="0.000280997">
        </testcase>
        <testcase classname="src/domain/common/test/AbstractMusicalContext.test.ts" name="AbstractMusicalContext &gt; isDiatonicChord - ダイアトニックコード判定 &gt; Key (G Major - Sharp) &gt; 正常ケース: 遠い調の和音をfalseと判定" time="0.000193293">
        </testcase>
        <testcase classname="src/domain/common/test/AbstractMusicalContext.test.ts" name="AbstractMusicalContext &gt; isDiatonicChord - ダイアトニックコード判定 &gt; Key (F Major - Flat) &gt; 正常ケース: 自身のダイアトニック和音を正しく判定" time="0.000257543">
        </testcase>
        <testcase classname="src/domain/common/test/AbstractMusicalContext.test.ts" name="AbstractMusicalContext &gt; isDiatonicChord - ダイアトニックコード判定 &gt; Key (F Major - Flat) &gt; 正常ケース: 遠い調の和音をfalseと判定" time="0.000194996">
        </testcase>
        <testcase classname="src/domain/common/test/AbstractMusicalContext.test.ts" name="AbstractMusicalContext &gt; isDiatonicChord - ダイアトニックコード判定 &gt; Key (A Minor) &gt; 正常ケース: 自身のダイアトニック和音を正しく判定" time="0.000236413">
        </testcase>
        <testcase classname="src/domain/common/test/AbstractMusicalContext.test.ts" name="AbstractMusicalContext &gt; isDiatonicChord - ダイアトニックコード判定 &gt; Key (A Minor) &gt; 正常ケース: 遠い調の和音をfalseと判定" time="0.000186169">
        </testcase>
        <testcase classname="src/domain/common/test/AbstractMusicalContext.test.ts" name="AbstractMusicalContext &gt; isDiatonicChord - ダイアトニックコード判定 &gt; Key (E Minor - Sharp) &gt; 正常ケース: 自身のダイアトニック和音を正しく判定" time="0.00028277">
        </testcase>
        <testcase classname="src/domain/common/test/AbstractMusicalContext.test.ts" name="AbstractMusicalContext &gt; isDiatonicChord - ダイアトニックコード判定 &gt; Key (E Minor - Sharp) &gt; 正常ケース: 遠い調の和音をfalseと判定" time="0.000182222">
        </testcase>
        <testcase classname="src/domain/common/test/AbstractMusicalContext.test.ts" name="AbstractMusicalContext &gt; isDiatonicChord - ダイアトニックコード判定 &gt; Key (D Minor - Flat) &gt; 正常ケース: 自身のダイアトニック和音を正しく判定" time="0.00026152">
        </testcase>
        <testcase classname="src/domain/common/test/AbstractMusicalContext.test.ts" name="AbstractMusicalContext &gt; isDiatonicChord - ダイアトニックコード判定 &gt; Key (D Minor - Flat) &gt; 正常ケース: 遠い調の和音をfalseと判定" time="0.000177352">
        </testcase>
        <testcase classname="src/domain/common/test/AbstractMusicalContext.test.ts" name="AbstractMusicalContext &gt; isDiatonicChord - ダイアトニックコード判定 &gt; ModalContext (D Dorian) &gt; 正常ケース: 自身のダイアトニック和音を正しく判定" time="0.00023461">
        </testcase>
        <testcase classname="src/domain/common/test/AbstractMusicalContext.test.ts" name="AbstractMusicalContext &gt; isDiatonicChord - ダイアトニックコード判定 &gt; ModalContext (D Dorian) &gt; 正常ケース: 遠い調の和音をfalseと判定" time="0.00022909">
        </testcase>
        <testcase classname="src/domain/common/test/AbstractMusicalContext.test.ts" name="AbstractMusicalContext &gt; isDiatonicChord - ダイアトニックコード判定 &gt; ModalContext (E Phrygian) &gt; 正常ケース: 自身のダイアトニック和音を正しく判定" time="0.000220995">
        </testcase>
        <testcase classname="src/domain/common/test/AbstractMusicalContext.test.ts" name="AbstractMusicalContext &gt; isDiatonicChord - ダイアトニックコード判定 &gt; ModalContext (E Phrygian) &gt; 正常ケース: 遠い調の和音をfalseと判定" time="0.00016537">
        </testcase>
        <testcase classname="src/domain/common/test/AbstractMusicalContext.test.ts" name="AbstractMusicalContext &gt; isDiatonicChord - ダイアトニックコード判定 &gt; ModalContext (F Lydian) &gt; 正常ケース: 自身のダイアトニック和音を正しく判定" time="0.000233017">
        </testcase>
        <testcase classname="src/domain/common/test/AbstractMusicalContext.test.ts" name="AbstractMusicalContext &gt; isDiatonicChord - ダイアトニックコード判定 &gt; ModalContext (F Lydian) &gt; 正常ケース: 遠い調の和音をfalseと判定" time="0.000188743">
        </testcase>
        <testcase classname="src/domain/common/test/AbstractMusicalContext.test.ts" name="AbstractMusicalContext &gt; isDiatonicChord - ダイアトニックコード判定 &gt; ModalContext (G Mixolydian) &gt; 正常ケース: 自身のダイアトニック和音を正しく判定" time="0.000220754">
        </testcase>
        <testcase classname="src/domain/common/test/AbstractMusicalContext.test.ts" name="AbstractMusicalContext &gt; isDiatonicChord - ダイアトニックコード判定 &gt; ModalContext (G Mixolydian) &gt; 正常ケース: 遠い調の和音をfalseと判定" time="0.000196178">
        </testcase>
        <testcase classname="src/domain/common/test/AbstractMusicalContext.test.ts" name="AbstractMusicalContext &gt; isDiatonicChord - ダイアトニックコード判定 &gt; 音楽理論的エッジケース &gt; 正常ケース: 関係調の共通和音を正しく判定" time="0.000281017">
        </testcase>
        <testcase classname="src/domain/common/test/AbstractMusicalContext.test.ts" name="AbstractMusicalContext &gt; isDiatonicChord - ダイアトニックコード判定 &gt; 音楽理論的エッジケース &gt; 正常ケース: 異なるモードの和音をfalseと判定" time="0.00033613">
        </testcase>
        <testcase classname="src/domain/common/test/AbstractMusicalContext.test.ts" name="AbstractMusicalContext &gt; toJSON - JSON出力 &gt; Key (C Major) &gt; 正常ケース: JSON形式で正しく出力される" time="0.000684635">
        </testcase>
        <testcase classname="src/domain/common/test/AbstractMusicalContext.test.ts" name="AbstractMusicalContext &gt; toJSON - JSON出力 &gt; Key (C Major) &gt; 正常ケース: shortNameとcontextNameが適切に設定されている" time="0.00021322">
        </testcase>
        <testcase classname="src/domain/common/test/AbstractMusicalContext.test.ts" name="AbstractMusicalContext &gt; toJSON - JSON出力 &gt; Key (C Major) &gt; 正常ケース: fifthsIndexが中心音のfifthsIndexと一致" time="0.000132679">
        </testcase>
        <testcase classname="src/domain/common/test/AbstractMusicalContext.test.ts" name="AbstractMusicalContext &gt; toJSON - JSON出力 &gt; Key (C Major) &gt; 正常ケース: JSON文字列化が可能" time="0.000388528">
        </testcase>
        <testcase classname="src/domain/common/test/AbstractMusicalContext.test.ts" name="AbstractMusicalContext &gt; toJSON - JSON出力 &gt; Key (C Major) &gt; 正常ケース: JSONから復元可能な形式" time="0.001137454">
        </testcase>
        <testcase classname="src/domain/common/test/AbstractMusicalContext.test.ts" name="AbstractMusicalContext &gt; toJSON - JSON出力 &gt; Key (G Major - Sharp) &gt; 正常ケース: JSON形式で正しく出力される" time="0.000362139">
        </testcase>
        <testcase classname="src/domain/common/test/AbstractMusicalContext.test.ts" name="AbstractMusicalContext &gt; toJSON - JSON出力 &gt; Key (G Major - Sharp) &gt; 正常ケース: shortNameとcontextNameが適切に設定されている" time="0.000161082">
        </testcase>
        <testcase classname="src/domain/common/test/AbstractMusicalContext.test.ts" name="AbstractMusicalContext &gt; toJSON - JSON出力 &gt; Key (G Major - Sharp) &gt; 正常ケース: fifthsIndexが中心音のfifthsIndexと一致" time="0.000108463">
        </testcase>
        <testcase classname="src/domain/common/test/AbstractMusicalContext.test.ts" name="AbstractMusicalContext &gt; toJSON - JSON出力 &gt; Key (G Major - Sharp) &gt; 正常ケース: JSON文字列化が可能" time="0.000272151">
        </testcase>
        <testcase classname="src/domain/common/test/AbstractMusicalContext.test.ts" name="AbstractMusicalContext &gt; toJSON - JSON出力 &gt; Key (G Major - Sharp) &gt; 正常ケース: JSONから復元可能な形式" time="0.000384611">
        </testcase>
        <testcase classname="src/domain/common/test/AbstractMusicalContext.test.ts" name="AbstractMusicalContext &gt; toJSON - JSON出力 &gt; Key (F Major - Flat) &gt; 正常ケース: JSON形式で正しく出力される" time="0.000508534">
        </testcase>
        <testcase classname="src/domain/common/test/AbstractMusicalContext.test.ts" name="AbstractMusicalContext &gt; toJSON - JSON出力 &gt; Key (F Major - Flat) &gt; 正常ケース: shortNameとcontextNameが適切に設定されている" time="0.000136376">
        </testcase>
        <testcase classname="src/domain/common/test/AbstractMusicalContext.test.ts" name="AbstractMusicalContext &gt; toJSON - JSON出力 &gt; Key (F Major - Flat) &gt; 正常ケース: fifthsIndexが中心音のfifthsIndexと一致" time="0.000123632">
        </testcase>
        <testcase classname="src/domain/common/test/AbstractMusicalContext.test.ts" name="AbstractMusicalContext &gt; toJSON - JSON出力 &gt; Key (F Major - Flat) &gt; 正常ケース: JSON文字列化が可能" time="0.000259847">
        </testcase>
        <testcase classname="src/domain/common/test/AbstractMusicalContext.test.ts" name="AbstractMusicalContext &gt; toJSON - JSON出力 &gt; Key (F Major - Flat) &gt; 正常ケース: JSONから復元可能な形式" time="0.000316904">
        </testcase>
        <testcase classname="src/domain/common/test/AbstractMusicalContext.test.ts" name="AbstractMusicalContext &gt; toJSON - JSON出力 &gt; Key (A Minor) &gt; 正常ケース: JSON形式で正しく出力される" time="0.000398287">
        </testcase>
        <testcase classname="src/domain/common/test/AbstractMusicalContext.test.ts" name="AbstractMusicalContext &gt; toJSON - JSON出力 &gt; Key (A Minor) &gt; 正常ケース: shortNameとcontextNameが適切に設定されている" time="0.000143429">
        </testcase>
        <testcase classname="src/domain/common/test/AbstractMusicalContext.test.ts" name="AbstractMusicalContext &gt; toJSON - JSON出力 &gt; Key (A Minor) &gt; 正常ケース: fifthsIndexが中心音のfifthsIndexと一致" time="0.000099567">
        </testcase>
        <testcase classname="src/domain/common/test/AbstractMusicalContext.test.ts" name="AbstractMusicalContext &gt; toJSON - JSON出力 &gt; Key (A Minor) &gt; 正常ケース: JSON文字列化が可能" time="0.000231253">
        </testcase>
        <testcase classname="src/domain/common/test/AbstractMusicalContext.test.ts" name="AbstractMusicalContext &gt; toJSON - JSON出力 &gt; Key (A Minor) &gt; 正常ケース: JSONから復元可能な形式" time="0.000302919">
        </testcase>
        <testcase classname="src/domain/common/test/AbstractMusicalContext.test.ts" name="AbstractMusicalContext &gt; toJSON - JSON出力 &gt; Key (E Minor - Sharp) &gt; 正常ケース: JSON形式で正しく出力される" time="0.000366457">
        </testcase>
        <testcase classname="src/domain/common/test/AbstractMusicalContext.test.ts" name="AbstractMusicalContext &gt; toJSON - JSON出力 &gt; Key (E Minor - Sharp) &gt; 正常ケース: shortNameとcontextNameが適切に設定されている" time="0.000140884">
        </testcase>
        <testcase classname="src/domain/common/test/AbstractMusicalContext.test.ts" name="AbstractMusicalContext &gt; toJSON - JSON出力 &gt; Key (E Minor - Sharp) &gt; 正常ケース: fifthsIndexが中心音のfifthsIndexと一致" time="0.000091071">
        </testcase>
        <testcase classname="src/domain/common/test/AbstractMusicalContext.test.ts" name="AbstractMusicalContext &gt; toJSON - JSON出力 &gt; Key (E Minor - Sharp) &gt; 正常ケース: JSON文字列化が可能" time="0.00022416">
        </testcase>
        <testcase classname="src/domain/common/test/AbstractMusicalContext.test.ts" name="AbstractMusicalContext &gt; toJSON - JSON出力 &gt; Key (E Minor - Sharp) &gt; 正常ケース: JSONから復元可能な形式" time="0.000342493">
        </testcase>
        <testcase classname="src/domain/common/test/AbstractMusicalContext.test.ts" name="AbstractMusicalContext &gt; toJSON - JSON出力 &gt; Key (D Minor - Flat) &gt; 正常ケース: JSON形式で正しく出力される" time="0.0003408">
        </testcase>
        <testcase classname="src/domain/common/test/AbstractMusicalContext.test.ts" name="AbstractMusicalContext &gt; toJSON - JSON出力 &gt; Key (D Minor - Flat) &gt; 正常ケース: shortNameとcontextNameが適切に設定されている" time="0.000134702">
        </testcase>
        <testcase classname="src/domain/common/test/AbstractMusicalContext.test.ts" name="AbstractMusicalContext &gt; toJSON - JSON出力 &gt; Key (D Minor - Flat) &gt; 正常ケース: fifthsIndexが中心音のfifthsIndexと一致" time="0.000098805">
        </testcase>
        <testcase classname="src/domain/common/test/AbstractMusicalContext.test.ts" name="AbstractMusicalContext &gt; toJSON - JSON出力 &gt; Key (D Minor - Flat) &gt; 正常ケース: JSON文字列化が可能" time="0.000232596">
        </testcase>
        <testcase classname="src/domain/common/test/AbstractMusicalContext.test.ts" name="AbstractMusicalContext &gt; toJSON - JSON出力 &gt; Key (D Minor - Flat) &gt; 正常ケース: JSONから復元可能な形式" time="0.000470683">
        </testcase>
        <testcase classname="src/domain/common/test/AbstractMusicalContext.test.ts" name="AbstractMusicalContext &gt; toJSON - JSON出力 &gt; ModalContext (D Dorian) &gt; 正常ケース: JSON形式で正しく出力される" time="0.000384351">
        </testcase>
        <testcase classname="src/domain/common/test/AbstractMusicalContext.test.ts" name="AbstractMusicalContext &gt; toJSON - JSON出力 &gt; ModalContext (D Dorian) &gt; 正常ケース: shortNameとcontextNameが適切に設定されている" time="0.000161162">
        </testcase>
        <testcase classname="src/domain/common/test/AbstractMusicalContext.test.ts" name="AbstractMusicalContext &gt; toJSON - JSON出力 &gt; ModalContext (D Dorian) &gt; 正常ケース: fifthsIndexが中心音のfifthsIndexと一致" time="0.000122359">
        </testcase>
        <testcase classname="src/domain/common/test/AbstractMusicalContext.test.ts" name="AbstractMusicalContext &gt; toJSON - JSON出力 &gt; ModalContext (D Dorian) &gt; 正常ケース: JSON文字列化が可能" time="0.000252354">
        </testcase>
        <testcase classname="src/domain/common/test/AbstractMusicalContext.test.ts" name="AbstractMusicalContext &gt; toJSON - JSON出力 &gt; ModalContext (D Dorian) &gt; 正常ケース: JSONから復元可能な形式" time="0.000283872">
        </testcase>
        <testcase classname="src/domain/common/test/AbstractMusicalContext.test.ts" name="AbstractMusicalContext &gt; toJSON - JSON出力 &gt; ModalContext (E Phrygian) &gt; 正常ケース: JSON形式で正しく出力される" time="0.000340839">
        </testcase>
        <testcase classname="src/domain/common/test/AbstractMusicalContext.test.ts" name="AbstractMusicalContext &gt; toJSON - JSON出力 &gt; ModalContext (E Phrygian) &gt; 正常ケース: shortNameとcontextNameが適切に設定されている" time="0.00012761">
        </testcase>
        <testcase classname="src/domain/common/test/AbstractMusicalContext.test.ts" name="AbstractMusicalContext &gt; toJSON - JSON出力 &gt; ModalContext (E Phrygian) &gt; 正常ケース: fifthsIndexが中心音のfifthsIndexと一致" time="0.000099296">
        </testcase>
        <testcase classname="src/domain/common/test/AbstractMusicalContext.test.ts" name="AbstractMusicalContext &gt; toJSON - JSON出力 &gt; ModalContext (E Phrygian) &gt; 正常ケース: JSON文字列化が可能" time="0.000257223">
        </testcase>
        <testcase classname="src/domain/common/test/AbstractMusicalContext.test.ts" name="AbstractMusicalContext &gt; toJSON - JSON出力 &gt; ModalContext (E Phrygian) &gt; 正常ケース: JSONから復元可能な形式" time="0.000265308">
        </testcase>
        <testcase classname="src/domain/common/test/AbstractMusicalContext.test.ts" name="AbstractMusicalContext &gt; toJSON - JSON出力 &gt; ModalContext (F Lydian) &gt; 正常ケース: JSON形式で正しく出力される" time="0.000394019">
        </testcase>
        <testcase classname="src/domain/common/test/AbstractMusicalContext.test.ts" name="AbstractMusicalContext &gt; toJSON - JSON出力 &gt; ModalContext (F Lydian) &gt; 正常ケース: shortNameとcontextNameが適切に設定されている" time="0.000136126">
        </testcase>
        <testcase classname="src/domain/common/test/AbstractMusicalContext.test.ts" name="AbstractMusicalContext &gt; toJSON - JSON出力 &gt; ModalContext (F Lydian) &gt; 正常ケース: fifthsIndexが中心音のfifthsIndexと一致" time="0.000109976">
        </testcase>
        <testcase classname="src/domain/common/test/AbstractMusicalContext.test.ts" name="AbstractMusicalContext &gt; toJSON - JSON出力 &gt; ModalContext (F Lydian) &gt; 正常ケース: JSON文字列化が可能" time="0.000329228">
        </testcase>
        <testcase classname="src/domain/common/test/AbstractMusicalContext.test.ts" name="AbstractMusicalContext &gt; toJSON - JSON出力 &gt; ModalContext (F Lydian) &gt; 正常ケース: JSONから復元可能な形式" time="0.000336721">
        </testcase>
        <testcase classname="src/domain/common/test/AbstractMusicalContext.test.ts" name="AbstractMusicalContext &gt; toJSON - JSON出力 &gt; ModalContext (G Mixolydian) &gt; 正常ケース: JSON形式で正しく出力される" time="0.000358012">
        </testcase>
        <testcase classname="src/domain/common/test/AbstractMusicalContext.test.ts" name="AbstractMusicalContext &gt; toJSON - JSON出力 &gt; ModalContext (G Mixolydian) &gt; 正常ケース: shortNameとcontextNameが適切に設定されている" time="0.000139041">
        </testcase>
        <testcase classname="src/domain/common/test/AbstractMusicalContext.test.ts" name="AbstractMusicalContext &gt; toJSON - JSON出力 &gt; ModalContext (G Mixolydian) &gt; 正常ケース: fifthsIndexが中心音のfifthsIndexと一致" time="0.00009598">
        </testcase>
        <testcase classname="src/domain/common/test/AbstractMusicalContext.test.ts" name="AbstractMusicalContext &gt; toJSON - JSON出力 &gt; ModalContext (G Mixolydian) &gt; 正常ケース: JSON文字列化が可能" time="0.000255669">
        </testcase>
        <testcase classname="src/domain/common/test/AbstractMusicalContext.test.ts" name="AbstractMusicalContext &gt; toJSON - JSON出力 &gt; ModalContext (G Mixolydian) &gt; 正常ケース: JSONから復元可能な形式" time="0.000277099">
        </testcase>
        <testcase classname="src/domain/common/test/AbstractMusicalContext.test.ts" name="AbstractMusicalContext &gt; toJSON - JSON出力 &gt; 型固有のプロパティ検証 &gt; 正常ケース: Keyタイプの場合type=&quot;key&quot;とisMajorが適切に設定" time="0.0002616">
        </testcase>
        <testcase classname="src/domain/common/test/AbstractMusicalContext.test.ts" name="AbstractMusicalContext &gt; toJSON - JSON出力 &gt; 型固有のプロパティ検証 &gt; 正常ケース: ModalContextタイプの場合type=&quot;modal&quot;" time="0.00018656">
        </testcase>
[...]
        </testcase>
        <testcase classname="src/features/circle-of-fifths/hooks/test/useRippleEffect.test.ts" name="useRippleEffect hook &gt; リップルリセット機能 &gt; 正常ケース: 複数回resetRippleを呼び出し" time="0.008705777">
        </testcase>
        <testcase classname="src/features/circle-of-fifths/hooks/test/useRippleEffect.test.ts" name="useRippleEffect hook &gt; タイマー管理 &gt; 正常ケース: 手動リセット後の自動リセットタイマー無効化" time="0.008316066">
        </testcase>
        <testcase classname="src/features/circle-of-fifths/hooks/test/useRippleEffect.test.ts" name="useRippleEffect hook &gt; タイマー管理 &gt; 正常ケース: 複数回のトリガーでタイマーリセット" time="0.008217571">
        </testcase>
        <testcase classname="src/features/circle-of-fifths/hooks/test/useRippleEffect.test.ts" name="useRippleEffect hook &gt; タイマー管理 &gt; 正常ケース: コンポーネントアンマウント時のタイマークリア" time="0.006620669">
        </testcase>
        <testcase classname="src/features/circle-of-fifths/hooks/test/useRippleEffect.test.ts" name="useRippleEffect hook &gt; エッジケース &gt; 正常ケース: 高速連続トリガー" time="0.002023155">
        </testcase>
        <testcase classname="src/features/circle-of-fifths/hooks/test/useRippleEffect.test.ts" name="useRippleEffect hook &gt; エッジケース &gt; 正常ケース: トリガー→リセット→トリガーのサイクル" time="0.001885697">
        </testcase>
        <testcase classname="src/features/circle-of-fifths/hooks/test/useRippleEffect.test.ts" name="useRippleEffect hook &gt; メモ化とパフォーマンス &gt; 正常ケース: 関数の安定性" time="0.001605942">
        </testcase>
        <testcase classname="src/features/circle-of-fifths/hooks/test/useRippleEffect.test.ts" name="useRippleEffect hook &gt; メモ化とパフォーマンス &gt; 正常ケース: 状態変更時の適切な再レンダリング" time="0.00151398">
        </testcase>
        <testcase classname="src/features/circle-of-fifths/hooks/test/useRippleEffect.test.ts" name="useRippleEffect hook &gt; 統合テスト &gt; 正常ケース: 完全なリップルライフサイクル" time="0.00196238">
        </testcase>
    </testsuite>
    <testsuite name="src/features/circle-of-fifths/utils/test/circleOfFifthsData.test.ts" timestamp="2025-09-28T12:42:07.485Z" hostname="runnervm3ublj" tests="12" failures="0" errors="0" skipped="0" time="0.016570439">
        <testcase classname="src/features/circle-of-fifths/utils/test/circleOfFifthsData.test.ts" name="getCircleOfFifthsData &gt; 基本機能 &gt; 正常ケース: 関数が正しい構造を返す" time="0.001623205">
        </testcase>
        <testcase classname="src/features/circle-of-fifths/utils/test/circleOfFifthsData.test.ts" name="getCircleOfFifthsData &gt; 基本機能 &gt; 正常ケース: 複数回呼び出しで同じ値を返す（事前計算済み）" time="0.000242065">
        </testcase>
        <testcase classname="src/features/circle-of-fifths/utils/test/circleOfFifthsData.test.ts" name="getCircleOfFifthsData &gt; viewBox計算 &gt; 正常ケース: 正しいSVGビューボックス形式" time="0.000247034">
        </testcase>
        <testcase classname="src/features/circle-of-fifths/utils/test/circleOfFifthsData.test.ts" name="getCircleOfFifthsData &gt; viewBox計算 &gt; 境界値ケース: CIRCLE_LAYOUT.RADIUSの値に基づく計算" time="0.000950714">
        </testcase>
        <testcase classname="src/features/circle-of-fifths/utils/test/circleOfFifthsData.test.ts" name="getCircleOfFifthsData &gt; segments配列 &gt; 正常ケース: 12セグメントが生成される" time="0.000329799">
        </testcase>
        <testcase classname="src/features/circle-of-fifths/utils/test/circleOfFifthsData.test.ts" name="getCircleOfFifthsData &gt; segments配列 &gt; 正常ケース: 各セグメントが必要なプロパティを持つ" time="0.005024456">
        </testcase>
        <testcase classname="src/features/circle-of-fifths/utils/test/circleOfFifthsData.test.ts" name="getCircleOfFifthsData &gt; segments配列 &gt; 正常ケース: セグメントのposition値が0-11の範囲" time="0.000900489">
        </testcase>
        <testcase classname="src/features/circle-of-fifths/utils/test/circleOfFifthsData.test.ts" name="getCircleOfFifthsData &gt; segments配列 &gt; 正常ケース: 各セグメントのキー情報が正しく設定される" time="0.001662599">
        </testcase>
        <testcase classname="src/features/circle-of-fifths/utils/test/circleOfFifthsData.test.ts" name="getCircleOfFifthsData &gt; textRotation &gt; 正常ケース: textRotationが数値である" time="0.000247574">
        </testcase>
        <testcase classname="src/features/circle-of-fifths/utils/test/circleOfFifthsData.test.ts" name="getCircleOfFifthsData &gt; テキスト位置計算 &gt; 正常ケース: 3つの異なる半径でテキスト位置が計算される" time="0.002421002">
        </testcase>
        <testcase classname="src/features/circle-of-fifths/utils/test/circleOfFifthsData.test.ts" name="getCircleOfFifthsData &gt; 事前計算の最適化 &gt; パフォーマンステスト: 関数呼び出しが高速である" time="0.000441568">
        </testcase>
        <testcase classname="src/features/circle-of-fifths/utils/test/circleOfFifthsData.test.ts" name="getCircleOfFifthsData &gt; 事前計算の最適化 &gt; メモ化テスト: 同じオブジェクト参照が返される" time="0.000578074">
        </testcase>
    </testsuite>
    <testsuite name="src/features/circle-of-fifths/utils/test/geometry.test.ts" timestamp="2025-09-28T12:42:07.487Z" hostname="runnervm3ublj" tests="18" failures="0" errors="0" skipped="0" time="0.008070892">
        <testcase classname="src/features/circle-of-fifths/utils/test/geometry.test.ts" name="geometry utils &gt; calculateAngle &gt; 正常ケース: 位置0で正しい角度を返す" time="0.001314727">
        </testcase>
        <testcase classname="src/features/circle-of-fifths/utils/test/geometry.test.ts" name="geometry utils &gt; calculateAngle &gt; 正常ケース: 各位置（0-11）で正しい角度を計算" time="0.00065057">
        </testcase>
        <testcase classname="src/features/circle-of-fifths/utils/test/geometry.test.ts" name="geometry utils &gt; calculateAngle &gt; 正常ケース: 位置3（A）で正しい角度を返す" time="0.000216336">
        </testcase>
        <testcase classname="src/features/circle-of-fifths/utils/test/geometry.test.ts" name="geometry utils &gt; calculateAngle &gt; 正常ケース: 位置6（F#/G♭）で正しい角度を返す" time="0.000151214">
        </testcase>
        <testcase classname="src/features/circle-of-fifths/utils/test/geometry.test.ts" name="geometry utils &gt; calculateAngle &gt; 異常ケース: 無効な位置でCircleOfFifthsErrorをスロー" time="0.000945894">
        </testcase>
        <testcase classname="src/features/circle-of-fifths/utils/test/geometry.test.ts" name="geometry utils &gt; normalizeAngle &gt; 正常ケース: 正の角度をそのまま返す" time="0.000236404">
        </testcase>
        <testcase classname="src/features/circle-of-fifths/utils/test/geometry.test.ts" name="geometry utils &gt; normalizeAngle &gt; 正常ケース: 負の角度を正規化" time="0.000206727">
        </testcase>
        <testcase classname="src/features/circle-of-fifths/utils/test/geometry.test.ts" name="geometry utils &gt; normalizeAngle &gt; 正常ケース: 2π以上の角度を正規化" time="0.000169729">
        </testcase>
        <testcase classname="src/features/circle-of-fifths/utils/test/geometry.test.ts" name="geometry utils &gt; normalizeAngle &gt; 境界値ケース: 0度と2π度の処理" time="0.000283191">
        </testcase>
        <testcase classname="src/features/circle-of-fifths/utils/test/geometry.test.ts" name="geometry utils &gt; polarToCartesian &gt; 正常ケース: 0度で正しい座標を返す" time="0.000220764">
        </testcase>
        <testcase classname="src/features/circle-of-fifths/utils/test/geometry.test.ts" name="geometry utils &gt; polarToCartesian &gt; 正常ケース: 90度で正しい座標を返す" time="0.00015451">
        </testcase>
        <testcase classname="src/features/circle-of-fifths/utils/test/geometry.test.ts" name="geometry utils &gt; polarToCartesian &gt; 正常ケース: 180度で正しい座標を返す" time="0.000153278">
        </testcase>
        <testcase classname="src/features/circle-of-fifths/utils/test/geometry.test.ts" name="geometry utils &gt; polarToCartesian &gt; 正常ケース: 270度で正しい座標を返す" time="0.000141085">
        </testcase>
        <testcase classname="src/features/circle-of-fifths/utils/test/geometry.test.ts" name="geometry utils &gt; polarToCartesian &gt; 正常ケース: 半径0で原点を返す" time="0.000281808">
        </testcase>
        <testcase classname="src/features/circle-of-fifths/utils/test/geometry.test.ts" name="geometry utils &gt; calculateTextPosition &gt; 正常ケース: 各位置で正しいテキスト座標を計算" time="0.000667923">
        </testcase>
        <testcase classname="src/features/circle-of-fifths/utils/test/geometry.test.ts" name="geometry utils &gt; calculateTextPosition &gt; 異常ケース: 無効な位置でCircleOfFifthsErrorをスロー" time="0.000336251">
        </testcase>
        <testcase classname="src/features/circle-of-fifths/utils/test/geometry.test.ts" name="geometry utils &gt; calculateTextPosition &gt; 異常ケース: 負の半径でCircleOfFifthsErrorをスロー" time="0.000236553">
        </testcase>
        <testcase classname="src/features/circle-of-fifths/utils/test/geometry.test.ts" name="geometry utils &gt; calculateTextRotation &gt; 正常ケース: 常に0を返す" time="0.000134442">
        </testcase>
    </testsuite>
    <testsuite name="src/features/circle-of-fifths/utils/test/index.test.ts" timestamp="2025-09-28T12:42:07.491Z" hostname="runnervm3ublj" tests="3" failures="0" errors="0" skipped="0" time="0.004405555">
        <testcase classname="src/features/circle-of-fifths/utils/test/index.test.ts" name="utils index exports &gt; エクスポートの確認: すべてのモジュールが正しくエクスポートされている" time="0.001806369">
        </testcase>
        <testcase classname="src/features/circle-of-fifths/utils/test/index.test.ts" name="utils index exports &gt; エクスポートの確認: ネームスペース形式でアクセス可能" time="0.000524704">
        </testcase>
        <testcase classname="src/features/circle-of-fifths/utils/test/index.test.ts" name="utils index exports &gt; エクスポートの確認: 各モジュールが独立している" time="0.00089553">
        </testcase>
    </testsuite>
    <testsuite name="src/features/circle-of-fifths/utils/test/pathGeneration.test.ts" timestamp="2025-09-28T12:42:07.491Z" hostname="runnervm3ublj" tests="11" failures="0" errors="0" skipped="0" time="0.011313806">
        <testcase classname="src/features/circle-of-fifths/utils/test/pathGeneration.test.ts" name="pathGeneration utils &gt; generatePizzaSlicePath &gt; 正常ケース: 有効なパラメータで正しいSVGパスを生成" time="0.002688263">
        </testcase>
        <testcase classname="src/features/circle-of-fifths/utils/test/pathGeneration.test.ts" name="pathGeneration utils &gt; generatePizzaSlicePath &gt; 正常ケース: 複数の位置で一貫したパス構造を生成" time="0.001986006">
        </testcase>
        <testcase classname="src/features/circle-of-fifths/utils/test/pathGeneration.test.ts" name="pathGeneration utils &gt; generatePizzaSlicePath &gt; 境界値ケース: large-arc-flagの計算が正しい" time="0.000645391">
        </testcase>
        <testcase classname="src/features/circle-of-fifths/utils/test/pathGeneration.test.ts" name="pathGeneration utils &gt; generatePizzaSlicePath &gt; 異常ケース: 無効な位置でCircleOfFifthsErrorをスロー" time="0.000581892">
        </testcase>
        <testcase classname="src/features/circle-of-fifths/utils/test/pathGeneration.test.ts" name="pathGeneration utils &gt; generatePizzaSlicePath &gt; 異常ケース: 負の半径でCircleOfFifthsErrorをスロー" time="0.000274124">
        </testcase>
        <testcase classname="src/features/circle-of-fifths/utils/test/pathGeneration.test.ts" name="pathGeneration utils &gt; generatePizzaSlicePath &gt; 異常ケース: 内側半径≥外側半径でCircleOfFifthsErrorをスロー" time="0.000334136">
        </testcase>
        <testcase classname="src/features/circle-of-fifths/utils/test/pathGeneration.test.ts" name="pathGeneration utils &gt; generateThreeSegmentPaths &gt; 正常ケース: 有効なパラメータで3つのパスを正しく生成" time="0.000609934">
        </testcase>
        <testcase classname="src/features/circle-of-fifths/utils/test/pathGeneration.test.ts" name="pathGeneration utils &gt; generateThreeSegmentPaths &gt; 正常ケース: 実際のCIRCLE_LAYOUT値で正しく動作" time="0.000844965">
        </testcase>
        <testcase classname="src/features/circle-of-fifths/utils/test/pathGeneration.test.ts" name="pathGeneration utils &gt; generateThreeSegmentPaths &gt; 異常ケース: 無効な位置でCircleOfFifthsErrorをスロー" time="0.000600266">
        </testcase>
        <testcase classname="src/features/circle-of-fifths/utils/test/pathGeneration.test.ts" name="pathGeneration utils &gt; generateThreeSegmentPaths &gt; 異常ケース: 負の半径でCircleOfFifthsErrorをスロー" time="0.000436158">
        </testcase>
        <testcase classname="src/features/circle-of-fifths/utils/test/pathGeneration.test.ts" name="pathGeneration utils &gt; generateThreeSegmentPaths &gt; 異常ケース: 半径の順序が正しくない場合でErrorをスロー" time="0.000459361">
        </testcase>
    </testsuite>
    <testsuite name="src/features/circle-of-fifths/utils/test/validation.test.ts" timestamp="2025-09-28T12:42:07.494Z" hostname="runnervm3ublj" tests="6" failures="0" errors="0" skipped="0" time="0.00420533">
        <testcase classname="src/features/circle-of-fifths/utils/test/validation.test.ts" name="validation utils &gt; isValidPosition &gt; 正常ケース: 有効な位置（0-11）でtrueを返す" time="0.00167905">
        </testcase>
        <testcase classname="src/features/circle-of-fifths/utils/test/validation.test.ts" name="validation utils &gt; isValidPosition &gt; 境界値ケース: 負の数でfalseを返す" time="0.000216847">
        </testcase>
        <testcase classname="src/features/circle-of-fifths/utils/test/validation.test.ts" name="validation utils &gt; isValidPosition &gt; 境界値ケース: getSegmentCount()以上の数でfalseを返す" time="0.000251191">
        </testcase>
        <testcase classname="src/features/circle-of-fifths/utils/test/validation.test.ts" name="validation utils &gt; isValidPosition &gt; 異常ケース: 小数でfalseを返す" time="0.00020782">
        </testcase>
        <testcase classname="src/features/circle-of-fifths/utils/test/validation.test.ts" name="validation utils &gt; isValidPosition &gt; 異常ケース: NaNでfalseを返す" time="0.000118432">
        </testcase>
        <testcase classname="src/features/circle-of-fifths/utils/test/validation.test.ts" name="validation utils &gt; isValidPosition &gt; 異常ケース: Infinityでfalseを返す" time="0.000135505">
        </testcase>
    </testsuite>
    <testsuite name="src/features/view-controller/hooks/test/useViewController.test.ts" timestamp="2025-09-28T12:42:07.495Z" hostname="runnervm3ublj" tests="28" failures="0" errors="0" skipped="0" time="0.102619453">
        <testcase classname="src/features/view-controller/hooks/test/useViewController.test.ts" name="useViewController &gt; 初期化 &gt; 正常ケース: フックが正常に初期化される" time="0.022566071">
        </testcase>
        <testcase classname="src/features/view-controller/hooks/test/useViewController.test.ts" name="useViewController &gt; 初期化 &gt; 正常ケース: 初期状態でcircle-of-fifthsが選択されている" time="0.003271065">
        </testcase>
        <testcase classname="src/features/view-controller/hooks/test/useViewController.test.ts" name="useViewController &gt; 初期化 &gt; 正常ケース: hubOptionsが正しく取得される" time="0.00513488">
        </testcase>
        <testcase classname="src/features/view-controller/hooks/test/useViewController.test.ts" name="useViewController &gt; 初期化 &gt; 正常ケース: selectedOptionが正しく設定される" time="0.002715152">
        </testcase>
        <testcase classname="src/features/view-controller/hooks/test/useViewController.test.ts" name="useViewController &gt; 初期化 &gt; 正常ケース: radioGroupRefが初期化される" time="0.003018521">
        </testcase>
        <testcase classname="src/features/view-controller/hooks/test/useViewController.test.ts" name="useViewController &gt; hubType変更 &gt; 正常ケース: hubStoreの状態変更が反映される" time="0.004275719">
        </testcase>
        <testcase classname="src/features/view-controller/hooks/test/useViewController.test.ts" name="useViewController &gt; hubType変更 &gt; 正常ケース: hubType変更時にselectedOptionが更新される" time="0.002830689">
        </testcase>
        <testcase classname="src/features/view-controller/hooks/test/useViewController.test.ts" name="useViewController &gt; handleHubTypeChange &gt; 正常ケース: circle-of-fifthsに変更できる" time="0.003272567">
        </testcase>
        <testcase classname="src/features/view-controller/hooks/test/useViewController.test.ts" name="useViewController &gt; handleHubTypeChange &gt; 正常ケース: chromatic-circleに変更できる" time="0.004403248">
        </testcase>
        <testcase classname="src/features/view-controller/hooks/test/useViewController.test.ts" name="useViewController &gt; handleHubTypeChange &gt; 正常ケース: 連続して変更できる" time="0.003045942">
        </testcase>
        <testcase classname="src/features/view-controller/hooks/test/useViewController.test.ts" name="useViewController &gt; handleKeyDown &gt; ArrowLeft/ArrowUpキー &gt; 正常ケース: ArrowLeftで前のオプションに移動" time="0.005809976">
        </testcase>
        <testcase classname="src/features/view-controller/hooks/test/useViewController.test.ts" name="useViewController &gt; handleKeyDown &gt; ArrowLeft/ArrowUpキー &gt; 正常ケース: ArrowUpで前のオプションに移動" time="0.002851097">
        </testcase>
        <testcase classname="src/features/view-controller/hooks/test/useViewController.test.ts" name="useViewController &gt; handleKeyDown &gt; ArrowLeft/ArrowUpキー &gt; 境界値ケース: 最初のオプションで前に移動すると最後のオプションに移動" time="0.002539432">
        </testcase>
        <testcase classname="src/features/view-controller/hooks/test/useViewController.test.ts" name="useViewController &gt; handleKeyDown &gt; ArrowRight/ArrowDownキー &gt; 正常ケース: ArrowRightで次のオプションに移動" time="0.002383951">
        </testcase>
        <testcase classname="src/features/view-controller/hooks/test/useViewController.test.ts" name="useViewController &gt; handleKeyDown &gt; ArrowRight/ArrowDownキー &gt; 正常ケース: ArrowDownで次のオプションに移動" time="0.002061776">
        </testcase>
        <testcase classname="src/features/view-controller/hooks/test/useViewController.test.ts" name="useViewController &gt; handleKeyDown &gt; ArrowRight/ArrowDownキー &gt; 境界値ケース: 最後のオプションで次に移動すると最初のオプションに移動" time="0.002309481">
        </testcase>
        <testcase classname="src/features/view-controller/hooks/test/useViewController.test.ts" name="useViewController &gt; handleKeyDown &gt; Home/Endキー &gt; 正常ケース: Homeキーで最初のオプションに移動" time="0.002215064">
        </testcase>
        <testcase classname="src/features/view-controller/hooks/test/useViewController.test.ts" name="useViewController &gt; handleKeyDown &gt; Home/Endキー &gt; 正常ケース: Endキーで最後のオプションに移動" time="0.002053201">
        </testcase>
        <testcase classname="src/features/view-controller/hooks/test/useViewController.test.ts" name="useViewController &gt; handleKeyDown &gt; Home/Endキー &gt; 境界値ケース: 既に最初のオプションでHomeキーを押しても変化なし" time="0.003547252">
        </testcase>
        <testcase classname="src/features/view-controller/hooks/test/useViewController.test.ts" name="useViewController &gt; handleKeyDown &gt; Home/Endキー &gt; 境界値ケース: 既に最後のオプションでEndキーを押しても変化なし" time="0.001612113">
        </testcase>
        <testcase classname="src/features/view-controller/hooks/test/useViewController.test.ts" name="useViewController &gt; handleKeyDown &gt; その他のキー &gt; 正常ケース: サポートされていないキーは何も実行しない" time="0.001357566">
        </testcase>
        <testcase classname="src/features/view-controller/hooks/test/useViewController.test.ts" name="useViewController &gt; handleKeyDown &gt; その他のキー &gt; 正常ケース: 複数の無効なキーを連続して処理" time="0.001837135">
        </testcase>
        <testcase classname="src/features/view-controller/hooks/test/useViewController.test.ts" name="useViewController &gt; フォーカス管理 &gt; 正常ケース: DOM要素が存在しない場合はエラーなし" time="0.002331983">
        </testcase>
        <testcase classname="src/features/view-controller/hooks/test/useViewController.test.ts" name="useViewController &gt; フォーカス管理 &gt; 正常ケース: DOM要素が存在する場合のフォーカス処理" time="0.003286594">
        </testcase>
        <testcase classname="src/features/view-controller/hooks/test/useViewController.test.ts" name="useViewController &gt; メモ化の動作 &gt; 正常ケース: hubOptionsがメモ化される" time="0.001624426">
        </testcase>
        <testcase classname="src/features/view-controller/hooks/test/useViewController.test.ts" name="useViewController &gt; メモ化の動作 &gt; 正常ケース: hubTypeが変更されない場合はselectedOptionがメモ化される" time="0.001495124">
        </testcase>
        <testcase classname="src/features/view-controller/hooks/test/useViewController.test.ts" name="useViewController &gt; メモ化の動作 &gt; 正常ケース: hubTypeが変更されるとselectedOptionが更新される" time="0.002824356">
        </testcase>
        <testcase classname="src/features/view-controller/hooks/test/useViewController.test.ts" name="useViewController &gt; メモ化の動作 &gt; 正常ケース: handleHubTypeChangeとhandleKeyDownがメモ化される" time="0.002760858">
        </testcase>
    </testsuite>
</testsuites>
