<?xml version="1.0" encoding="UTF-8" ?>
<testsuites name="vitest tests" tests="910" failures="0" errors="0" time="1.479136594">
    <testsuite name="src/stores/test/circleOfFifthsStore.test.ts" timestamp="2025-09-28T12:43:41.933Z" hostname="runnervm3ublj" tests="1" failures="0" errors="0" skipped="0" time="0.002360648">
        <testcase classname="src/stores/test/circleOfFifthsStore.test.ts" name="Zustandストアの基本動作確認 &gt; ストアが正常に初期化される" time="0.001293676">
        </testcase>
    </testsuite>
    <testsuite name="src/stores/test/currentScaleStore.test.ts" timestamp="2025-09-28T12:43:41.934Z" hostname="runnervm3ublj" tests="4" failures="0" errors="0" skipped="0" time="0.042464832">
        <testcase classname="src/stores/test/currentScaleStore.test.ts" name="currentKeyStore &gt; 初期状態はC Majorキーである" time="0.023844224">
        </testcase>
        <testcase classname="src/stores/test/currentScaleStore.test.ts" name="currentKeyStore &gt; 音楽キーを設定できる" time="0.00597247">
        </testcase>
        <testcase classname="src/stores/test/currentScaleStore.test.ts" name="currentKeyStore &gt; デフォルトにリセットできる" time="0.005492389">
        </testcase>
        <testcase classname="src/stores/test/currentScaleStore.test.ts" name="currentKeyStore &gt; メジャーキーとマイナーキーを正しく区別する" time="0.004464061">
        </testcase>
    </testsuite>
    <testsuite name="src/stores/test/hubStore.test.ts" timestamp="2025-09-28T12:43:41.935Z" hostname="runnervm3ublj" tests="13" failures="0" errors="0" skipped="0" time="0.009629041">
        <testcase classname="src/stores/test/hubStore.test.ts" name="hubStore &gt; 初期状態 &gt; 正常ケース: デフォルトでcircle-of-fifthsが設定される" time="0.002261671">
        </testcase>
        <testcase classname="src/stores/test/hubStore.test.ts" name="hubStore &gt; 初期状態 &gt; 正常ケース: setHubType関数が定義されている" time="0.000292628">
        </testcase>
        <testcase classname="src/stores/test/hubStore.test.ts" name="hubStore &gt; 初期状態 &gt; 正常ケース: ストアの型構造が正しい" time="0.00154608">
        </testcase>
        <testcase classname="src/stores/test/hubStore.test.ts" name="hubStore &gt; setHubType関数 &gt; 正常ケース: circle-of-fifthsに設定できる" time="0.000301235">
        </testcase>
        <testcase classname="src/stores/test/hubStore.test.ts" name="hubStore &gt; setHubType関数 &gt; 正常ケース: chromatic-circleに設定できる" time="0.000278502">
        </testcase>
        <testcase classname="src/stores/test/hubStore.test.ts" name="hubStore &gt; setHubType関数 &gt; 正常ケース: 状態変更後もsetHubType関数が同じ参照を保持" time="0.000317225">
        </testcase>
        <testcase classname="src/stores/test/hubStore.test.ts" name="hubStore &gt; setHubType関数 &gt; 境界値ケース: 全てのHubTypeを正しく設定できる" time="0.000382197">
        </testcase>
        <testcase classname="src/stores/test/hubStore.test.ts" name="hubStore &gt; 状態変更の動作 &gt; 正常ケース: 複数回の状態変更が正しく処理される" time="0.000417052">
        </testcase>
        <testcase classname="src/stores/test/hubStore.test.ts" name="hubStore &gt; 状態変更の動作 &gt; 正常ケース: 同じ値を設定しても状態は変更される" time="0.000553318">
        </testcase>
        <testcase classname="src/stores/test/hubStore.test.ts" name="hubStore &gt; ストア購読の動作 &gt; 正常ケース: 状態変更時にリスナーが呼ばれる" time="0.000497463">
        </testcase>
        <testcase classname="src/stores/test/hubStore.test.ts" name="hubStore &gt; ストアの独立性 &gt; 正常ケース: 複数のgetState()呼び出しが同じオブジェクトを参照" time="0.000263695">
        </testcase>
        <testcase classname="src/stores/test/hubStore.test.ts" name="hubStore &gt; ストアの独立性 &gt; 正常ケース: ストアの状態が適切に分離されている" time="0.00022385">
        </testcase>
        <testcase classname="src/stores/test/hubStore.test.ts" name="hubStore &gt; 型安全性 &gt; 正常ケース: HubType以外の値は型エラーとなる（TypeScript）" time="0.000221425">
        </testcase>
    </testsuite>
    <testsuite name="src/stores/test/layerStore.test.ts" timestamp="2025-09-28T12:43:41.938Z" hostname="runnervm3ublj" tests="11" failures="0" errors="0" skipped="0" time="0.009077466">
        <testcase classname="src/stores/test/layerStore.test.ts" name="layerStore &gt; initial state &gt; 正常ケース: 初期状態でダイアトニックコード非表示" time="0.002092484">
        </testcase>
        <testcase classname="src/stores/test/layerStore.test.ts" name="layerStore &gt; toggleDiatonicChords action &gt; 正常ケース: falseからtrueに切り替わる" time="0.000370966">
        </testcase>
        <testcase classname="src/stores/test/layerStore.test.ts" name="layerStore &gt; toggleDiatonicChords action &gt; 正常ケース: trueからfalseに切り替わる" time="0.00043229">
        </testcase>
        <testcase classname="src/stores/test/layerStore.test.ts" name="layerStore &gt; toggleDiatonicChords action &gt; 正常ケース: 複数回のトグル動作" time="0.000542317">
        </testcase>
        <testcase classname="src/stores/test/layerStore.test.ts" name="layerStore &gt; toggleDiatonicChords action &gt; 正常ケース: 関数の参照が安定している" time="0.000243176">
        </testcase>
        <testcase classname="src/stores/test/layerStore.test.ts" name="layerStore &gt; state immutability &gt; 正常ケース: setState後に元のstateが変更されない" time="0.00044224">
        </testcase>
        <testcase classname="src/stores/test/layerStore.test.ts" name="layerStore &gt; state immutability &gt; 正常ケース: toggleDiatonicChords後の不変性" time="0.001195101">
        </testcase>
        <testcase classname="src/stores/test/layerStore.test.ts" name="layerStore &gt; store subscription &gt; 正常ケース: 状態変更時にsubscriberが呼ばれる" time="0.000443692">
        </testcase>
        <testcase classname="src/stores/test/layerStore.test.ts" name="layerStore &gt; direct state manipulation &gt; 正常ケース: setStateによる直接的な状態変更" time="0.000375244">
        </testcase>
        <testcase classname="src/stores/test/layerStore.test.ts" name="layerStore &gt; direct state manipulation &gt; 正常ケース: 部分的な状態更新" time="0.00026107">
        </testcase>
        <testcase classname="src/stores/test/layerStore.test.ts" name="layerStore &gt; type safety &gt; 正常ケース: 型安全な状態アクセス" time="0.00029835">
        </testcase>
    </testsuite>
    <testsuite name="src/domain/chord/test/Chord.test.ts" timestamp="2025-09-28T12:43:41.940Z" hostname="runnervm3ublj" tests="30" failures="0" errors="0" skipped="0" time="0.020145675">
        <testcase classname="src/domain/chord/test/Chord.test.ts" name="Chord &gt; コンストラクタ（ファクトリメソッド経由） &gt; 正常ケース: メジャーコードを生成" time="0.002777289">
        </testcase>
        <testcase classname="src/domain/chord/test/Chord.test.ts" name="Chord &gt; コンストラクタ（ファクトリメソッド経由） &gt; 正常ケース: マイナーコードを生成" time="0.000650861">
        </testcase>
        <testcase classname="src/domain/chord/test/Chord.test.ts" name="Chord &gt; コンストラクタ（ファクトリメソッド経由） &gt; 正常ケース: ドミナント7thコードを生成" time="0.000550753">
        </testcase>
        <testcase classname="src/domain/chord/test/Chord.test.ts" name="Chord &gt; 構成音生成テスト &gt; 正常ケース: 各メジャートライアドの構成音" time="0.001086558">
        </testcase>
        <testcase classname="src/domain/chord/test/Chord.test.ts" name="Chord &gt; 構成音生成テスト &gt; 正常ケース: 各マイナートライアドの構成音" time="0.00086379">
        </testcase>
        <testcase classname="src/domain/chord/test/Chord.test.ts" name="Chord &gt; KeyDTOファクトリメソッド &gt; 正常ケース: KeyDTOからメジャーコード生成" time="0.001010616">
        </testcase>
        <testcase classname="src/domain/chord/test/Chord.test.ts" name="Chord &gt; KeyDTOファクトリメソッド &gt; 正常ケース: KeyDTOからマイナーコード生成" time="0.000547627">
        </testcase>
        <testcase classname="src/domain/chord/test/Chord.test.ts" name="Chord &gt; オクターブ処理 &gt; 正常ケース: オクターブを跨ぐ音程の処理" time="0.000258895">
        </testcase>
        <testcase classname="src/domain/chord/test/Chord.test.ts" name="Chord &gt; オクターブ処理 &gt; 正常ケース: 低いオクターブでの和音" time="0.000360617">
        </testcase>
        <testcase classname="src/domain/chord/test/Chord.test.ts" name="Chord &gt; オクターブ処理 &gt; 正常ケース: 高いオクターブでの和音" time="0.000348143">
        </testcase>
        <testcase classname="src/domain/chord/test/Chord.test.ts" name="Chord &gt; fromNotes ファクトリメソッド &gt; 正常ケース: メジャートライアドの構成音から生成" time="0.00069852">
        </testcase>
        <testcase classname="src/domain/chord/test/Chord.test.ts" name="Chord &gt; fromNotes ファクトリメソッド &gt; 正常ケース: マイナートライアドの構成音から生成" time="0.000434095">
        </testcase>
        <testcase classname="src/domain/chord/test/Chord.test.ts" name="Chord &gt; fromNotes ファクトリメソッド &gt; 正常ケース: ドミナント7thコードの構成音から生成" time="0.000461426">
        </testcase>
        <testcase classname="src/domain/chord/test/Chord.test.ts" name="Chord &gt; fromNotes ファクトリメソッド &gt; 正常ケース: ディミニッシュトライアドの構成音から生成" time="0.000574758">
        </testcase>
        <testcase classname="src/domain/chord/test/Chord.test.ts" name="Chord &gt; fromNotes ファクトリメソッド &gt; エラーケース: 空の構成音配列" time="0.001233033">
        </testcase>
        <testcase classname="src/domain/chord/test/Chord.test.ts" name="Chord &gt; fromNotes ファクトリメソッド &gt; エラーケース: 認識できないコード品質" time="0.000573856">
        </testcase>
        <testcase classname="src/domain/chord/test/Chord.test.ts" name="Chord &gt; ChordPattern.from ファクトリメソッド &gt; 正常ケース: MajorSeventhコード" time="0.000422963">
        </testcase>
        <testcase classname="src/domain/chord/test/Chord.test.ts" name="Chord &gt; ChordPattern.from ファクトリメソッド &gt; 正常ケース: MinorSeventhコード" time="0.000388649">
        </testcase>
        <testcase classname="src/domain/chord/test/Chord.test.ts" name="Chord &gt; ChordPattern.from ファクトリメソッド &gt; 正常ケース: DiminishedTriadコード" time="0.000407795">
        </testcase>
        <testcase classname="src/domain/chord/test/Chord.test.ts" name="Chord &gt; equals メソッド &gt; 正常ケース: 同じルート音と同じ品質のChordは等しい" time="0.00032514">
        </testcase>
        <testcase classname="src/domain/chord/test/Chord.test.ts" name="Chord &gt; equals メソッド &gt; 正常ケース: 同じChord同士は等しい" time="0.00017091">
        </testcase>
        <testcase classname="src/domain/chord/test/Chord.test.ts" name="Chord &gt; equals メソッド &gt; 正常ケース: 異なる品質のChordは等しくない" time="0.000239529">
        </testcase>
        <testcase classname="src/domain/chord/test/Chord.test.ts" name="Chord &gt; equals メソッド &gt; 正常ケース: 異なるルート音のChordは等しくない" time="0.000243867">
        </testcase>
        <testcase classname="src/domain/chord/test/Chord.test.ts" name="Chord &gt; equals メソッド &gt; 正常ケース: 異なるオクターブでも同じピッチクラスと品質なら等しい" time="0.000282239">
        </testcase>
        <testcase classname="src/domain/chord/test/Chord.test.ts" name="Chord &gt; equals メソッド &gt; エッジケース: null、undefined、非Chordオブジェクトとの比較" time="0.000322695">
        </testcase>
        <testcase classname="src/domain/chord/test/Chord.test.ts" name="Chord &gt; equals メソッド &gt; 正常ケース: 異なる生成方法で作られた同じChordは等しい" time="0.000196228">
        </testcase>
        <testcase classname="src/domain/chord/test/Chord.test.ts" name="Chord &gt; equals メソッド &gt; 正常ケース: fromNotesで生成したChordとの比較" time="0.000210835">
        </testcase>
        <testcase classname="src/domain/chord/test/Chord.test.ts" name="Chord &gt; 音楽理論的検証 &gt; 正常ケース: 基本トライアドの音程関係" time="0.000374352">
        </testcase>
        <testcase classname="src/domain/chord/test/Chord.test.ts" name="Chord &gt; 音楽理論的検証 &gt; 正常ケース: セブンスコードの音程関係" time="0.000475372">
        </testcase>
        <testcase classname="src/domain/chord/test/Chord.test.ts" name="Chord &gt; 音楽理論的検証 &gt; 正常ケース: KeyDTOを使った和音進行" time="0.000705263">
        </testcase>
    </testsuite>
    <testsuite name="src/domain/common/test/AbstractMusicalContext.test.ts" timestamp="2025-09-28T12:43:41.946Z" hostname="runnervm3ublj" tests="287" failures="0" errors="0" skipped="0" time="0.174933637">
        <testcase classname="src/domain/common/test/AbstractMusicalContext.test.ts" name="AbstractMusicalContext &gt; getDegreeNameFromNumber - 静的メソッド &gt; 正常ケース: 1-7度の各度数で正しいローマ数字を返す" time="0.002274828">
        </testcase>
        <testcase classname="src/domain/common/test/AbstractMusicalContext.test.ts" name="AbstractMusicalContext &gt; getDegreeNameFromNumber - 静的メソッド &gt; 正常ケース: sharp記号付き度数名を正しく返す" time="0.000349944">
        </testcase>
        <testcase classname="src/domain/common/test/AbstractMusicalContext.test.ts" name="AbstractMusicalContext &gt; getDegreeNameFromNumber - 静的メソッド &gt; 正常ケース: flat記号付き度数名を正しく返す" time="0.00038042">
        </testcase>
        <testcase classname="src/domain/common/test/AbstractMusicalContext.test.ts" name="AbstractMusicalContext &gt; getDegreeNameFromNumber - 静的メソッド &gt; 異常ケース: 範囲外の度数でエラーをスロー" time="0.001067553">
        </testcase>
        <testcase classname="src/domain/common/test/AbstractMusicalContext.test.ts" name="AbstractMusicalContext &gt; getDegreeNameFromNumber - 静的メソッド &gt; 境界値ケース: 最小値と最大値で正しく動作" time="0.000167883">
        </testcase>
        <testcase classname="src/domain/common/test/AbstractMusicalContext.test.ts" name="AbstractMusicalContext &gt; 基本プロパティ &gt; Key (C Major) &gt; centerPitchが正しく設定されている" time="0.000301884">
        </testcase>
        <testcase classname="src/domain/common/test/AbstractMusicalContext.test.ts" name="AbstractMusicalContext &gt; 基本プロパティ &gt; Key (C Major) &gt; scaleが正しく設定されている" time="0.000147425">
        </testcase>
        <testcase classname="src/domain/common/test/AbstractMusicalContext.test.ts" name="AbstractMusicalContext &gt; 基本プロパティ &gt; Key (C Major) &gt; contextNameが生成される" time="0.000234217">
        </testcase>
        <testcase classname="src/domain/common/test/AbstractMusicalContext.test.ts" name="AbstractMusicalContext &gt; 基本プロパティ &gt; Key (C Major) &gt; shortNameが生成される" time="0.000231182">
        </testcase>
        <testcase classname="src/domain/common/test/AbstractMusicalContext.test.ts" name="AbstractMusicalContext &gt; 基本プロパティ &gt; Key (G Major - Sharp) &gt; centerPitchが正しく設定されている" time="0.000195044">
        </testcase>
        <testcase classname="src/domain/common/test/AbstractMusicalContext.test.ts" name="AbstractMusicalContext &gt; 基本プロパティ &gt; Key (G Major - Sharp) &gt; scaleが正しく設定されている" time="0.000153046">
        </testcase>
        <testcase classname="src/domain/common/test/AbstractMusicalContext.test.ts" name="AbstractMusicalContext &gt; 基本プロパティ &gt; Key (G Major - Sharp) &gt; contextNameが生成される" time="0.000102271">
        </testcase>
        <testcase classname="src/domain/common/test/AbstractMusicalContext.test.ts" name="AbstractMusicalContext &gt; 基本プロパティ &gt; Key (G Major - Sharp) &gt; shortNameが生成される" time="0.000092303">
        </testcase>
        <testcase classname="src/domain/common/test/AbstractMusicalContext.test.ts" name="AbstractMusicalContext &gt; 基本プロパティ &gt; Key (F Major - Flat) &gt; centerPitchが正しく設定されている" time="0.00023571">
        </testcase>
        <testcase classname="src/domain/common/test/AbstractMusicalContext.test.ts" name="AbstractMusicalContext &gt; 基本プロパティ &gt; Key (F Major - Flat) &gt; scaleが正しく設定されている" time="0.000122158">
        </testcase>
        <testcase classname="src/domain/common/test/AbstractMusicalContext.test.ts" name="AbstractMusicalContext &gt; 基本プロパティ &gt; Key (F Major - Flat) &gt; contextNameが生成される" time="0.00015525">
        </testcase>
        <testcase classname="src/domain/common/test/AbstractMusicalContext.test.ts" name="AbstractMusicalContext &gt; 基本プロパティ &gt; Key (F Major - Flat) &gt; shortNameが生成される" time="0.000134031">
        </testcase>
        <testcase classname="src/domain/common/test/AbstractMusicalContext.test.ts" name="AbstractMusicalContext &gt; 基本プロパティ &gt; Key (A Minor) &gt; centerPitchが正しく設定されている" time="0.000097021">
        </testcase>
        <testcase classname="src/domain/common/test/AbstractMusicalContext.test.ts" name="AbstractMusicalContext &gt; 基本プロパティ &gt; Key (A Minor) &gt; scaleが正しく設定されている" time="0.000073848">
        </testcase>
        <testcase classname="src/domain/common/test/AbstractMusicalContext.test.ts" name="AbstractMusicalContext &gt; 基本プロパティ &gt; Key (A Minor) &gt; contextNameが生成される" time="0.000154318">
        </testcase>
        <testcase classname="src/domain/common/test/AbstractMusicalContext.test.ts" name="AbstractMusicalContext &gt; 基本プロパティ &gt; Key (A Minor) &gt; shortNameが生成される" time="0.000093575">
        </testcase>
        <testcase classname="src/domain/common/test/AbstractMusicalContext.test.ts" name="AbstractMusicalContext &gt; 基本プロパティ &gt; Key (E Minor - Sharp) &gt; centerPitchが正しく設定されている" time="0.000077164">
        </testcase>
        <testcase classname="src/domain/common/test/AbstractMusicalContext.test.ts" name="AbstractMusicalContext &gt; 基本プロパティ &gt; Key (E Minor - Sharp) &gt; scaleが正しく設定されている" time="0.000079158">
        </testcase>
        <testcase classname="src/domain/common/test/AbstractMusicalContext.test.ts" name="AbstractMusicalContext &gt; 基本プロパティ &gt; Key (E Minor - Sharp) &gt; contextNameが生成される" time="0.000134621">
        </testcase>
        <testcase classname="src/domain/common/test/AbstractMusicalContext.test.ts" name="AbstractMusicalContext &gt; 基本プロパティ &gt; Key (E Minor - Sharp) &gt; shortNameが生成される" time="0.000108713">
        </testcase>
        <testcase classname="src/domain/common/test/AbstractMusicalContext.test.ts" name="AbstractMusicalContext &gt; 基本プロパティ &gt; Key (D Minor - Flat) &gt; centerPitchが正しく設定されている" time="0.00008017">
        </testcase>
        <testcase classname="src/domain/common/test/AbstractMusicalContext.test.ts" name="AbstractMusicalContext &gt; 基本プロパティ &gt; Key (D Minor - Flat) &gt; scaleが正しく設定されている" time="0.000070341">
        </testcase>
        <testcase classname="src/domain/common/test/AbstractMusicalContext.test.ts" name="AbstractMusicalContext &gt; 基本プロパティ &gt; Key (D Minor - Flat) &gt; contextNameが生成される" time="0.000085149">
        </testcase>
        <testcase classname="src/domain/common/test/AbstractMusicalContext.test.ts" name="AbstractMusicalContext &gt; 基本プロパティ &gt; Key (D Minor - Flat) &gt; shortNameが生成される" time="0.000081472">
        </testcase>
        <testcase classname="src/domain/common/test/AbstractMusicalContext.test.ts" name="AbstractMusicalContext &gt; 基本プロパティ &gt; ModalContext (D Dorian) &gt; centerPitchが正しく設定されている" time="0.000074038">
        </testcase>
        <testcase classname="src/domain/common/test/AbstractMusicalContext.test.ts" name="AbstractMusicalContext &gt; 基本プロパティ &gt; ModalContext (D Dorian) &gt; scaleが正しく設定されている" time="0.00006929">
        </testcase>
        <testcase classname="src/domain/common/test/AbstractMusicalContext.test.ts" name="AbstractMusicalContext &gt; 基本プロパティ &gt; ModalContext (D Dorian) &gt; contextNameが生成される" time="0.000078075">
        </testcase>
        <testcase classname="src/domain/common/test/AbstractMusicalContext.test.ts" name="AbstractMusicalContext &gt; 基本プロパティ &gt; ModalContext (D Dorian) &gt; shortNameが生成される" time="0.000094797">
        </testcase>
        <testcase classname="src/domain/common/test/AbstractMusicalContext.test.ts" name="AbstractMusicalContext &gt; 基本プロパティ &gt; ModalContext (E Phrygian) &gt; centerPitchが正しく設定されている" time="0.000075361">
        </testcase>
        <testcase classname="src/domain/common/test/AbstractMusicalContext.test.ts" name="AbstractMusicalContext &gt; 基本プロパティ &gt; ModalContext (E Phrygian) &gt; scaleが正しく設定されている" time="0.000067856">
        </testcase>
        <testcase classname="src/domain/common/test/AbstractMusicalContext.test.ts" name="AbstractMusicalContext &gt; 基本プロパティ &gt; ModalContext (E Phrygian) &gt; contextNameが生成される" time="0.000073828">
        </testcase>
        <testcase classname="src/domain/common/test/AbstractMusicalContext.test.ts" name="AbstractMusicalContext &gt; 基本プロパティ &gt; ModalContext (E Phrygian) &gt; shortNameが生成される" time="0.000094196">
        </testcase>
        <testcase classname="src/domain/common/test/AbstractMusicalContext.test.ts" name="AbstractMusicalContext &gt; 基本プロパティ &gt; ModalContext (F Lydian) &gt; centerPitchが正しく設定されている" time="0.000131435">
        </testcase>
        <testcase classname="src/domain/common/test/AbstractMusicalContext.test.ts" name="AbstractMusicalContext &gt; 基本プロパティ &gt; ModalContext (F Lydian) &gt; scaleが正しく設定されている" time="0.000149249">
        </testcase>
        <testcase classname="src/domain/common/test/AbstractMusicalContext.test.ts" name="AbstractMusicalContext &gt; 基本プロパティ &gt; ModalContext (F Lydian) &gt; contextNameが生成される" time="0.00023049">
        </testcase>
        <testcase classname="src/domain/common/test/AbstractMusicalContext.test.ts" name="AbstractMusicalContext &gt; 基本プロパティ &gt; ModalContext (F Lydian) &gt; shortNameが生成される" time="0.00017158">
        </testcase>
        <testcase classname="src/domain/common/test/AbstractMusicalContext.test.ts" name="AbstractMusicalContext &gt; 基本プロパティ &gt; ModalContext (G Mixolydian) &gt; centerPitchが正しく設定されている" time="0.000150721">
        </testcase>
        <testcase classname="src/domain/common/test/AbstractMusicalContext.test.ts" name="AbstractMusicalContext &gt; 基本プロパティ &gt; ModalContext (G Mixolydian) &gt; scaleが正しく設定されている" time="0.000097732">
        </testcase>
        <testcase classname="src/domain/common/test/AbstractMusicalContext.test.ts" name="AbstractMusicalContext &gt; 基本プロパティ &gt; ModalContext (G Mixolydian) &gt; contextNameが生成される" time="0.000089778">
        </testcase>
        <testcase classname="src/domain/common/test/AbstractMusicalContext.test.ts" name="AbstractMusicalContext &gt; 基本プロパティ &gt; ModalContext (G Mixolydian) &gt; shortNameが生成される" time="0.000084568">
        </testcase>
        <testcase classname="src/domain/common/test/AbstractMusicalContext.test.ts" name="AbstractMusicalContext &gt; buildTriad - 三和音構築機能 &gt; Key (C Major) &gt; 1-7度の三和音を構築できる" time="0.002660317">
        </testcase>
        <testcase classname="src/domain/common/test/AbstractMusicalContext.test.ts" name="AbstractMusicalContext &gt; buildTriad - 三和音構築機能 &gt; Key (C Major) &gt; 範囲外の度数でエラーが投げられる" time="0.000394095">
        </testcase>
        <testcase classname="src/domain/common/test/AbstractMusicalContext.test.ts" name="AbstractMusicalContext &gt; buildTriad - 三和音構築機能 &gt; Key (G Major - Sharp) &gt; 1-7度の三和音を構築できる" time="0.000838306">
        </testcase>
        <testcase classname="src/domain/common/test/AbstractMusicalContext.test.ts" name="AbstractMusicalContext &gt; buildTriad - 三和音構築機能 &gt; Key (G Major - Sharp) &gt; 範囲外の度数でエラーが投げられる" time="0.000265355">
        </testcase>
        <testcase classname="src/domain/common/test/AbstractMusicalContext.test.ts" name="AbstractMusicalContext &gt; buildTriad - 三和音構築機能 &gt; Key (F Major - Flat) &gt; 1-7度の三和音を構築できる" time="0.00133763">
        </testcase>
        <testcase classname="src/domain/common/test/AbstractMusicalContext.test.ts" name="AbstractMusicalContext &gt; buildTriad - 三和音構築機能 &gt; Key (F Major - Flat) &gt; 範囲外の度数でエラーが投げられる" time="0.000384247">
        </testcase>
        <testcase classname="src/domain/common/test/AbstractMusicalContext.test.ts" name="AbstractMusicalContext &gt; buildTriad - 三和音構築機能 &gt; Key (A Minor) &gt; 1-7度の三和音を構築できる" time="0.000852401">
        </testcase>
        <testcase classname="src/domain/common/test/AbstractMusicalContext.test.ts" name="AbstractMusicalContext &gt; buildTriad - 三和音構築機能 &gt; Key (A Minor) &gt; 範囲外の度数でエラーが投げられる" time="0.000381643">
        </testcase>
        <testcase classname="src/domain/common/test/AbstractMusicalContext.test.ts" name="AbstractMusicalContext &gt; buildTriad - 三和音構築機能 &gt; Key (E Minor - Sharp) &gt; 1-7度の三和音を構築できる" time="0.00107059">
        </testcase>
        <testcase classname="src/domain/common/test/AbstractMusicalContext.test.ts" name="AbstractMusicalContext &gt; buildTriad - 三和音構築機能 &gt; Key (E Minor - Sharp) &gt; 範囲外の度数でエラーが投げられる" time="0.000434321">
        </testcase>
        <testcase classname="src/domain/common/test/AbstractMusicalContext.test.ts" name="AbstractMusicalContext &gt; buildTriad - 三和音構築機能 &gt; Key (D Minor - Flat) &gt; 1-7度の三和音を構築できる" time="0.00084616">
        </testcase>
        <testcase classname="src/domain/common/test/AbstractMusicalContext.test.ts" name="AbstractMusicalContext &gt; buildTriad - 三和音構築機能 &gt; Key (D Minor - Flat) &gt; 範囲外の度数でエラーが投げられる" time="0.000347238">
        </testcase>
        <testcase classname="src/domain/common/test/AbstractMusicalContext.test.ts" name="AbstractMusicalContext &gt; buildTriad - 三和音構築機能 &gt; ModalContext (D Dorian) &gt; 1-7度の三和音を構築できる" time="0.001125359">
        </testcase>
        <testcase classname="src/domain/common/test/AbstractMusicalContext.test.ts" name="AbstractMusicalContext &gt; buildTriad - 三和音構築機能 &gt; ModalContext (D Dorian) &gt; 範囲外の度数でエラーが投げられる" time="0.00033699">
        </testcase>
        <testcase classname="src/domain/common/test/AbstractMusicalContext.test.ts" name="AbstractMusicalContext &gt; buildTriad - 三和音構築機能 &gt; ModalContext (E Phrygian) &gt; 1-7度の三和音を構築できる" time="0.000866779">
        </testcase>
        <testcase classname="src/domain/common/test/AbstractMusicalContext.test.ts" name="AbstractMusicalContext &gt; buildTriad - 三和音構築機能 &gt; ModalContext (E Phrygian) &gt; 範囲外の度数でエラーが投げられる" time="0.00044984">
        </testcase>
        <testcase classname="src/domain/common/test/AbstractMusicalContext.test.ts" name="AbstractMusicalContext &gt; buildTriad - 三和音構築機能 &gt; ModalContext (F Lydian) &gt; 1-7度の三和音を構築できる" time="0.00086234">
        </testcase>
        <testcase classname="src/domain/common/test/AbstractMusicalContext.test.ts" name="AbstractMusicalContext &gt; buildTriad - 三和音構築機能 &gt; ModalContext (F Lydian) &gt; 範囲外の度数でエラーが投げられる" time="0.000312964">
        </testcase>
        <testcase classname="src/domain/common/test/AbstractMusicalContext.test.ts" name="AbstractMusicalContext &gt; buildTriad - 三和音構築機能 &gt; ModalContext (G Mixolydian) &gt; 1-7度の三和音を構築できる" time="0.000914508">
        </testcase>
        <testcase classname="src/domain/common/test/AbstractMusicalContext.test.ts" name="AbstractMusicalContext &gt; buildTriad - 三和音構築機能 &gt; ModalContext (G Mixolydian) &gt; 範囲外の度数でエラーが投げられる" time="0.000361095">
        </testcase>
        <testcase classname="src/domain/common/test/AbstractMusicalContext.test.ts" name="AbstractMusicalContext &gt; diatonicChords - ダイアトニック和音配列 &gt; 特定キーの完全一致検証 &gt; 正常ケース: C Majorの7つのダイアトニック和音を完全検証" time="0.000640927">
        </testcase>
        <testcase classname="src/domain/common/test/AbstractMusicalContext.test.ts" name="AbstractMusicalContext &gt; diatonicChords - ダイアトニック和音配列 &gt; 特定キーの完全一致検証 &gt; 正常ケース: A Minorの7つのダイアトニック和音を完全検証" time="0.000608045">
        </testcase>
        <testcase classname="src/domain/common/test/AbstractMusicalContext.test.ts" name="AbstractMusicalContext &gt; diatonicChords - ダイアトニック和音配列 &gt; 特定キーの完全一致検証 &gt; 正常ケース: G Majorの7つのダイアトニック和音を完全検証" time="0.001160668">
        </testcase>
        <testcase classname="src/domain/common/test/AbstractMusicalContext.test.ts" name="AbstractMusicalContext &gt; diatonicChords - ダイアトニック和音配列 &gt; Key (C Major) &gt; 正常ケース: 7つのダイアトニック和音を返す" time="0.000668628">
        </testcase>
        <testcase classname="src/domain/common/test/AbstractMusicalContext.test.ts" name="AbstractMusicalContext &gt; diatonicChords - ダイアトニック和音配列 &gt; Key (C Major) &gt; 正常ケース: キャッシュ機能が動作する（同一インスタンスを返す）" time="0.00014949">
        </testcase>
        <testcase classname="src/domain/common/test/AbstractMusicalContext.test.ts" name="AbstractMusicalContext &gt; diatonicChords - ダイアトニック和音配列 &gt; Key (C Major) &gt; 正常ケース: 結果がフリーズされている（immutable）" time="0.000114625">
        </testcase>
        <testcase classname="src/domain/common/test/AbstractMusicalContext.test.ts" name="AbstractMusicalContext &gt; diatonicChords - ダイアトニック和音配列 &gt; Key (C Major) &gt; 正常ケース: 各和音が有効なコード名を持つ" time="0.000647349">
        </testcase>
        <testcase classname="src/domain/common/test/AbstractMusicalContext.test.ts" name="AbstractMusicalContext &gt; diatonicChords - ダイアトニック和音配列 &gt; Key (G Major - Sharp) &gt; 正常ケース: 7つのダイアトニック和音を返す" time="0.00066435">
        </testcase>
        <testcase classname="src/domain/common/test/AbstractMusicalContext.test.ts" name="AbstractMusicalContext &gt; diatonicChords - ダイアトニック和音配列 &gt; Key (G Major - Sharp) &gt; 正常ケース: キャッシュ機能が動作する（同一インスタンスを返す）" time="0.000077796">
        </testcase>
        <testcase classname="src/domain/common/test/AbstractMusicalContext.test.ts" name="AbstractMusicalContext &gt; diatonicChords - ダイアトニック和音配列 &gt; Key (G Major - Sharp) &gt; 正常ケース: 結果がフリーズされている（immutable）" time="0.000097792">
        </testcase>
        <testcase classname="src/domain/common/test/AbstractMusicalContext.test.ts" name="AbstractMusicalContext &gt; diatonicChords - ダイアトニック和音配列 &gt; Key (G Major - Sharp) &gt; 正常ケース: 各和音が有効なコード名を持つ" time="0.00041215">
        </testcase>
        <testcase classname="src/domain/common/test/AbstractMusicalContext.test.ts" name="AbstractMusicalContext &gt; diatonicChords - ダイアトニック和音配列 &gt; Key (F Major - Flat) &gt; 正常ケース: 7つのダイアトニック和音を返す" time="0.000682344">
        </testcase>
        <testcase classname="src/domain/common/test/AbstractMusicalContext.test.ts" name="AbstractMusicalContext &gt; diatonicChords - ダイアトニック和音配列 &gt; Key (F Major - Flat) &gt; 正常ケース: キャッシュ機能が動作する（同一インスタンスを返す）" time="0.000130233">
        </testcase>
        <testcase classname="src/domain/common/test/AbstractMusicalContext.test.ts" name="AbstractMusicalContext &gt; diatonicChords - ダイアトニック和音配列 &gt; Key (F Major - Flat) &gt; 正常ケース: 結果がフリーズされている（immutable）" time="0.00008558">
        </testcase>
        <testcase classname="src/domain/common/test/AbstractMusicalContext.test.ts" name="AbstractMusicalContext &gt; diatonicChords - ダイアトニック和音配列 &gt; Key (F Major - Flat) &gt; 正常ケース: 各和音が有効なコード名を持つ" time="0.000610971">
        </testcase>
        <testcase classname="src/domain/common/test/AbstractMusicalContext.test.ts" name="AbstractMusicalContext &gt; diatonicChords - ダイアトニック和音配列 &gt; Key (A Minor) &gt; 正常ケース: 7つのダイアトニック和音を返す" time="0.000801857">
        </testcase>
        <testcase classname="src/domain/common/test/AbstractMusicalContext.test.ts" name="AbstractMusicalContext &gt; diatonicChords - ダイアトニック和音配列 &gt; Key (A Minor) &gt; 正常ケース: キャッシュ機能が動作する（同一インスタンスを返す）" time="0.000172261">
        </testcase>
        <testcase classname="src/domain/common/test/AbstractMusicalContext.test.ts" name="AbstractMusicalContext &gt; diatonicChords - ダイアトニック和音配列 &gt; Key (A Minor) &gt; 正常ケース: 結果がフリーズされている（immutable）" time="0.000114303">
        </testcase>
        <testcase classname="src/domain/common/test/AbstractMusicalContext.test.ts" name="AbstractMusicalContext &gt; diatonicChords - ダイアトニック和音配列 &gt; Key (A Minor) &gt; 正常ケース: 各和音が有効なコード名を持つ" time="0.000601122">
        </testcase>
        <testcase classname="src/domain/common/test/AbstractMusicalContext.test.ts" name="AbstractMusicalContext &gt; diatonicChords - ダイアトニック和音配列 &gt; Key (E Minor - Sharp) &gt; 正常ケース: 7つのダイアトニック和音を返す" time="0.000738549">
        </testcase>
        <testcase classname="src/domain/common/test/AbstractMusicalContext.test.ts" name="AbstractMusicalContext &gt; diatonicChords - ダイアトニック和音配列 &gt; Key (E Minor - Sharp) &gt; 正常ケース: キャッシュ機能が動作する（同一インスタンスを返す）" time="0.000087974">
        </testcase>
        <testcase classname="src/domain/common/test/AbstractMusicalContext.test.ts" name="AbstractMusicalContext &gt; diatonicChords - ダイアトニック和音配列 &gt; Key (E Minor - Sharp) &gt; 正常ケース: 結果がフリーズされている（immutable）" time="0.000077134">
        </testcase>
        <testcase classname="src/domain/common/test/AbstractMusicalContext.test.ts" name="AbstractMusicalContext &gt; diatonicChords - ダイアトニック和音配列 &gt; Key (E Minor - Sharp) &gt; 正常ケース: 各和音が有効なコード名を持つ" time="0.000608666">
        </testcase>
        <testcase classname="src/domain/common/test/AbstractMusicalContext.test.ts" name="AbstractMusicalContext &gt; diatonicChords - ダイアトニック和音配列 &gt; Key (D Minor - Flat) &gt; 正常ケース: 7つのダイアトニック和音を返す" time="0.000735253">
        </testcase>
        <testcase classname="src/domain/common/test/AbstractMusicalContext.test.ts" name="AbstractMusicalContext &gt; diatonicChords - ダイアトニック和音配列 &gt; Key (D Minor - Flat) &gt; 正常ケース: キャッシュ機能が動作する（同一インスタンスを返す）" time="0.000101439">
        </testcase>
        <testcase classname="src/domain/common/test/AbstractMusicalContext.test.ts" name="AbstractMusicalContext &gt; diatonicChords - ダイアトニック和音配列 &gt; Key (D Minor - Flat) &gt; 正常ケース: 結果がフリーズされている（immutable）" time="0.000088986">
        </testcase>
        <testcase classname="src/domain/common/test/AbstractMusicalContext.test.ts" name="AbstractMusicalContext &gt; diatonicChords - ダイアトニック和音配列 &gt; Key (D Minor - Flat) &gt; 正常ケース: 各和音が有効なコード名を持つ" time="0.00046644">
        </testcase>
        <testcase classname="src/domain/common/test/AbstractMusicalContext.test.ts" name="AbstractMusicalContext &gt; diatonicChords - ダイアトニック和音配列 &gt; ModalContext (D Dorian) &gt; 正常ケース: 7つのダイアトニック和音を返す" time="0.000718992">
        </testcase>
        <testcase classname="src/domain/common/test/AbstractMusicalContext.test.ts" name="AbstractMusicalContext &gt; diatonicChords - ダイアトニック和音配列 &gt; ModalContext (D Dorian) &gt; 正常ケース: キャッシュ機能が動作する（同一インスタンスを返す）" time="0.000108863">
        </testcase>
        <testcase classname="src/domain/common/test/AbstractMusicalContext.test.ts" name="AbstractMusicalContext &gt; diatonicChords - ダイアトニック和音配列 &gt; ModalContext (D Dorian) &gt; 正常ケース: 結果がフリーズされている（immutable）" time="0.00009123">
        </testcase>
        <testcase classname="src/domain/common/test/AbstractMusicalContext.test.ts" name="AbstractMusicalContext &gt; diatonicChords - ダイアトニック和音配列 &gt; ModalContext (D Dorian) &gt; 正常ケース: 各和音が有効なコード名を持つ" time="0.000549416">
        </testcase>
        <testcase classname="src/domain/common/test/AbstractMusicalContext.test.ts" name="AbstractMusicalContext &gt; diatonicChords - ダイアトニック和音配列 &gt; ModalContext (E Phrygian) &gt; 正常ケース: 7つのダイアトニック和音を返す" time="0.000709064">
        </testcase>
        <testcase classname="src/domain/common/test/AbstractMusicalContext.test.ts" name="AbstractMusicalContext &gt; diatonicChords - ダイアトニック和音配列 &gt; ModalContext (E Phrygian) &gt; 正常ケース: キャッシュ機能が動作する（同一インスタンスを返す）" time="0.000087673">
        </testcase>
        <testcase classname="src/domain/common/test/AbstractMusicalContext.test.ts" name="AbstractMusicalContext &gt; diatonicChords - ダイアトニック和音配列 &gt; ModalContext (E Phrygian) &gt; 正常ケース: 結果がフリーズされている（immutable）" time="0.00008029">
        </testcase>
        <testcase classname="src/domain/common/test/AbstractMusicalContext.test.ts" name="AbstractMusicalContext &gt; diatonicChords - ダイアトニック和音配列 &gt; ModalContext (E Phrygian) &gt; 正常ケース: 各和音が有効なコード名を持つ" time="0.000517336">
        </testcase>
        <testcase classname="src/domain/common/test/AbstractMusicalContext.test.ts" name="AbstractMusicalContext &gt; diatonicChords - ダイアトニック和音配列 &gt; ModalContext (F Lydian) &gt; 正常ケース: 7つのダイアトニック和音を返す" time="0.000777492">
        </testcase>
        <testcase classname="src/domain/common/test/AbstractMusicalContext.test.ts" name="AbstractMusicalContext &gt; diatonicChords - ダイアトニック和音配列 &gt; ModalContext (F Lydian) &gt; 正常ケース: キャッシュ機能が動作する（同一インスタンスを返す）" time="0.000100918">
        </testcase>
        <testcase classname="src/domain/common/test/AbstractMusicalContext.test.ts" name="AbstractMusicalContext &gt; diatonicChords - ダイアトニック和音配列 &gt; ModalContext (F Lydian) &gt; 正常ケース: 結果がフリーズされている（immutable）" time="0.000093565">
        </testcase>
        <testcase classname="src/domain/common/test/AbstractMusicalContext.test.ts" name="AbstractMusicalContext &gt; diatonicChords - ダイアトニック和音配列 &gt; ModalContext (F Lydian) &gt; 正常ケース: 各和音が有効なコード名を持つ" time="0.000651526">
        </testcase>
        <testcase classname="src/domain/common/test/AbstractMusicalContext.test.ts" name="AbstractMusicalContext &gt; diatonicChords - ダイアトニック和音配列 &gt; ModalContext (G Mixolydian) &gt; 正常ケース: 7つのダイアトニック和音を返す" time="0.000743017">
        </testcase>
        <testcase classname="src/domain/common/test/AbstractMusicalContext.test.ts" name="AbstractMusicalContext &gt; diatonicChords - ダイアトニック和音配列 &gt; ModalContext (G Mixolydian) &gt; 正常ケース: キャッシュ機能が動作する（同一インスタンスを返す）" time="0.000097271">
        </testcase>
        <testcase classname="src/domain/common/test/AbstractMusicalContext.test.ts" name="AbstractMusicalContext &gt; diatonicChords - ダイアトニック和音配列 &gt; ModalContext (G Mixolydian) &gt; 正常ケース: 結果がフリーズされている（immutable）" time="0.000110857">
        </testcase>
        <testcase classname="src/domain/common/test/AbstractMusicalContext.test.ts" name="AbstractMusicalContext &gt; diatonicChords - ダイアトニック和音配列 &gt; ModalContext (G Mixolydian) &gt; 正常ケース: 各和音が有効なコード名を持つ" time="0.0004768">
        </testcase>
        <testcase classname="src/domain/common/test/AbstractMusicalContext.test.ts" name="AbstractMusicalContext &gt; analyzeChord - 和音分析機能 &gt; 特定キーの分析結果完全検証 &gt; 正常ケース: C Majorの各ダイアトニック和音分析を完全検証" time="0.001211141">
        </testcase>
        <testcase classname="src/domain/common/test/AbstractMusicalContext.test.ts" name="AbstractMusicalContext &gt; analyzeChord - 和音分析機能 &gt; 特定キーの分析結果完全検証 &gt; 正常ケース: A Minorの各ダイアトニック和音分析を完全検証" time="0.000667636">
        </testcase>
        <testcase classname="src/domain/common/test/AbstractMusicalContext.test.ts" name="AbstractMusicalContext &gt; analyzeChord - 和音分析機能 &gt; Key (C Major) &gt; 正常ケース: ダイアトニック和音の分析結果構造を検証" time="0.000405247">
        </testcase>
        <testcase classname="src/domain/common/test/AbstractMusicalContext.test.ts" name="AbstractMusicalContext &gt; analyzeChord - 和音分析機能 &gt; Key (C Major) &gt; 正常ケース: 全ダイアトニック和音が正しく分析される" time="0.001306279">
        </testcase>
        <testcase classname="src/domain/common/test/AbstractMusicalContext.test.ts" name="AbstractMusicalContext &gt; analyzeChord - 和音分析機能 &gt; Key (C Major) &gt; 正常ケース: 和音分析結果の詳細プロパティを検証" time="0.0019066">
        </testcase>
        <testcase classname="src/domain/common/test/AbstractMusicalContext.test.ts" name="AbstractMusicalContext &gt; analyzeChord - 和音分析機能 &gt; Key (G Major - Sharp) &gt; 正常ケース: ダイアトニック和音の分析結果構造を検証" time="0.000248594">
        </testcase>
        <testcase classname="src/domain/common/test/AbstractMusicalContext.test.ts" name="AbstractMusicalContext &gt; analyzeChord - 和音分析機能 &gt; Key (G Major - Sharp) &gt; 正常ケース: 全ダイアトニック和音が正しく分析される" time="0.000810143">
        </testcase>
        <testcase classname="src/domain/common/test/AbstractMusicalContext.test.ts" name="AbstractMusicalContext &gt; analyzeChord - 和音分析機能 &gt; Key (G Major - Sharp) &gt; 正常ケース: 和音分析結果の詳細プロパティを検証" time="0.001746672">
        </testcase>
        <testcase classname="src/domain/common/test/AbstractMusicalContext.test.ts" name="AbstractMusicalContext &gt; analyzeChord - 和音分析機能 &gt; Key (F Major - Flat) &gt; 正常ケース: ダイアトニック和音の分析結果構造を検証" time="0.002364005">
        </testcase>
        <testcase classname="src/domain/common/test/AbstractMusicalContext.test.ts" name="AbstractMusicalContext &gt; analyzeChord - 和音分析機能 &gt; Key (F Major - Flat) &gt; 正常ケース: 全ダイアトニック和音が正しく分析される" time="0.000702642">
        </testcase>
        <testcase classname="src/domain/common/test/AbstractMusicalContext.test.ts" name="AbstractMusicalContext &gt; analyzeChord - 和音分析機能 &gt; Key (F Major - Flat) &gt; 正常ケース: 和音分析結果の詳細プロパティを検証" time="0.00155262">
        </testcase>
        <testcase classname="src/domain/common/test/AbstractMusicalContext.test.ts" name="AbstractMusicalContext &gt; analyzeChord - 和音分析機能 &gt; Key (A Minor) &gt; 正常ケース: ダイアトニック和音の分析結果構造を検証" time="0.000217717">
        </testcase>
        <testcase classname="src/domain/common/test/AbstractMusicalContext.test.ts" name="AbstractMusicalContext &gt; analyzeChord - 和音分析機能 &gt; Key (A Minor) &gt; 正常ケース: 全ダイアトニック和音が正しく分析される" time="0.00800118">
        </testcase>
        <testcase classname="src/domain/common/test/AbstractMusicalContext.test.ts" name="AbstractMusicalContext &gt; analyzeChord - 和音分析機能 &gt; Key (A Minor) &gt; 正常ケース: 和音分析結果の詳細プロパティを検証" time="0.001599727">
        </testcase>
        <testcase classname="src/domain/common/test/AbstractMusicalContext.test.ts" name="AbstractMusicalContext &gt; analyzeChord - 和音分析機能 &gt; Key (E Minor - Sharp) &gt; 正常ケース: ダイアトニック和音の分析結果構造を検証" time="0.000250107">
        </testcase>
        <testcase classname="src/domain/common/test/AbstractMusicalContext.test.ts" name="AbstractMusicalContext &gt; analyzeChord - 和音分析機能 &gt; Key (E Minor - Sharp) &gt; 正常ケース: 全ダイアトニック和音が正しく分析される" time="0.001724028">
        </testcase>
        <testcase classname="src/domain/common/test/AbstractMusicalContext.test.ts" name="AbstractMusicalContext &gt; analyzeChord - 和音分析機能 &gt; Key (E Minor - Sharp) &gt; 正常ケース: 和音分析結果の詳細プロパティを検証" time="0.001562006">
        </testcase>
        <testcase classname="src/domain/common/test/AbstractMusicalContext.test.ts" name="AbstractMusicalContext &gt; analyzeChord - 和音分析機能 &gt; Key (D Minor - Flat) &gt; 正常ケース: ダイアトニック和音の分析結果構造を検証" time="0.000211585">
        </testcase>
        <testcase classname="src/domain/common/test/AbstractMusicalContext.test.ts" name="AbstractMusicalContext &gt; analyzeChord - 和音分析機能 &gt; Key (D Minor - Flat) &gt; 正常ケース: 全ダイアトニック和音が正しく分析される" time="0.000722689">
        </testcase>
        <testcase classname="src/domain/common/test/AbstractMusicalContext.test.ts" name="AbstractMusicalContext &gt; analyzeChord - 和音分析機能 &gt; Key (D Minor - Flat) &gt; 正常ケース: 和音分析結果の詳細プロパティを検証" time="0.001712187">
        </testcase>
        <testcase classname="src/domain/common/test/AbstractMusicalContext.test.ts" name="AbstractMusicalContext &gt; analyzeChord - 和音分析機能 &gt; ModalContext (D Dorian) &gt; 正常ケース: ダイアトニック和音の分析結果構造を検証" time="0.000257761">
        </testcase>
        <testcase classname="src/domain/common/test/AbstractMusicalContext.test.ts" name="AbstractMusicalContext &gt; analyzeChord - 和音分析機能 &gt; ModalContext (D Dorian) &gt; 正常ケース: 全ダイアトニック和音が正しく分析される" time="0.000745532">
        </testcase>
        <testcase classname="src/domain/common/test/AbstractMusicalContext.test.ts" name="AbstractMusicalContext &gt; analyzeChord - 和音分析機能 &gt; ModalContext (D Dorian) &gt; 正常ケース: 和音分析結果の詳細プロパティを検証" time="0.002003505">
        </testcase>
        <testcase classname="src/domain/common/test/AbstractMusicalContext.test.ts" name="AbstractMusicalContext &gt; analyzeChord - 和音分析機能 &gt; ModalContext (E Phrygian) &gt; 正常ケース: ダイアトニック和音の分析結果構造を検証" time="0.000250888">
        </testcase>
        <testcase classname="src/domain/common/test/AbstractMusicalContext.test.ts" name="AbstractMusicalContext &gt; analyzeChord - 和音分析機能 &gt; ModalContext (E Phrygian) &gt; 正常ケース: 全ダイアトニック和音が正しく分析される" time="0.000672536">
        </testcase>
        <testcase classname="src/domain/common/test/AbstractMusicalContext.test.ts" name="AbstractMusicalContext &gt; analyzeChord - 和音分析機能 &gt; ModalContext (E Phrygian) &gt; 正常ケース: 和音分析結果の詳細プロパティを検証" time="0.001712177">
        </testcase>
        <testcase classname="src/domain/common/test/AbstractMusicalContext.test.ts" name="AbstractMusicalContext &gt; analyzeChord - 和音分析機能 &gt; ModalContext (F Lydian) &gt; 正常ケース: ダイアトニック和音の分析結果構造を検証" time="0.000209261">
        </testcase>
        <testcase classname="src/domain/common/test/AbstractMusicalContext.test.ts" name="AbstractMusicalContext &gt; analyzeChord - 和音分析機能 &gt; ModalContext (F Lydian) &gt; 正常ケース: 全ダイアトニック和音が正しく分析される" time="0.000725405">
        </testcase>
        <testcase classname="src/domain/common/test/AbstractMusicalContext.test.ts" name="AbstractMusicalContext &gt; analyzeChord - 和音分析機能 &gt; ModalContext (F Lydian) &gt; 正常ケース: 和音分析結果の詳細プロパティを検証" time="0.002137218">
        </testcase>
        <testcase classname="src/domain/common/test/AbstractMusicalContext.test.ts" name="AbstractMusicalContext &gt; analyzeChord - 和音分析機能 &gt; ModalContext (G Mixolydian) &gt; 正常ケース: ダイアトニック和音の分析結果構造を検証" time="0.000215472">
        </testcase>
        <testcase classname="src/domain/common/test/AbstractMusicalContext.test.ts" name="AbstractMusicalContext &gt; analyzeChord - 和音分析機能 &gt; ModalContext (G Mixolydian) &gt; 正常ケース: 全ダイアトニック和音が正しく分析される" time="0.000694447">
        </testcase>
        <testcase classname="src/domain/common/test/AbstractMusicalContext.test.ts" name="AbstractMusicalContext &gt; analyzeChord - 和音分析機能 &gt; ModalContext (G Mixolydian) &gt; 正常ケース: 和音分析結果の詳細プロパティを検証" time="0.00130127">
        </testcase>
        <testcase classname="src/domain/common/test/AbstractMusicalContext.test.ts" name="AbstractMusicalContext &gt; analyzeChord - 和音分析機能 &gt; ノンダイアトニック和音の分析 &gt; 正常ケース: C Majorにおけるセカンダリードミナント（V/V = D major）の分析" time="0.000392363">
        </testcase>
        <testcase classname="src/domain/common/test/AbstractMusicalContext.test.ts" name="AbstractMusicalContext &gt; analyzeChord - 和音分析機能 &gt; ノンダイアトニック和音の分析 &gt; 正常ケース: A Minorにおけるナポリタン6度（♭Ⅱ = B♭ major）の分析" time="0.000356706">
        </testcase>
        <testcase classname="src/domain/common/test/AbstractMusicalContext.test.ts" name="AbstractMusicalContext &gt; analyzeChord - 和音分析機能 &gt; ノンダイアトニック和音の分析 &gt; 正常ケース: C Majorにおける借用和音（ⅵ♭ = A♭ major）の分析" time="0.000237644">
        </testcase>
        <testcase classname="src/domain/common/test/AbstractMusicalContext.test.ts" name="AbstractMusicalContext &gt; analyzeChord - 和音分析機能 &gt; ノンダイアトニック和音の分析 &gt; 正常ケース: G Majorにおけるクロマチック和音（F diminished）の分析" time="0.000252842">
        </testcase>
        <testcase classname="src/domain/common/test/AbstractMusicalContext.test.ts" name="AbstractMusicalContext &gt; analyzeChord - 和音分析機能 &gt; ノンダイアトニック和音の分析 &gt; 正常ケース: F Majorにおける増六和音（ドイツ増六 = D♭ major）の分析" time="0.00024091">
        </testcase>
        <testcase classname="src/domain/common/test/AbstractMusicalContext.test.ts" name="AbstractMusicalContext &gt; analyzeChord - 和音分析機能 &gt; ノンダイアトニック和音の分析 &gt; Key (C Major) - ノンダイアトニック和音 &gt; 正常ケース: 完全に異なる調の和音をfalseと分析" time="0.000248694">
        </testcase>
        <testcase classname="src/domain/common/test/AbstractMusicalContext.test.ts" name="AbstractMusicalContext &gt; analyzeChord - 和音分析機能 &gt; ノンダイアトニック和音の分析 &gt; Key (C Major) - ノンダイアトニック和音 &gt; 正常ケース: 異なるクオリティの同じルート音和音をfalseと分析" time="0.00017648">
        </testcase>
        <testcase classname="src/domain/common/test/AbstractMusicalContext.test.ts" name="AbstractMusicalContext &gt; analyzeChord - 和音分析機能 &gt; ノンダイアトニック和音の分析 &gt; Key (C Major) - ノンダイアトニック和音 &gt; 正常ケース: ノンダイアトニック和音の分析結果構造検証" time="0.000248054">
        </testcase>
        <testcase classname="src/domain/common/test/AbstractMusicalContext.test.ts" name="AbstractMusicalContext &gt; analyzeChord - 和音分析機能 &gt; ノンダイアトニック和音の分析 &gt; Key (G Major - Sharp) - ノンダイアトニック和音 &gt; 正常ケース: 完全に異なる調の和音をfalseと分析" time="0.000169416">
        </testcase>
        <testcase classname="src/domain/common/test/AbstractMusicalContext.test.ts" name="AbstractMusicalContext &gt; analyzeChord - 和音分析機能 &gt; ノンダイアトニック和音の分析 &gt; Key (G Major - Sharp) - ノンダイアトニック和音 &gt; 正常ケース: 異なるクオリティの同じルート音和音をfalseと分析" time="0.000103433">
        </testcase>
        <testcase classname="src/domain/common/test/AbstractMusicalContext.test.ts" name="AbstractMusicalContext &gt; analyzeChord - 和音分析機能 &gt; ノンダイアトニック和音の分析 &gt; Key (G Major - Sharp) - ノンダイアトニック和音 &gt; 正常ケース: ノンダイアトニック和音の分析結果構造検証" time="0.000172753">
        </testcase>
        <testcase classname="src/domain/common/test/AbstractMusicalContext.test.ts" name="AbstractMusicalContext &gt; analyzeChord - 和音分析機能 &gt; ノンダイアトニック和音の分析 &gt; Key (F Major - Flat) - ノンダイアトニック和音 &gt; 正常ケース: 完全に異なる調の和音をfalseと分析" time="0.000164597">
        </testcase>
        <testcase classname="src/domain/common/test/AbstractMusicalContext.test.ts" name="AbstractMusicalContext &gt; analyzeChord - 和音分析機能 &gt; ノンダイアトニック和音の分析 &gt; Key (F Major - Flat) - ノンダイアトニック和音 &gt; 正常ケース: 異なるクオリティの同じルート音和音をfalseと分析" time="0.000102261">
        </testcase>
        <testcase classname="src/domain/common/test/AbstractMusicalContext.test.ts" name="AbstractMusicalContext &gt; analyzeChord - 和音分析機能 &gt; ノンダイアトニック和音の分析 &gt; Key (F Major - Flat) - ノンダイアトニック和音 &gt; 正常ケース: ノンダイアトニック和音の分析結果構造検証" time="0.000197058">
        </testcase>
        <testcase classname="src/domain/common/test/AbstractMusicalContext.test.ts" name="AbstractMusicalContext &gt; analyzeChord - 和音分析機能 &gt; ノンダイアトニック和音の分析 &gt; Key (A Minor) - ノンダイアトニック和音 &gt; 正常ケース: 完全に異なる調の和音をfalseと分析" time="0.000158285">
        </testcase>
        <testcase classname="src/domain/common/test/AbstractMusicalContext.test.ts" name="AbstractMusicalContext &gt; analyzeChord - 和音分析機能 &gt; ノンダイアトニック和音の分析 &gt; Key (A Minor) - ノンダイアトニック和音 &gt; 正常ケース: 異なるクオリティの同じルート音和音をfalseと分析" time="0.000097822">
        </testcase>
        <testcase classname="src/domain/common/test/AbstractMusicalContext.test.ts" name="AbstractMusicalContext &gt; analyzeChord - 和音分析機能 &gt; ノンダイアトニック和音の分析 &gt; Key (A Minor) - ノンダイアトニック和音 &gt; 正常ケース: ノンダイアトニック和音の分析結果構造検証" time="0.000158185">
        </testcase>
        <testcase classname="src/domain/common/test/AbstractMusicalContext.test.ts" name="AbstractMusicalContext &gt; analyzeChord - 和音分析機能 &gt; ノンダイアトニック和音の分析 &gt; Key (E Minor - Sharp) - ノンダイアトニック和音 &gt; 正常ケース: 完全に異なる調の和音をfalseと分析" time="0.000166562">
        </testcase>
        <testcase classname="src/domain/common/test/AbstractMusicalContext.test.ts" name="AbstractMusicalContext &gt; analyzeChord - 和音分析機能 &gt; ノンダイアトニック和音の分析 &gt; Key (E Minor - Sharp) - ノンダイアトニック和音 &gt; 正常ケース: 異なるクオリティの同じルート音和音をfalseと分析" time="0.000108673">
        </testcase>
        <testcase classname="src/domain/common/test/AbstractMusicalContext.test.ts" name="AbstractMusicalContext &gt; analyzeChord - 和音分析機能 &gt; ノンダイアトニック和音の分析 &gt; Key (E Minor - Sharp) - ノンダイアトニック和音 &gt; 正常ケース: ノンダイアトニック和音の分析結果構造検証" time="0.000175448">
        </testcase>
        <testcase classname="src/domain/common/test/AbstractMusicalContext.test.ts" name="AbstractMusicalContext &gt; analyzeChord - 和音分析機能 &gt; ノンダイアトニック和音の分析 &gt; Key (D Minor - Flat) - ノンダイアトニック和音 &gt; 正常ケース: 完全に異なる調の和音をfalseと分析" time="0.000148257">
        </testcase>
        <testcase classname="src/domain/common/test/AbstractMusicalContext.test.ts" name="AbstractMusicalContext &gt; analyzeChord - 和音分析機能 &gt; ノンダイアトニック和音の分析 &gt; Key (D Minor - Flat) - ノンダイアトニック和音 &gt; 正常ケース: 異なるクオリティの同じルート音和音をfalseと分析" time="0.000118952">
        </testcase>
        <testcase classname="src/domain/common/test/AbstractMusicalContext.test.ts" name="AbstractMusicalContext &gt; analyzeChord - 和音分析機能 &gt; ノンダイアトニック和音の分析 &gt; Key (D Minor - Flat) - ノンダイアトニック和音 &gt; 正常ケース: ノンダイアトニック和音の分析結果構造検証" time="0.000157775">
        </testcase>
        <testcase classname="src/domain/common/test/AbstractMusicalContext.test.ts" name="AbstractMusicalContext &gt; analyzeChord - 和音分析機能 &gt; ノンダイアトニック和音の分析 &gt; ModalContext (D Dorian) - ノンダイアトニック和音 &gt; 正常ケース: 完全に異なる調の和音をfalseと分析" time="0.000136324">
        </testcase>
        <testcase classname="src/domain/common/test/AbstractMusicalContext.test.ts" name="AbstractMusicalContext &gt; analyzeChord - 和音分析機能 &gt; ノンダイアトニック和音の分析 &gt; ModalContext (D Dorian) - ノンダイアトニック和音 &gt; 正常ケース: 異なるクオリティの同じルート音和音をfalseと分析" time="0.000091741">
        </testcase>
        <testcase classname="src/domain/common/test/AbstractMusicalContext.test.ts" name="AbstractMusicalContext &gt; analyzeChord - 和音分析機能 &gt; ノンダイアトニック和音の分析 &gt; ModalContext (D Dorian) - ノンダイアトニック和音 &gt; 正常ケース: ノンダイアトニック和音の分析結果構造検証" time="0.00014986">
        </testcase>
        <testcase classname="src/domain/common/test/AbstractMusicalContext.test.ts" name="AbstractMusicalContext &gt; analyzeChord - 和音分析機能 &gt; ノンダイアトニック和音の分析 &gt; ModalContext (E Phrygian) - ノンダイアトニック和音 &gt; 正常ケース: 完全に異なる調の和音をfalseと分析" time="0.000151673">
        </testcase>
        <testcase classname="src/domain/common/test/AbstractMusicalContext.test.ts" name="AbstractMusicalContext &gt; analyzeChord - 和音分析機能 &gt; ノンダイアトニック和音の分析 &gt; ModalContext (E Phrygian) - ノンダイアトニック和音 &gt; 正常ケース: 異なるクオリティの同じルート音和音をfalseと分析" time="0.000093094">
        </testcase>
        <testcase classname="src/domain/common/test/AbstractMusicalContext.test.ts" name="AbstractMusicalContext &gt; analyzeChord - 和音分析機能 &gt; ノンダイアトニック和音の分析 &gt; ModalContext (E Phrygian) - ノンダイアトニック和音 &gt; 正常ケース: ノンダイアトニック和音の分析結果構造検証" time="0.000163254">
        </testcase>
        <testcase classname="src/domain/common/test/AbstractMusicalContext.test.ts" name="AbstractMusicalContext &gt; analyzeChord - 和音分析機能 &gt; ノンダイアトニック和音の分析 &gt; ModalContext (F Lydian) - ノンダイアトニック和音 &gt; 正常ケース: 完全に異なる調の和音をfalseと分析" time="0.000148166">
        </testcase>
        <testcase classname="src/domain/common/test/AbstractMusicalContext.test.ts" name="AbstractMusicalContext &gt; analyzeChord - 和音分析機能 &gt; ノンダイアトニック和音の分析 &gt; ModalContext (F Lydian) - ノンダイアトニック和音 &gt; 正常ケース: 異なるクオリティの同じルート音和音をfalseと分析" time="0.000158987">
        </testcase>
        <testcase classname="src/domain/common/test/AbstractMusicalContext.test.ts" name="AbstractMusicalContext &gt; analyzeChord - 和音分析機能 &gt; ノンダイアトニック和音の分析 &gt; ModalContext (F Lydian) - ノンダイアトニック和音 &gt; 正常ケース: ノンダイアトニック和音の分析結果構造検証" time="0.00017146">
        </testcase>
        <testcase classname="src/domain/common/test/AbstractMusicalContext.test.ts" name="AbstractMusicalContext &gt; analyzeChord - 和音分析機能 &gt; ノンダイアトニック和音の分析 &gt; ModalContext (G Mixolydian) - ノンダイアトニック和音 &gt; 正常ケース: 完全に異なる調の和音をfalseと分析" time="0.000175087">
        </testcase>
        <testcase classname="src/domain/common/test/AbstractMusicalContext.test.ts" name="AbstractMusicalContext &gt; analyzeChord - 和音分析機能 &gt; ノンダイアトニック和音の分析 &gt; ModalContext (G Mixolydian) - ノンダイアトニック和音 &gt; 正常ケース: 異なるクオリティの同じルート音和音をfalseと分析" time="0.000119653">
        </testcase>
        <testcase classname="src/domain/common/test/AbstractMusicalContext.test.ts" name="AbstractMusicalContext &gt; analyzeChord - 和音分析機能 &gt; ノンダイアトニック和音の分析 &gt; ModalContext (G Mixolydian) - ノンダイアトニック和音 &gt; 正常ケース: ノンダイアトニック和音の分析結果構造検証" time="0.000169376">
        </testcase>
        <testcase classname="src/domain/common/test/AbstractMusicalContext.test.ts" name="AbstractMusicalContext &gt; getDiatonicChordsInfo - ダイアトニック和音情報 &gt; 特定キーの和音情報完全検証 &gt; 正常ケース: C Majorの和音情報を完全検証" time="0.0004872">
        </testcase>
        <testcase classname="src/domain/common/test/AbstractMusicalContext.test.ts" name="AbstractMusicalContext &gt; getDiatonicChordsInfo - ダイアトニック和音情報 &gt; 特定キーの和音情報完全検証 &gt; 正常ケース: A Minorの和音情報を完全検証" time="0.000422298">
        </testcase>
        <testcase classname="src/domain/common/test/AbstractMusicalContext.test.ts" name="AbstractMusicalContext &gt; getDiatonicChordsInfo - ダイアトニック和音情報 &gt; Key (C Major) &gt; 正常ケース: 7つのダイアトニック和音情報を返す" time="0.000192159">
        </testcase>
        <testcase classname="src/domain/common/test/AbstractMusicalContext.test.ts" name="AbstractMusicalContext &gt; getDiatonicChordsInfo - ダイアトニック和音情報 &gt; Key (C Major) &gt; 正常ケース: 各情報に必要なプロパティが完全に含まれている" time="0.000784415">
        </testcase>
        <testcase classname="src/domain/common/test/AbstractMusicalContext.test.ts" name="AbstractMusicalContext &gt; getDiatonicChordsInfo - ダイアトニック和音情報 &gt; Key (C Major) &gt; 正常ケース: 和音情報とdiatonicChordsとanalyzeChordの一貫性を検証" time="0.000732458">
        </testcase>
        <testcase classname="src/domain/common/test/AbstractMusicalContext.test.ts" name="AbstractMusicalContext &gt; getDiatonicChordsInfo - ダイアトニック和音情報 &gt; Key (G Major - Sharp) &gt; 正常ケース: 7つのダイアトニック和音情報を返す" time="0.000155741">
        </testcase>
        <testcase classname="src/domain/common/test/AbstractMusicalContext.test.ts" name="AbstractMusicalContext &gt; getDiatonicChordsInfo - ダイアトニック和音情報 &gt; Key (G Major - Sharp) &gt; 正常ケース: 各情報に必要なプロパティが完全に含まれている" time="0.000784896">
        </testcase>
        <testcase classname="src/domain/common/test/AbstractMusicalContext.test.ts" name="AbstractMusicalContext &gt; getDiatonicChordsInfo - ダイアトニック和音情報 &gt; Key (G Major - Sharp) &gt; 正常ケース: 和音情報とdiatonicChordsとanalyzeChordの一貫性を検証" time="0.001355551">
        </testcase>
        <testcase classname="src/domain/common/test/AbstractMusicalContext.test.ts" name="AbstractMusicalContext &gt; getDiatonicChordsInfo - ダイアトニック和音情報 &gt; Key (F Major - Flat) &gt; 正常ケース: 7つのダイアトニック和音情報を返す" time="0.0003317">
        </testcase>
        <testcase classname="src/domain/common/test/AbstractMusicalContext.test.ts" name="AbstractMusicalContext &gt; getDiatonicChordsInfo - ダイアトニック和音情報 &gt; Key (F Major - Flat) &gt; 正常ケース: 各情報に必要なプロパティが完全に含まれている" time="0.00132828">
        </testcase>
        <testcase classname="src/domain/common/test/AbstractMusicalContext.test.ts" name="AbstractMusicalContext &gt; getDiatonicChordsInfo - ダイアトニック和音情報 &gt; Key (F Major - Flat) &gt; 正常ケース: 和音情報とdiatonicChordsとanalyzeChordの一貫性を検証" time="0.00125309">
        </testcase>
        <testcase classname="src/domain/common/test/AbstractMusicalContext.test.ts" name="AbstractMusicalContext &gt; getDiatonicChordsInfo - ダイアトニック和音情報 &gt; Key (A Minor) &gt; 正常ケース: 7つのダイアトニック和音情報を返す" time="0.000292006">
        </testcase>
        <testcase classname="src/domain/common/test/AbstractMusicalContext.test.ts" name="AbstractMusicalContext &gt; getDiatonicChordsInfo - ダイアトニック和音情報 &gt; Key (A Minor) &gt; 正常ケース: 各情報に必要なプロパティが完全に含まれている" time="0.001351714">
        </testcase>
        <testcase classname="src/domain/common/test/AbstractMusicalContext.test.ts" name="AbstractMusicalContext &gt; getDiatonicChordsInfo - ダイアトニック和音情報 &gt; Key (A Minor) &gt; 正常ケース: 和音情報とdiatonicChordsとanalyzeChordの一貫性を検証" time="0.001308343">
        </testcase>
        <testcase classname="src/domain/common/test/AbstractMusicalContext.test.ts" name="AbstractMusicalContext &gt; getDiatonicChordsInfo - ダイアトニック和音情報 &gt; Key (E Minor - Sharp) &gt; 正常ケース: 7つのダイアトニック和音情報を返す" time="0.000315399">
        </testcase>
        <testcase classname="src/domain/common/test/AbstractMusicalContext.test.ts" name="AbstractMusicalContext &gt; getDiatonicChordsInfo - ダイアトニック和音情報 &gt; Key (E Minor - Sharp) &gt; 正常ケース: 各情報に必要なプロパティが完全に含まれている" time="0.001425372">
        </testcase>
        <testcase classname="src/domain/common/test/AbstractMusicalContext.test.ts" name="AbstractMusicalContext &gt; getDiatonicChordsInfo - ダイアトニック和音情報 &gt; Key (E Minor - Sharp) &gt; 正常ケース: 和音情報とdiatonicChordsとanalyzeChordの一貫性を検証" time="0.003166873">
        </testcase>
        <testcase classname="src/domain/common/test/AbstractMusicalContext.test.ts" name="AbstractMusicalContext &gt; getDiatonicChordsInfo - ダイアトニック和音情報 &gt; Key (D Minor - Flat) &gt; 正常ケース: 7つのダイアトニック和音情報を返す" time="0.000330186">
        </testcase>
        <testcase classname="src/domain/common/test/AbstractMusicalContext.test.ts" name="AbstractMusicalContext &gt; getDiatonicChordsInfo - ダイアトニック和音情報 &gt; Key (D Minor - Flat) &gt; 正常ケース: 各情報に必要なプロパティが完全に含まれている" time="0.001380076">
        </testcase>
        <testcase classname="src/domain/common/test/AbstractMusicalContext.test.ts" name="AbstractMusicalContext &gt; getDiatonicChordsInfo - ダイアトニック和音情報 &gt; Key (D Minor - Flat) &gt; 正常ケース: 和音情報とdiatonicChordsとanalyzeChordの一貫性を検証" time="0.00131207">
        </testcase>
        <testcase classname="src/domain/common/test/AbstractMusicalContext.test.ts" name="AbstractMusicalContext &gt; getDiatonicChordsInfo - ダイアトニック和音情報 &gt; ModalContext (D Dorian) &gt; 正常ケース: 7つのダイアトニック和音情報を返す" time="0.000310891">
        </testcase>
        <testcase classname="src/domain/common/test/AbstractMusicalContext.test.ts" name="AbstractMusicalContext &gt; getDiatonicChordsInfo - ダイアトニック和音情報 &gt; ModalContext (D Dorian) &gt; 正常ケース: 各情報に必要なプロパティが完全に含まれている" time="0.004346366">
        </testcase>
        <testcase classname="src/domain/common/test/AbstractMusicalContext.test.ts" name="AbstractMusicalContext &gt; getDiatonicChordsInfo - ダイアトニック和音情報 &gt; ModalContext (D Dorian) &gt; 正常ケース: 和音情報とdiatonicChordsとanalyzeChordの一貫性を検証" time="0.00137646">
        </testcase>
        <testcase classname="src/domain/common/test/AbstractMusicalContext.test.ts" name="AbstractMusicalContext &gt; getDiatonicChordsInfo - ダイアトニック和音情報 &gt; ModalContext (E Phrygian) &gt; 正常ケース: 7つのダイアトニック和音情報を返す" time="0.000280153">
        </testcase>
        <testcase classname="src/domain/common/test/AbstractMusicalContext.test.ts" name="AbstractMusicalContext &gt; getDiatonicChordsInfo - ダイアトニック和音情報 &gt; ModalContext (E Phrygian) &gt; 正常ケース: 各情報に必要なプロパティが完全に含まれている" time="0.003265578">
        </testcase>
        <testcase classname="src/domain/common/test/AbstractMusicalContext.test.ts" name="AbstractMusicalContext &gt; getDiatonicChordsInfo - ダイアトニック和音情報 &gt; ModalContext (E Phrygian) &gt; 正常ケース: 和音情報とdiatonicChordsとanalyzeChordの一貫性を検証" time="0.001256135">
        </testcase>
        <testcase classname="src/domain/common/test/AbstractMusicalContext.test.ts" name="AbstractMusicalContext &gt; getDiatonicChordsInfo - ダイアトニック和音情報 &gt; ModalContext (F Lydian) &gt; 正常ケース: 7つのダイアトニック和音情報を返す" time="0.000306963">
        </testcase>
        <testcase classname="src/domain/common/test/AbstractMusicalContext.test.ts" name="AbstractMusicalContext &gt; getDiatonicChordsInfo - ダイアトニック和音情報 &gt; ModalContext (F Lydian) &gt; 正常ケース: 各情報に必要なプロパティが完全に含まれている" time="0.006962634">
        </testcase>
        <testcase classname="src/domain/common/test/AbstractMusicalContext.test.ts" name="AbstractMusicalContext &gt; getDiatonicChordsInfo - ダイアトニック和音情報 &gt; ModalContext (F Lydian) &gt; 正常ケース: 和音情報とdiatonicChordsとanalyzeChordの一貫性を検証" time="0.001366832">
        </testcase>
        <testcase classname="src/domain/common/test/AbstractMusicalContext.test.ts" name="AbstractMusicalContext &gt; getDiatonicChordsInfo - ダイアトニック和音情報 &gt; ModalContext (G Mixolydian) &gt; 正常ケース: 7つのダイアトニック和音情報を返す" time="0.000303406">
        </testcase>
        <testcase classname="src/domain/common/test/AbstractMusicalContext.test.ts" name="AbstractMusicalContext &gt; getDiatonicChordsInfo - ダイアトニック和音情報 &gt; ModalContext (G Mixolydian) &gt; 正常ケース: 各情報に必要なプロパティが完全に含まれている" time="0.001453945">
        </testcase>
        <testcase classname="src/domain/common/test/AbstractMusicalContext.test.ts" name="AbstractMusicalContext &gt; getDiatonicChordsInfo - ダイアトニック和音情報 &gt; ModalContext (G Mixolydian) &gt; 正常ケース: 和音情報とdiatonicChordsとanalyzeChordの一貫性を検証" time="0.001277115">
        </testcase>
        <testcase classname="src/domain/common/test/AbstractMusicalContext.test.ts" name="AbstractMusicalContext &gt; isDiatonicChord - ダイアトニックコード判定 &gt; 特定キーでの判定完全検証 &gt; 正常ケース: C Majorダイアトニック和音を正しく判定" time="0.000585403">
        </testcase>
        <testcase classname="src/domain/common/test/AbstractMusicalContext.test.ts" name="AbstractMusicalContext &gt; isDiatonicChord - ダイアトニックコード判定 &gt; 特定キーでの判定完全検証 &gt; 正常ケース: A Minorダイアトニック和音を正しく判定" time="0.000577929">
        </testcase>
        <testcase classname="src/domain/common/test/AbstractMusicalContext.test.ts" name="AbstractMusicalContext &gt; isDiatonicChord - ダイアトニックコード判定 &gt; Key (C Major) &gt; 正常ケース: 自身のダイアトニック和音を正しく判定" time="0.000351376">
        </testcase>
        <testcase classname="src/domain/common/test/AbstractMusicalContext.test.ts" name="AbstractMusicalContext &gt; isDiatonicChord - ダイアトニックコード判定 &gt; Key (C Major) &gt; 正常ケース: 遠い調の和音をfalseと判定" time="0.000253112">
        </testcase>
        <testcase classname="src/domain/common/test/AbstractMusicalContext.test.ts" name="AbstractMusicalContext &gt; isDiatonicChord - ダイアトニックコード判定 &gt; Key (G Major - Sharp) &gt; 正常ケース: 自身のダイアトニック和音を正しく判定" time="0.000282127">
        </testcase>
        <testcase classname="src/domain/common/test/AbstractMusicalContext.test.ts" name="AbstractMusicalContext &gt; isDiatonicChord - ダイアトニックコード判定 &gt; Key (G Major - Sharp) &gt; 正常ケース: 遠い調の和音をfalseと判定" time="0.000178093">
        </testcase>
        <testcase classname="src/domain/common/test/AbstractMusicalContext.test.ts" name="AbstractMusicalContext &gt; isDiatonicChord - ダイアトニックコード判定 &gt; Key (F Major - Flat) &gt; 正常ケース: 自身のダイアトニック和音を正しく判定" time="0.000280905">
        </testcase>
        <testcase classname="src/domain/common/test/AbstractMusicalContext.test.ts" name="AbstractMusicalContext &gt; isDiatonicChord - ダイアトニックコード判定 &gt; Key (F Major - Flat) &gt; 正常ケース: 遠い調の和音をfalseと判定" time="0.000185517">
        </testcase>
        <testcase classname="src/domain/common/test/AbstractMusicalContext.test.ts" name="AbstractMusicalContext &gt; isDiatonicChord - ダイアトニックコード判定 &gt; Key (A Minor) &gt; 正常ケース: 自身のダイアトニック和音を正しく判定" time="0.000272729">
        </testcase>
        <testcase classname="src/domain/common/test/AbstractMusicalContext.test.ts" name="AbstractMusicalContext &gt; isDiatonicChord - ダイアトニックコード判定 &gt; Key (A Minor) &gt; 正常ケース: 遠い調の和音をfalseと判定" time="0.000194282">
        </testcase>
        <testcase classname="src/domain/common/test/AbstractMusicalContext.test.ts" name="AbstractMusicalContext &gt; isDiatonicChord - ダイアトニックコード判定 &gt; Key (E Minor - Sharp) &gt; 正常ケース: 自身のダイアトニック和音を正しく判定" time="0.0002626">
        </testcase>
        <testcase classname="src/domain/common/test/AbstractMusicalContext.test.ts" name="AbstractMusicalContext &gt; isDiatonicChord - ダイアトニックコード判定 &gt; Key (E Minor - Sharp) &gt; 正常ケース: 遠い調の和音をfalseと判定" time="0.000189253">
        </testcase>
        <testcase classname="src/domain/common/test/AbstractMusicalContext.test.ts" name="AbstractMusicalContext &gt; isDiatonicChord - ダイアトニックコード判定 &gt; Key (D Minor - Flat) &gt; 正常ケース: 自身のダイアトニック和音を正しく判定" time="0.000258262">
        </testcase>
        <testcase classname="src/domain/common/test/AbstractMusicalContext.test.ts" name="AbstractMusicalContext &gt; isDiatonicChord - ダイアトニックコード判定 &gt; Key (D Minor - Flat) &gt; 正常ケース: 遠い調の和音をfalseと判定" time="0.000181629">
        </testcase>
        <testcase classname="src/domain/common/test/AbstractMusicalContext.test.ts" name="AbstractMusicalContext &gt; isDiatonicChord - ダイアトニックコード判定 &gt; ModalContext (D Dorian) &gt; 正常ケース: 自身のダイアトニック和音を正しく判定" time="0.000292847">
        </testcase>
        <testcase classname="src/domain/common/test/AbstractMusicalContext.test.ts" name="AbstractMusicalContext &gt; isDiatonicChord - ダイアトニックコード判定 &gt; ModalContext (D Dorian) &gt; 正常ケース: 遠い調の和音をfalseと判定" time="0.000183282">
        </testcase>
        <testcase classname="src/domain/common/test/AbstractMusicalContext.test.ts" name="AbstractMusicalContext &gt; isDiatonicChord - ダイアトニックコード判定 &gt; ModalContext (E Phrygian) &gt; 正常ケース: 自身のダイアトニック和音を正しく判定" time="0.000269163">
        </testcase>
        <testcase classname="src/domain/common/test/AbstractMusicalContext.test.ts" name="AbstractMusicalContext &gt; isDiatonicChord - ダイアトニックコード判定 &gt; ModalContext (E Phrygian) &gt; 正常ケース: 遠い調の和音をfalseと判定" time="0.000185617">
        </testcase>
        <testcase classname="src/domain/common/test/AbstractMusicalContext.test.ts" name="AbstractMusicalContext &gt; isDiatonicChord - ダイアトニックコード判定 &gt; ModalContext (F Lydian) &gt; 正常ケース: 自身のダイアトニック和音を正しく判定" time="0.000297645">
        </testcase>
        <testcase classname="src/domain/common/test/AbstractMusicalContext.test.ts" name="AbstractMusicalContext &gt; isDiatonicChord - ダイアトニックコード判定 &gt; ModalContext (F Lydian) &gt; 正常ケース: 遠い調の和音をfalseと判定" time="0.009188314">
        </testcase>
        <testcase classname="src/domain/common/test/AbstractMusicalContext.test.ts" name="AbstractMusicalContext &gt; isDiatonicChord - ダイアトニックコード判定 &gt; ModalContext (G Mixolydian) &gt; 正常ケース: 自身のダイアトニック和音を正しく判定" time="0.000242353">
        </testcase>
        <testcase classname="src/domain/common/test/AbstractMusicalContext.test.ts" name="AbstractMusicalContext &gt; isDiatonicChord - ダイアトニックコード判定 &gt; ModalContext (G Mixolydian) &gt; 正常ケース: 遠い調の和音をfalseと判定" time="0.000188111">
        </testcase>
        <testcase classname="src/domain/common/test/AbstractMusicalContext.test.ts" name="AbstractMusicalContext &gt; isDiatonicChord - ダイアトニックコード判定 &gt; 音楽理論的エッジケース &gt; 正常ケース: 関係調の共通和音を正しく判定" time="0.000374189">
        </testcase>
        <testcase classname="src/domain/common/test/AbstractMusicalContext.test.ts" name="AbstractMusicalContext &gt; isDiatonicChord - ダイアトニックコード判定 &gt; 音楽理論的エッジケース &gt; 正常ケース: 異なるモードの和音をfalseと判定" time="0.000311321">
        </testcase>
        <testcase classname="src/domain/common/test/AbstractMusicalContext.test.ts" name="AbstractMusicalContext &gt; toJSON - JSON出力 &gt; Key (C Major) &gt; 正常ケース: JSON形式で正しく出力される" time="0.000722108">
        </testcase>
        <testcase classname="src/domain/common/test/AbstractMusicalContext.test.ts" name="AbstractMusicalContext &gt; toJSON - JSON出力 &gt; Key (C Major) &gt; 正常ケース: shortNameとcontextNameが適切に設定されている" time="0.000188372">
        </testcase>
        <testcase classname="src/domain/common/test/AbstractMusicalContext.test.ts" name="AbstractMusicalContext &gt; toJSON - JSON出力 &gt; Key (C Major) &gt; 正常ケース: fifthsIndexが中心音のfifthsIndexと一致" time="0.000147575">
        </testcase>
        <testcase classname="src/domain/common/test/AbstractMusicalContext.test.ts" name="AbstractMusicalContext &gt; toJSON - JSON出力 &gt; Key (C Major) &gt; 正常ケース: JSON文字列化が可能" time="0.000476509">
        </testcase>
        <testcase classname="src/domain/common/test/AbstractMusicalContext.test.ts" name="AbstractMusicalContext &gt; toJSON - JSON出力 &gt; Key (C Major) &gt; 正常ケース: JSONから復元可能な形式" time="0.001121755">
        </testcase>
        <testcase classname="src/domain/common/test/AbstractMusicalContext.test.ts" name="AbstractMusicalContext &gt; toJSON - JSON出力 &gt; Key (G Major - Sharp) &gt; 正常ケース: JSON形式で正しく出力される" time="0.000313726">
        </testcase>
        <testcase classname="src/domain/common/test/AbstractMusicalContext.test.ts" name="AbstractMusicalContext &gt; toJSON - JSON出力 &gt; Key (G Major - Sharp) &gt; 正常ケース: shortNameとcontextNameが適切に設定されている" time="0.000127388">
        </testcase>
        <testcase classname="src/domain/common/test/AbstractMusicalContext.test.ts" name="AbstractMusicalContext &gt; toJSON - JSON出力 &gt; Key (G Major - Sharp) &gt; 正常ケース: fifthsIndexが中心音のfifthsIndexと一致" time="0.000125074">
        </testcase>
        <testcase classname="src/domain/common/test/AbstractMusicalContext.test.ts" name="AbstractMusicalContext &gt; toJSON - JSON出力 &gt; Key (G Major - Sharp) &gt; 正常ケース: JSON文字列化が可能" time="0.000249376">
        </testcase>
        <testcase classname="src/domain/common/test/AbstractMusicalContext.test.ts" name="AbstractMusicalContext &gt; toJSON - JSON出力 &gt; Key (G Major - Sharp) &gt; 正常ケース: JSONから復元可能な形式" time="0.000369139">
        </testcase>
        <testcase classname="src/domain/common/test/AbstractMusicalContext.test.ts" name="AbstractMusicalContext &gt; toJSON - JSON出力 &gt; Key (F Major - Flat) &gt; 正常ケース: JSON形式で正しく出力される" time="0.000547272">
        </testcase>
        <testcase classname="src/domain/common/test/AbstractMusicalContext.test.ts" name="AbstractMusicalContext &gt; toJSON - JSON出力 &gt; Key (F Major - Flat) &gt; 正常ケース: shortNameとcontextNameが適切に設定されている" time="0.000159879">
        </testcase>
        <testcase classname="src/domain/common/test/AbstractMusicalContext.test.ts" name="AbstractMusicalContext &gt; toJSON - JSON出力 &gt; Key (F Major - Flat) &gt; 正常ケース: fifthsIndexが中心音のfifthsIndexと一致" time="0.000099947">
        </testcase>
        <testcase classname="src/domain/common/test/AbstractMusicalContext.test.ts" name="AbstractMusicalContext &gt; toJSON - JSON出力 &gt; Key (F Major - Flat) &gt; 正常ケース: JSON文字列化が可能" time="0.000234769">
        </testcase>
        <testcase classname="src/domain/common/test/AbstractMusicalContext.test.ts" name="AbstractMusicalContext &gt; toJSON - JSON出力 &gt; Key (F Major - Flat) &gt; 正常ケース: JSONから復元可能な形式" time="0.000343722">
        </testcase>
        <testcase classname="src/domain/common/test/AbstractMusicalContext.test.ts" name="AbstractMusicalContext &gt; toJSON - JSON出力 &gt; Key (A Minor) &gt; 正常ケース: JSON形式で正しく出力される" time="0.000342729">
        </testcase>
        <testcase classname="src/domain/common/test/AbstractMusicalContext.test.ts" name="AbstractMusicalContext &gt; toJSON - JSON出力 &gt; Key (A Minor) &gt; 正常ケース: shortNameとcontextNameが適切に設定されている" time="0.000139771">
        </testcase>
        <testcase classname="src/domain/common/test/AbstractMusicalContext.test.ts" name="AbstractMusicalContext &gt; toJSON - JSON出力 &gt; Key (A Minor) &gt; 正常ケース: fifthsIndexが中心音のfifthsIndexと一致" time="0.000115856">
        </testcase>
        <testcase classname="src/domain/common/test/AbstractMusicalContext.test.ts" name="AbstractMusicalContext &gt; toJSON - JSON出力 &gt; Key (A Minor) &gt; 正常ケース: JSON文字列化が可能" time="0.000253183">
        </testcase>
        <testcase classname="src/domain/common/test/AbstractMusicalContext.test.ts" name="AbstractMusicalContext &gt; toJSON - JSON出力 &gt; Key (A Minor) &gt; 正常ケース: JSONから復元可能な形式" time="0.000300191">
        </testcase>
        <testcase classname="src/domain/common/test/AbstractMusicalContext.test.ts" name="AbstractMusicalContext &gt; toJSON - JSON出力 &gt; Key (E Minor - Sharp) &gt; 正常ケース: JSON形式で正しく出力される" time="0.000332561">
        </testcase>
        <testcase classname="src/domain/common/test/AbstractMusicalContext.test.ts" name="AbstractMusicalContext &gt; toJSON - JSON出力 &gt; Key (E Minor - Sharp) &gt; 正常ケース: shortNameとcontextNameが適切に設定されている" time="0.000127128">
        </testcase>
        <testcase classname="src/domain/common/test/AbstractMusicalContext.test.ts" name="AbstractMusicalContext &gt; toJSON - JSON出力 &gt; Key (E Minor - Sharp) &gt; 正常ケース: fifthsIndexが中心音のfifthsIndexと一致" time="0.000096991">
        </testcase>
        <testcase classname="src/domain/common/test/AbstractMusicalContext.test.ts" name="AbstractMusicalContext &gt; toJSON - JSON出力 &gt; Key (E Minor - Sharp) &gt; 正常ケース: JSON文字列化が可能" time="0.000272038">
        </testcase>
        <testcase classname="src/domain/common/test/AbstractMusicalContext.test.ts" name="AbstractMusicalContext &gt; toJSON - JSON出力 &gt; Key (E Minor - Sharp) &gt; 正常ケース: JSONから復元可能な形式" time="0.000314548">
        </testcase>
        <testcase classname="src/domain/common/test/AbstractMusicalContext.test.ts" name="AbstractMusicalContext &gt; toJSON - JSON出力 &gt; Key (D Minor - Flat) &gt; 正常ケース: JSON形式で正しく出力される" time="0.000334905">
        </testcase>
        <testcase classname="src/domain/common/test/AbstractMusicalContext.test.ts" name="AbstractMusicalContext &gt; toJSON - JSON出力 &gt; Key (D Minor - Flat) &gt; 正常ケース: shortNameとcontextNameが適切に設定されている" time="0.000159958">
        </testcase>
        <testcase classname="src/domain/common/test/AbstractMusicalContext.test.ts" name="AbstractMusicalContext &gt; toJSON - JSON出力 &gt; Key (D Minor - Flat) &gt; 正常ケース: fifthsIndexが中心音のfifthsIndexと一致" time="0.000103633">
        </testcase>
        <testcase classname="src/domain/common/test/AbstractMusicalContext.test.ts" name="AbstractMusicalContext &gt; toJSON - JSON出力 &gt; Key (D Minor - Flat) &gt; 正常ケース: JSON文字列化が可能" time="0.000243345">
        </testcase>
        <testcase classname="src/domain/common/test/AbstractMusicalContext.test.ts" name="AbstractMusicalContext &gt; toJSON - JSON出力 &gt; Key (D Minor - Flat) &gt; 正常ケース: JSONから復元可能な形式" time="0.000378677">
        </testcase>
        <testcase classname="src/domain/common/test/AbstractMusicalContext.test.ts" name="AbstractMusicalContext &gt; toJSON - JSON出力 &gt; ModalContext (D Dorian) &gt; 正常ケース: JSON形式で正しく出力される" time="0.000399065">
        </testcase>
        <testcase classname="src/domain/common/test/AbstractMusicalContext.test.ts" name="AbstractMusicalContext &gt; toJSON - JSON出力 &gt; ModalContext (D Dorian) &gt; 正常ケース: shortNameとcontextNameが適切に設定されている" time="0.000165779">
        </testcase>
        <testcase classname="src/domain/common/test/AbstractMusicalContext.test.ts" name="AbstractMusicalContext &gt; toJSON - JSON出力 &gt; ModalContext (D Dorian) &gt; 正常ケース: fifthsIndexが中心音のfifthsIndexと一致" time="0.000109434">
        </testcase>
        <testcase classname="src/domain/common/test/AbstractMusicalContext.test.ts" name="AbstractMusicalContext &gt; toJSON - JSON出力 &gt; ModalContext (D Dorian) &gt; 正常ケース: JSON文字列化が可能" time="0.001149419">
        </testcase>
        <testcase classname="src/domain/common/test/AbstractMusicalContext.test.ts" name="AbstractMusicalContext &gt; toJSON - JSON出力 &gt; ModalContext (D Dorian) &gt; 正常ケース: JSONから復元可能な形式" time="0.000297215">
        </testcase>
        <testcase classname="src/domain/common/test/AbstractMusicalContext.test.ts" name="AbstractMusicalContext &gt; toJSON - JSON出力 &gt; ModalContext (E Phrygian) &gt; 正常ケース: JSON形式で正しく出力される" time="0.00027831">
        </testcase>
        <testcase classname="src/domain/common/test/AbstractMusicalContext.test.ts" name="AbstractMusicalContext &gt; toJSON - JSON出力 &gt; ModalContext (E Phrygian) &gt; 正常ケース: shortNameとcontextNameが適切に設定されている" time="0.000127007">
        </testcase>
        <testcase classname="src/domain/common/test/AbstractMusicalContext.test.ts" name="AbstractMusicalContext &gt; toJSON - JSON出力 &gt; ModalContext (E Phrygian) &gt; 正常ケース: fifthsIndexが中心音のfifthsIndexと一致" time="0.000104936">
        </testcase>
        <testcase classname="src/domain/common/test/AbstractMusicalContext.test.ts" name="AbstractMusicalContext &gt; toJSON - JSON出力 &gt; ModalContext (E Phrygian) &gt; 正常ケース: JSON文字列化が可能" time="0.000205484">
        </testcase>
        <testcase classname="src/domain/common/test/AbstractMusicalContext.test.ts" name="AbstractMusicalContext &gt; toJSON - JSON出力 &gt; ModalContext (E Phrygian) &gt; 正常ケース: JSONから復元可能な形式" time="0.000279542">
        </testcase>
        <testcase classname="src/domain/common/test/AbstractMusicalContext.test.ts" name="AbstractMusicalContext &gt; toJSON - JSON出力 &gt; ModalContext (F Lydian) &gt; 正常ケース: JSON形式で正しく出力される" time="0.000279112">
        </testcase>
        <testcase classname="src/domain/common/test/AbstractMusicalContext.test.ts" name="AbstractMusicalContext &gt; toJSON - JSON出力 &gt; ModalContext (F Lydian) &gt; 正常ケース: shortNameとcontextNameが適切に設定されている" time="0.000127719">
        </testcase>
        <testcase classname="src/domain/common/test/AbstractMusicalContext.test.ts" name="AbstractMusicalContext &gt; toJSON - JSON出力 &gt; ModalContext (F Lydian) &gt; 正常ケース: fifthsIndexが中心音のfifthsIndexと一致" time="0.000114704">
        </testcase>
        <testcase classname="src/domain/common/test/AbstractMusicalContext.test.ts" name="AbstractMusicalContext &gt; toJSON - JSON出力 &gt; ModalContext (F Lydian) &gt; 正常ケース: JSON文字列化が可能" time="0.000307895">
        </testcase>
        <testcase classname="src/domain/common/test/AbstractMusicalContext.test.ts" name="AbstractMusicalContext &gt; toJSON - JSON出力 &gt; ModalContext (F Lydian) &gt; 正常ケース: JSONから復元可能な形式" time="0.000257941">
        </testcase>
        <testcase classname="src/domain/common/test/AbstractMusicalContext.test.ts" name="AbstractMusicalContext &gt; toJSON - JSON出力 &gt; ModalContext (G Mixolydian) &gt; 正常ケース: JSON形式で正しく出力される" time="0.000264784">
        </testcase>
        <testcase classname="src/domain/common/test/AbstractMusicalContext.test.ts" name="AbstractMusicalContext &gt; toJSON - JSON出力 &gt; ModalContext (G Mixolydian) &gt; 正常ケース: shortNameとcontextNameが適切に設定されている" time="0.000074989">
        </testcase>
        <testcase classname="src/domain/common/test/AbstractMusicalContext.test.ts" name="AbstractMusicalContext &gt; toJSON - JSON出力 &gt; ModalContext (G Mixolydian) &gt; 正常ケース: fifthsIndexが中心音のfifthsIndexと一致" time="0.000052588">
        </testcase>
        <testcase classname="src/domain/common/test/AbstractMusicalContext.test.ts" name="AbstractMusicalContext &gt; toJSON - JSON出力 &gt; ModalContext (G Mixolydian) &gt; 正常ケース: JSON文字列化が可能" time="0.000131275">
        </testcase>
        <testcase classname="src/domain/common/test/AbstractMusicalContext.test.ts" name="AbstractMusicalContext &gt; toJSON - JSON出力 &gt; ModalContext (G Mixolydian) &gt; 正常ケース: JSONから復元可能な形式" time="0.000203961">
        </testcase>
        <testcase classname="src/domain/common/test/AbstractMusicalContext.test.ts" name="AbstractMusicalContext &gt; toJSON - JSON出力 &gt; 型固有のプロパティ検証 &gt; 正常ケース: Keyタイプの場合type=&quot;key&quot;とisMajorが適切に設定" time="0.000172593">
        </testcase>
        <testcase classname="src/domain/common/test/AbstractMusicalContext.test.ts" name="AbstractMusicalContext &gt; toJSON - JSON出力 &gt; 型固有のプロパティ検証 &gt; 正常ケース: ModalContextタイプの場合type=&quot;modal&quot;" time="0.000116808">
        </testcase>
[...]
        </testcase>
        <testcase classname="src/features/circle-of-fifths/hooks/test/useRippleEffect.test.ts" name="useRippleEffect hook &gt; リップルリセット機能 &gt; 正常ケース: 複数回resetRippleを呼び出し" time="0.006066877">
        </testcase>
        <testcase classname="src/features/circle-of-fifths/hooks/test/useRippleEffect.test.ts" name="useRippleEffect hook &gt; タイマー管理 &gt; 正常ケース: 手動リセット後の自動リセットタイマー無効化" time="0.00585507">
        </testcase>
        <testcase classname="src/features/circle-of-fifths/hooks/test/useRippleEffect.test.ts" name="useRippleEffect hook &gt; タイマー管理 &gt; 正常ケース: 複数回のトリガーでタイマーリセット" time="0.006972687">
        </testcase>
        <testcase classname="src/features/circle-of-fifths/hooks/test/useRippleEffect.test.ts" name="useRippleEffect hook &gt; タイマー管理 &gt; 正常ケース: コンポーネントアンマウント時のタイマークリア" time="0.002569348">
        </testcase>
        <testcase classname="src/features/circle-of-fifths/hooks/test/useRippleEffect.test.ts" name="useRippleEffect hook &gt; エッジケース &gt; 正常ケース: 高速連続トリガー" time="0.003515111">
        </testcase>
        <testcase classname="src/features/circle-of-fifths/hooks/test/useRippleEffect.test.ts" name="useRippleEffect hook &gt; エッジケース &gt; 正常ケース: トリガー→リセット→トリガーのサイクル" time="0.002217158">
        </testcase>
        <testcase classname="src/features/circle-of-fifths/hooks/test/useRippleEffect.test.ts" name="useRippleEffect hook &gt; メモ化とパフォーマンス &gt; 正常ケース: 関数の安定性" time="0.001789235">
        </testcase>
        <testcase classname="src/features/circle-of-fifths/hooks/test/useRippleEffect.test.ts" name="useRippleEffect hook &gt; メモ化とパフォーマンス &gt; 正常ケース: 状態変更時の適切な再レンダリング" time="0.001713904">
        </testcase>
        <testcase classname="src/features/circle-of-fifths/hooks/test/useRippleEffect.test.ts" name="useRippleEffect hook &gt; 統合テスト &gt; 正常ケース: 完全なリップルライフサイクル" time="0.002185048">
        </testcase>
    </testsuite>
    <testsuite name="src/features/circle-of-fifths/utils/test/circleOfFifthsData.test.ts" timestamp="2025-09-28T12:43:42.102Z" hostname="runnervm3ublj" tests="12" failures="0" errors="0" skipped="0" time="0.025850215">
        <testcase classname="src/features/circle-of-fifths/utils/test/circleOfFifthsData.test.ts" name="getCircleOfFifthsData &gt; 基本機能 &gt; 正常ケース: 関数が正しい構造を返す" time="0.002440798">
        </testcase>
        <testcase classname="src/features/circle-of-fifths/utils/test/circleOfFifthsData.test.ts" name="getCircleOfFifthsData &gt; 基本機能 &gt; 正常ケース: 複数回呼び出しで同じ値を返す（事前計算済み）" time="0.000378189">
        </testcase>
        <testcase classname="src/features/circle-of-fifths/utils/test/circleOfFifthsData.test.ts" name="getCircleOfFifthsData &gt; viewBox計算 &gt; 正常ケース: 正しいSVGビューボックス形式" time="0.000421901">
        </testcase>
        <testcase classname="src/features/circle-of-fifths/utils/test/circleOfFifthsData.test.ts" name="getCircleOfFifthsData &gt; viewBox計算 &gt; 境界値ケース: CIRCLE_LAYOUT.RADIUSの値に基づく計算" time="0.001458115">
        </testcase>
        <testcase classname="src/features/circle-of-fifths/utils/test/circleOfFifthsData.test.ts" name="getCircleOfFifthsData &gt; segments配列 &gt; 正常ケース: 12セグメントが生成される" time="0.00035674">
        </testcase>
        <testcase classname="src/features/circle-of-fifths/utils/test/circleOfFifthsData.test.ts" name="getCircleOfFifthsData &gt; segments配列 &gt; 正常ケース: 各セグメントが必要なプロパティを持つ" time="0.008579281">
        </testcase>
        <testcase classname="src/features/circle-of-fifths/utils/test/circleOfFifthsData.test.ts" name="getCircleOfFifthsData &gt; segments配列 &gt; 正常ケース: セグメントのposition値が0-11の範囲" time="0.001078794">
        </testcase>
        <testcase classname="src/features/circle-of-fifths/utils/test/circleOfFifthsData.test.ts" name="getCircleOfFifthsData &gt; segments配列 &gt; 正常ケース: 各セグメントのキー情報が正しく設定される" time="0.002988054">
        </testcase>
        <testcase classname="src/features/circle-of-fifths/utils/test/circleOfFifthsData.test.ts" name="getCircleOfFifthsData &gt; textRotation &gt; 正常ケース: textRotationが数値である" time="0.000383369">
        </testcase>
        <testcase classname="src/features/circle-of-fifths/utils/test/circleOfFifthsData.test.ts" name="getCircleOfFifthsData &gt; テキスト位置計算 &gt; 正常ケース: 3つの異なる半径でテキスト位置が計算される" time="0.0044306">
        </testcase>
        <testcase classname="src/features/circle-of-fifths/utils/test/circleOfFifthsData.test.ts" name="getCircleOfFifthsData &gt; 事前計算の最適化 &gt; パフォーマンステスト: 関数呼び出しが高速である" time="0.000403286">
        </testcase>
        <testcase classname="src/features/circle-of-fifths/utils/test/circleOfFifthsData.test.ts" name="getCircleOfFifthsData &gt; 事前計算の最適化 &gt; メモ化テスト: 同じオブジェクト参照が返される" time="0.000620915">
        </testcase>
    </testsuite>
    <testsuite name="src/features/circle-of-fifths/utils/test/geometry.test.ts" timestamp="2025-09-28T12:43:42.104Z" hostname="runnervm3ublj" tests="18" failures="0" errors="0" skipped="0" time="0.007820188">
        <testcase classname="src/features/circle-of-fifths/utils/test/geometry.test.ts" name="geometry utils &gt; calculateAngle &gt; 正常ケース: 位置0で正しい角度を返す" time="0.001278899">
        </testcase>
        <testcase classname="src/features/circle-of-fifths/utils/test/geometry.test.ts" name="geometry utils &gt; calculateAngle &gt; 正常ケース: 各位置（0-11）で正しい角度を計算" time="0.000672562">
        </testcase>
        <testcase classname="src/features/circle-of-fifths/utils/test/geometry.test.ts" name="geometry utils &gt; calculateAngle &gt; 正常ケース: 位置3（A）で正しい角度を返す" time="0.00019715">
        </testcase>
        <testcase classname="src/features/circle-of-fifths/utils/test/geometry.test.ts" name="geometry utils &gt; calculateAngle &gt; 正常ケース: 位置6（F#/G♭）で正しい角度を返す" time="0.000151996">
        </testcase>
        <testcase classname="src/features/circle-of-fifths/utils/test/geometry.test.ts" name="geometry utils &gt; calculateAngle &gt; 異常ケース: 無効な位置でCircleOfFifthsErrorをスロー" time="0.000692208">
        </testcase>
        <testcase classname="src/features/circle-of-fifths/utils/test/geometry.test.ts" name="geometry utils &gt; normalizeAngle &gt; 正常ケース: 正の角度をそのまま返す" time="0.000212318">
        </testcase>
        <testcase classname="src/features/circle-of-fifths/utils/test/geometry.test.ts" name="geometry utils &gt; normalizeAngle &gt; 正常ケース: 負の角度を正規化" time="0.000204834">
        </testcase>
        <testcase classname="src/features/circle-of-fifths/utils/test/geometry.test.ts" name="geometry utils &gt; normalizeAngle &gt; 正常ケース: 2π以上の角度を正規化" time="0.000174577">
        </testcase>
        <testcase classname="src/features/circle-of-fifths/utils/test/geometry.test.ts" name="geometry utils &gt; normalizeAngle &gt; 境界値ケース: 0度と2π度の処理" time="0.000284274">
        </testcase>
        <testcase classname="src/features/circle-of-fifths/utils/test/geometry.test.ts" name="geometry utils &gt; polarToCartesian &gt; 正常ケース: 0度で正しい座標を返す" time="0.000203973">
        </testcase>
        <testcase classname="src/features/circle-of-fifths/utils/test/geometry.test.ts" name="geometry utils &gt; polarToCartesian &gt; 正常ケース: 90度で正しい座標を返す" time="0.00015436">
        </testcase>
        <testcase classname="src/features/circle-of-fifths/utils/test/geometry.test.ts" name="geometry utils &gt; polarToCartesian &gt; 正常ケース: 180度で正しい座標を返す" time="0.000166923">
        </testcase>
        <testcase classname="src/features/circle-of-fifths/utils/test/geometry.test.ts" name="geometry utils &gt; polarToCartesian &gt; 正常ケース: 270度で正しい座標を返す" time="0.000199684">
        </testcase>
        <testcase classname="src/features/circle-of-fifths/utils/test/geometry.test.ts" name="geometry utils &gt; polarToCartesian &gt; 正常ケース: 半径0で原点を返す" time="0.000268954">
        </testcase>
        <testcase classname="src/features/circle-of-fifths/utils/test/geometry.test.ts" name="geometry utils &gt; calculateTextPosition &gt; 正常ケース: 各位置で正しいテキスト座標を計算" time="0.000671961">
        </testcase>
        <testcase classname="src/features/circle-of-fifths/utils/test/geometry.test.ts" name="geometry utils &gt; calculateTextPosition &gt; 異常ケース: 無効な位置でCircleOfFifthsErrorをスロー" time="0.000322244">
        </testcase>
        <testcase classname="src/features/circle-of-fifths/utils/test/geometry.test.ts" name="geometry utils &gt; calculateTextPosition &gt; 異常ケース: 負の半径でCircleOfFifthsErrorをスロー" time="0.000245791">
        </testcase>
        <testcase classname="src/features/circle-of-fifths/utils/test/geometry.test.ts" name="geometry utils &gt; calculateTextRotation &gt; 正常ケース: 常に0を返す" time="0.000121728">
        </testcase>
    </testsuite>
    <testsuite name="src/features/circle-of-fifths/utils/test/index.test.ts" timestamp="2025-09-28T12:43:42.108Z" hostname="runnervm3ublj" tests="3" failures="0" errors="0" skipped="0" time="0.006487328">
        <testcase classname="src/features/circle-of-fifths/utils/test/index.test.ts" name="utils index exports &gt; エクスポートの確認: すべてのモジュールが正しくエクスポートされている" time="0.002685056">
        </testcase>
        <testcase classname="src/features/circle-of-fifths/utils/test/index.test.ts" name="utils index exports &gt; エクスポートの確認: ネームスペース形式でアクセス可能" time="0.000792756">
        </testcase>
        <testcase classname="src/features/circle-of-fifths/utils/test/index.test.ts" name="utils index exports &gt; エクスポートの確認: 各モジュールが独立している" time="0.001373726">
        </testcase>
    </testsuite>
    <testsuite name="src/features/circle-of-fifths/utils/test/pathGeneration.test.ts" timestamp="2025-09-28T12:43:42.108Z" hostname="runnervm3ublj" tests="11" failures="0" errors="0" skipped="0" time="0.014394062">
        <testcase classname="src/features/circle-of-fifths/utils/test/pathGeneration.test.ts" name="pathGeneration utils &gt; generatePizzaSlicePath &gt; 正常ケース: 有効なパラメータで正しいSVGパスを生成" time="0.002682892">
        </testcase>
        <testcase classname="src/features/circle-of-fifths/utils/test/pathGeneration.test.ts" name="pathGeneration utils &gt; generatePizzaSlicePath &gt; 正常ケース: 複数の位置で一貫したパス構造を生成" time="0.002643238">
        </testcase>
        <testcase classname="src/features/circle-of-fifths/utils/test/pathGeneration.test.ts" name="pathGeneration utils &gt; generatePizzaSlicePath &gt; 境界値ケース: large-arc-flagの計算が正しい" time="0.000937248">
        </testcase>
        <testcase classname="src/features/circle-of-fifths/utils/test/pathGeneration.test.ts" name="pathGeneration utils &gt; generatePizzaSlicePath &gt; 異常ケース: 無効な位置でCircleOfFifthsErrorをスロー" time="0.000771698">
        </testcase>
        <testcase classname="src/features/circle-of-fifths/utils/test/pathGeneration.test.ts" name="pathGeneration utils &gt; generatePizzaSlicePath &gt; 異常ケース: 負の半径でCircleOfFifthsErrorをスロー" time="0.000377217">
        </testcase>
        <testcase classname="src/features/circle-of-fifths/utils/test/pathGeneration.test.ts" name="pathGeneration utils &gt; generatePizzaSlicePath &gt; 異常ケース: 内側半径≥外側半径でCircleOfFifthsErrorをスロー" time="0.000525195">
        </testcase>
        <testcase classname="src/features/circle-of-fifths/utils/test/pathGeneration.test.ts" name="pathGeneration utils &gt; generateThreeSegmentPaths &gt; 正常ケース: 有効なパラメータで3つのパスを正しく生成" time="0.000846488">
        </testcase>
        <testcase classname="src/features/circle-of-fifths/utils/test/pathGeneration.test.ts" name="pathGeneration utils &gt; generateThreeSegmentPaths &gt; 正常ケース: 実際のCIRCLE_LAYOUT値で正しく動作" time="0.001226821">
        </testcase>
        <testcase classname="src/features/circle-of-fifths/utils/test/pathGeneration.test.ts" name="pathGeneration utils &gt; generateThreeSegmentPaths &gt; 異常ケース: 無効な位置でCircleOfFifthsErrorをスロー" time="0.000505207">
        </testcase>
        <testcase classname="src/features/circle-of-fifths/utils/test/pathGeneration.test.ts" name="pathGeneration utils &gt; generateThreeSegmentPaths &gt; 異常ケース: 負の半径でCircleOfFifthsErrorをスロー" time="0.000504496">
        </testcase>
        <testcase classname="src/features/circle-of-fifths/utils/test/pathGeneration.test.ts" name="pathGeneration utils &gt; generateThreeSegmentPaths &gt; 異常ケース: 半径の順序が正しくない場合でErrorをスロー" time="0.001636454">
        </testcase>
    </testsuite>
    <testsuite name="src/features/circle-of-fifths/utils/test/validation.test.ts" timestamp="2025-09-28T12:43:42.111Z" hostname="runnervm3ublj" tests="6" failures="0" errors="0" skipped="0" time="0.005491931">
        <testcase classname="src/features/circle-of-fifths/utils/test/validation.test.ts" name="validation utils &gt; isValidPosition &gt; 正常ケース: 有効な位置（0-11）でtrueを返す" time="0.002594416">
        </testcase>
        <testcase classname="src/features/circle-of-fifths/utils/test/validation.test.ts" name="validation utils &gt; isValidPosition &gt; 境界値ケース: 負の数でfalseを返す" time="0.000253225">
        </testcase>
        <testcase classname="src/features/circle-of-fifths/utils/test/validation.test.ts" name="validation utils &gt; isValidPosition &gt; 境界値ケース: getSegmentCount()以上の数でfalseを返す" time="0.000374693">
        </testcase>
        <testcase classname="src/features/circle-of-fifths/utils/test/validation.test.ts" name="validation utils &gt; isValidPosition &gt; 異常ケース: 小数でfalseを返す" time="0.000288281">
        </testcase>
        <testcase classname="src/features/circle-of-fifths/utils/test/validation.test.ts" name="validation utils &gt; isValidPosition &gt; 異常ケース: NaNでfalseを返す" time="0.000166763">
        </testcase>
        <testcase classname="src/features/circle-of-fifths/utils/test/validation.test.ts" name="validation utils &gt; isValidPosition &gt; 異常ケース: Infinityでfalseを返す" time="0.000210044">
        </testcase>
    </testsuite>
    <testsuite name="src/features/view-controller/hooks/test/useViewController.test.ts" timestamp="2025-09-28T12:43:42.112Z" hostname="runnervm3ublj" tests="28" failures="0" errors="0" skipped="0" time="0.11391724">
        <testcase classname="src/features/view-controller/hooks/test/useViewController.test.ts" name="useViewController &gt; 初期化 &gt; 正常ケース: フックが正常に初期化される" time="0.024429596">
        </testcase>
        <testcase classname="src/features/view-controller/hooks/test/useViewController.test.ts" name="useViewController &gt; 初期化 &gt; 正常ケース: 初期状態でcircle-of-fifthsが選択されている" time="0.00335749">
        </testcase>
        <testcase classname="src/features/view-controller/hooks/test/useViewController.test.ts" name="useViewController &gt; 初期化 &gt; 正常ケース: hubOptionsが正しく取得される" time="0.005029992">
        </testcase>
        <testcase classname="src/features/view-controller/hooks/test/useViewController.test.ts" name="useViewController &gt; 初期化 &gt; 正常ケース: selectedOptionが正しく設定される" time="0.002735347">
        </testcase>
        <testcase classname="src/features/view-controller/hooks/test/useViewController.test.ts" name="useViewController &gt; 初期化 &gt; 正常ケース: radioGroupRefが初期化される" time="0.003231163">
        </testcase>
        <testcase classname="src/features/view-controller/hooks/test/useViewController.test.ts" name="useViewController &gt; hubType変更 &gt; 正常ケース: hubStoreの状態変更が反映される" time="0.004192087">
        </testcase>
        <testcase classname="src/features/view-controller/hooks/test/useViewController.test.ts" name="useViewController &gt; hubType変更 &gt; 正常ケース: hubType変更時にselectedOptionが更新される" time="0.002844501">
        </testcase>
        <testcase classname="src/features/view-controller/hooks/test/useViewController.test.ts" name="useViewController &gt; handleHubTypeChange &gt; 正常ケース: circle-of-fifthsに変更できる" time="0.003254456">
        </testcase>
        <testcase classname="src/features/view-controller/hooks/test/useViewController.test.ts" name="useViewController &gt; handleHubTypeChange &gt; 正常ケース: chromatic-circleに変更できる" time="0.003016684">
        </testcase>
        <testcase classname="src/features/view-controller/hooks/test/useViewController.test.ts" name="useViewController &gt; handleHubTypeChange &gt; 正常ケース: 連続して変更できる" time="0.003161333">
        </testcase>
        <testcase classname="src/features/view-controller/hooks/test/useViewController.test.ts" name="useViewController &gt; handleKeyDown &gt; ArrowLeft/ArrowUpキー &gt; 正常ケース: ArrowLeftで前のオプションに移動" time="0.014690419">
        </testcase>
        <testcase classname="src/features/view-controller/hooks/test/useViewController.test.ts" name="useViewController &gt; handleKeyDown &gt; ArrowLeft/ArrowUpキー &gt; 正常ケース: ArrowUpで前のオプションに移動" time="0.006950779">
        </testcase>
        <testcase classname="src/features/view-controller/hooks/test/useViewController.test.ts" name="useViewController &gt; handleKeyDown &gt; ArrowLeft/ArrowUpキー &gt; 境界値ケース: 最初のオプションで前に移動すると最後のオプションに移動" time="0.002290497">
        </testcase>
        <testcase classname="src/features/view-controller/hooks/test/useViewController.test.ts" name="useViewController &gt; handleKeyDown &gt; ArrowRight/ArrowDownキー &gt; 正常ケース: ArrowRightで次のオプションに移動" time="0.002014601">
        </testcase>
        <testcase classname="src/features/view-controller/hooks/test/useViewController.test.ts" name="useViewController &gt; handleKeyDown &gt; ArrowRight/ArrowDownキー &gt; 正常ケース: ArrowDownで次のオプションに移動" time="0.006943472">
        </testcase>
        <testcase classname="src/features/view-controller/hooks/test/useViewController.test.ts" name="useViewController &gt; handleKeyDown &gt; ArrowRight/ArrowDownキー &gt; 境界値ケース: 最後のオプションで次に移動すると最初のオプションに移動" time="0.001907041">
        </testcase>
        <testcase classname="src/features/view-controller/hooks/test/useViewController.test.ts" name="useViewController &gt; handleKeyDown &gt; Home/Endキー &gt; 正常ケース: Homeキーで最初のオプションに移動" time="0.00141376">
        </testcase>
        <testcase classname="src/features/view-controller/hooks/test/useViewController.test.ts" name="useViewController &gt; handleKeyDown &gt; Home/Endキー &gt; 正常ケース: Endキーで最後のオプションに移動" time="0.001147172">
        </testcase>
        <testcase classname="src/features/view-controller/hooks/test/useViewController.test.ts" name="useViewController &gt; handleKeyDown &gt; Home/Endキー &gt; 境界値ケース: 既に最初のオプションでHomeキーを押しても変化なし" time="0.001309876">
        </testcase>
        <testcase classname="src/features/view-controller/hooks/test/useViewController.test.ts" name="useViewController &gt; handleKeyDown &gt; Home/Endキー &gt; 境界値ケース: 既に最後のオプションでEndキーを押しても変化なし" time="0.001177929">
        </testcase>
        <testcase classname="src/features/view-controller/hooks/test/useViewController.test.ts" name="useViewController &gt; handleKeyDown &gt; その他のキー &gt; 正常ケース: サポートされていないキーは何も実行しない" time="0.0010659">
        </testcase>
        <testcase classname="src/features/view-controller/hooks/test/useViewController.test.ts" name="useViewController &gt; handleKeyDown &gt; その他のキー &gt; 正常ケース: 複数の無効なキーを連続して処理" time="0.001331629">
        </testcase>
        <testcase classname="src/features/view-controller/hooks/test/useViewController.test.ts" name="useViewController &gt; フォーカス管理 &gt; 正常ケース: DOM要素が存在しない場合はエラーなし" time="0.003139251">
        </testcase>
        <testcase classname="src/features/view-controller/hooks/test/useViewController.test.ts" name="useViewController &gt; フォーカス管理 &gt; 正常ケース: DOM要素が存在する場合のフォーカス処理" time="0.00330952">
        </testcase>
        <testcase classname="src/features/view-controller/hooks/test/useViewController.test.ts" name="useViewController &gt; メモ化の動作 &gt; 正常ケース: hubOptionsがメモ化される" time="0.001611869">
        </testcase>
        <testcase classname="src/features/view-controller/hooks/test/useViewController.test.ts" name="useViewController &gt; メモ化の動作 &gt; 正常ケース: hubTypeが変更されない場合はselectedOptionがメモ化される" time="0.002455164">
        </testcase>
        <testcase classname="src/features/view-controller/hooks/test/useViewController.test.ts" name="useViewController &gt; メモ化の動作 &gt; 正常ケース: hubTypeが変更されるとselectedOptionが更新される" time="0.001580612">
        </testcase>
        <testcase classname="src/features/view-controller/hooks/test/useViewController.test.ts" name="useViewController &gt; メモ化の動作 &gt; 正常ケース: handleHubTypeChangeとhandleKeyDownがメモ化される" time="0.001425552">
        </testcase>
    </testsuite>
</testsuites>
