<?xml version="1.0" encoding="UTF-8" ?>
<testsuites name="vitest tests" tests="898" failures="0" errors="0" time="1.508338145">
    <testsuite name="src/stores/test/circleOfFifthsStore.test.ts" timestamp="2025-09-28T09:30:38.999Z" hostname="runnervm3ublj" tests="1" failures="0" errors="0" skipped="0" time="0.003345364">
        <testcase classname="src/stores/test/circleOfFifthsStore.test.ts" name="Zustandストアの基本動作確認 &gt; ストアが正常に初期化される" time="0.001884444">
        </testcase>
    </testsuite>
    <testsuite name="src/stores/test/currentScaleStore.test.ts" timestamp="2025-09-28T09:30:39.001Z" hostname="runnervm3ublj" tests="4" failures="0" errors="0" skipped="0" time="0.029420311">
        <testcase classname="src/stores/test/currentScaleStore.test.ts" name="currentKeyStore &gt; 初期状態はC Majorキーである" time="0.015622602">
        </testcase>
        <testcase classname="src/stores/test/currentScaleStore.test.ts" name="currentKeyStore &gt; 音楽キーを設定できる" time="0.005112151">
        </testcase>
        <testcase classname="src/stores/test/currentScaleStore.test.ts" name="currentKeyStore &gt; デフォルトにリセットできる" time="0.004074687">
        </testcase>
        <testcase classname="src/stores/test/currentScaleStore.test.ts" name="currentKeyStore &gt; メジャーキーとマイナーキーを正しく区別する" time="0.00300911">
        </testcase>
    </testsuite>
    <testsuite name="src/stores/test/hubStore.test.ts" timestamp="2025-09-28T09:30:39.002Z" hostname="runnervm3ublj" tests="13" failures="0" errors="0" skipped="0" time="0.009498135">
        <testcase classname="src/stores/test/hubStore.test.ts" name="hubStore &gt; 初期状態 &gt; 正常ケース: デフォルトでcircle-of-fifthsが設定される" time="0.00206483">
        </testcase>
        <testcase classname="src/stores/test/hubStore.test.ts" name="hubStore &gt; 初期状態 &gt; 正常ケース: setHubType関数が定義されている" time="0.00027515">
        </testcase>
        <testcase classname="src/stores/test/hubStore.test.ts" name="hubStore &gt; 初期状態 &gt; 正常ケース: ストアの型構造が正しい" time="0.001545126">
        </testcase>
        <testcase classname="src/stores/test/hubStore.test.ts" name="hubStore &gt; setHubType関数 &gt; 正常ケース: circle-of-fifthsに設定できる" time="0.00031281">
        </testcase>
        <testcase classname="src/stores/test/hubStore.test.ts" name="hubStore &gt; setHubType関数 &gt; 正常ケース: chromatic-circleに設定できる" time="0.000233133">
        </testcase>
        <testcase classname="src/stores/test/hubStore.test.ts" name="hubStore &gt; setHubType関数 &gt; 正常ケース: 状態変更後もsetHubType関数が同じ参照を保持" time="0.000330904">
        </testcase>
        <testcase classname="src/stores/test/hubStore.test.ts" name="hubStore &gt; setHubType関数 &gt; 境界値ケース: 全てのHubTypeを正しく設定できる" time="0.000428625">
        </testcase>
        <testcase classname="src/stores/test/hubStore.test.ts" name="hubStore &gt; 状態変更の動作 &gt; 正常ケース: 複数回の状態変更が正しく処理される" time="0.00043139">
        </testcase>
        <testcase classname="src/stores/test/hubStore.test.ts" name="hubStore &gt; 状態変更の動作 &gt; 正常ケース: 同じ値を設定しても状態は変更される" time="0.000416292">
        </testcase>
        <testcase classname="src/stores/test/hubStore.test.ts" name="hubStore &gt; ストア購読の動作 &gt; 正常ケース: 状態変更時にリスナーが呼ばれる" time="0.000497433">
        </testcase>
        <testcase classname="src/stores/test/hubStore.test.ts" name="hubStore &gt; ストアの独立性 &gt; 正常ケース: 複数のgetState()呼び出しが同じオブジェクトを参照" time="0.000284658">
        </testcase>
        <testcase classname="src/stores/test/hubStore.test.ts" name="hubStore &gt; ストアの独立性 &gt; 正常ケース: ストアの状態が適切に分離されている" time="0.00023204">
        </testcase>
        <testcase classname="src/stores/test/hubStore.test.ts" name="hubStore &gt; 型安全性 &gt; 正常ケース: HubType以外の値は型エラーとなる（TypeScript）" time="0.000196555">
        </testcase>
    </testsuite>
    <testsuite name="src/stores/test/layerStore.test.ts" timestamp="2025-09-28T09:30:39.005Z" hostname="runnervm3ublj" tests="11" failures="0" errors="0" skipped="0" time="0.010257843">
        <testcase classname="src/stores/test/layerStore.test.ts" name="layerStore &gt; initial state &gt; 正常ケース: 初期状態でダイアトニックコード非表示" time="0.002409108">
        </testcase>
        <testcase classname="src/stores/test/layerStore.test.ts" name="layerStore &gt; toggleDiatonicChords action &gt; 正常ケース: falseからtrueに切り替わる" time="0.000465704">
        </testcase>
        <testcase classname="src/stores/test/layerStore.test.ts" name="layerStore &gt; toggleDiatonicChords action &gt; 正常ケース: trueからfalseに切り替わる" time="0.000460744">
        </testcase>
        <testcase classname="src/stores/test/layerStore.test.ts" name="layerStore &gt; toggleDiatonicChords action &gt; 正常ケース: 複数回のトグル動作" time="0.000609861">
        </testcase>
        <testcase classname="src/stores/test/layerStore.test.ts" name="layerStore &gt; toggleDiatonicChords action &gt; 正常ケース: 関数の参照が安定している" time="0.000244333">
        </testcase>
        <testcase classname="src/stores/test/layerStore.test.ts" name="layerStore &gt; state immutability &gt; 正常ケース: setState後に元のstateが変更されない" time="0.000549319">
        </testcase>
        <testcase classname="src/stores/test/layerStore.test.ts" name="layerStore &gt; state immutability &gt; 正常ケース: toggleDiatonicChords後の不変性" time="0.001425172">
        </testcase>
        <testcase classname="src/stores/test/layerStore.test.ts" name="layerStore &gt; store subscription &gt; 正常ケース: 状態変更時にsubscriberが呼ばれる" time="0.000545893">
        </testcase>
        <testcase classname="src/stores/test/layerStore.test.ts" name="layerStore &gt; direct state manipulation &gt; 正常ケース: setStateによる直接的な状態変更" time="0.000515055">
        </testcase>
        <testcase classname="src/stores/test/layerStore.test.ts" name="layerStore &gt; direct state manipulation &gt; 正常ケース: 部分的な状態更新" time="0.000302501">
        </testcase>
        <testcase classname="src/stores/test/layerStore.test.ts" name="layerStore &gt; type safety &gt; 正常ケース: 型安全な状態アクセス" time="0.000333769">
        </testcase>
    </testsuite>
    <testsuite name="src/domain/chord/test/Chord.test.ts" timestamp="2025-09-28T09:30:39.008Z" hostname="runnervm3ublj" tests="30" failures="0" errors="0" skipped="0" time="0.019676733">
        <testcase classname="src/domain/chord/test/Chord.test.ts" name="Chord &gt; コンストラクタ（ファクトリメソッド経由） &gt; 正常ケース: メジャーコードを生成" time="0.002857699">
        </testcase>
        <testcase classname="src/domain/chord/test/Chord.test.ts" name="Chord &gt; コンストラクタ（ファクトリメソッド経由） &gt; 正常ケース: マイナーコードを生成" time="0.000587739">
        </testcase>
        <testcase classname="src/domain/chord/test/Chord.test.ts" name="Chord &gt; コンストラクタ（ファクトリメソッド経由） &gt; 正常ケース: ドミナント7thコードを生成" time="0.000507141">
        </testcase>
        <testcase classname="src/domain/chord/test/Chord.test.ts" name="Chord &gt; 構成音生成テスト &gt; 正常ケース: 各メジャートライアドの構成音" time="0.001056148">
        </testcase>
        <testcase classname="src/domain/chord/test/Chord.test.ts" name="Chord &gt; 構成音生成テスト &gt; 正常ケース: 各マイナートライアドの構成音" time="0.000858312">
        </testcase>
        <testcase classname="src/domain/chord/test/Chord.test.ts" name="Chord &gt; KeyDTOファクトリメソッド &gt; 正常ケース: KeyDTOからメジャーコード生成" time="0.000950212">
        </testcase>
        <testcase classname="src/domain/chord/test/Chord.test.ts" name="Chord &gt; KeyDTOファクトリメソッド &gt; 正常ケース: KeyDTOからマイナーコード生成" time="0.000561061">
        </testcase>
        <testcase classname="src/domain/chord/test/Chord.test.ts" name="Chord &gt; オクターブ処理 &gt; 正常ケース: オクターブを跨ぐ音程の処理" time="0.000280009">
        </testcase>
        <testcase classname="src/domain/chord/test/Chord.test.ts" name="Chord &gt; オクターブ処理 &gt; 正常ケース: 低いオクターブでの和音" time="0.000362122">
        </testcase>
        <testcase classname="src/domain/chord/test/Chord.test.ts" name="Chord &gt; オクターブ処理 &gt; 正常ケース: 高いオクターブでの和音" time="0.000311898">
        </testcase>
        <testcase classname="src/domain/chord/test/Chord.test.ts" name="Chord &gt; fromNotes ファクトリメソッド &gt; 正常ケース: メジャートライアドの構成音から生成" time="0.000726306">
        </testcase>
        <testcase classname="src/domain/chord/test/Chord.test.ts" name="Chord &gt; fromNotes ファクトリメソッド &gt; 正常ケース: マイナートライアドの構成音から生成" time="0.000433734">
        </testcase>
        <testcase classname="src/domain/chord/test/Chord.test.ts" name="Chord &gt; fromNotes ファクトリメソッド &gt; 正常ケース: ドミナント7thコードの構成音から生成" time="0.0004527">
        </testcase>
        <testcase classname="src/domain/chord/test/Chord.test.ts" name="Chord &gt; fromNotes ファクトリメソッド &gt; 正常ケース: ディミニッシュトライアドの構成音から生成" time="0.000605252">
        </testcase>
        <testcase classname="src/domain/chord/test/Chord.test.ts" name="Chord &gt; fromNotes ファクトリメソッド &gt; エラーケース: 空の構成音配列" time="0.001093177">
        </testcase>
        <testcase classname="src/domain/chord/test/Chord.test.ts" name="Chord &gt; fromNotes ファクトリメソッド &gt; エラーケース: 認識できないコード品質" time="0.000480631">
        </testcase>
        <testcase classname="src/domain/chord/test/Chord.test.ts" name="Chord &gt; ChordPattern.from ファクトリメソッド &gt; 正常ケース: MajorSeventhコード" time="0.000416342">
        </testcase>
        <testcase classname="src/domain/chord/test/Chord.test.ts" name="Chord &gt; ChordPattern.from ファクトリメソッド &gt; 正常ケース: MinorSeventhコード" time="0.0003668">
        </testcase>
        <testcase classname="src/domain/chord/test/Chord.test.ts" name="Chord &gt; ChordPattern.from ファクトリメソッド &gt; 正常ケース: DiminishedTriadコード" time="0.00041526">
        </testcase>
        <testcase classname="src/domain/chord/test/Chord.test.ts" name="Chord &gt; equals メソッド &gt; 正常ケース: 同じルート音と同じ品質のChordは等しい" time="0.000300337">
        </testcase>
        <testcase classname="src/domain/chord/test/Chord.test.ts" name="Chord &gt; equals メソッド &gt; 正常ケース: 同じChord同士は等しい" time="0.000181596">
        </testcase>
        <testcase classname="src/domain/chord/test/Chord.test.ts" name="Chord &gt; equals メソッド &gt; 正常ケース: 異なる品質のChordは等しくない" time="0.000234145">
        </testcase>
        <testcase classname="src/domain/chord/test/Chord.test.ts" name="Chord &gt; equals メソッド &gt; 正常ケース: 異なるルート音のChordは等しくない" time="0.00025386">
        </testcase>
        <testcase classname="src/domain/chord/test/Chord.test.ts" name="Chord &gt; equals メソッド &gt; 正常ケース: 異なるオクターブでも同じピッチクラスと品質なら等しい" time="0.000249052">
        </testcase>
        <testcase classname="src/domain/chord/test/Chord.test.ts" name="Chord &gt; equals メソッド &gt; エッジケース: null、undefined、非Chordオブジェクトとの比較" time="0.000298403">
        </testcase>
        <testcase classname="src/domain/chord/test/Chord.test.ts" name="Chord &gt; equals メソッド &gt; 正常ケース: 異なる生成方法で作られた同じChordは等しい" time="0.000225047">
        </testcase>
        <testcase classname="src/domain/chord/test/Chord.test.ts" name="Chord &gt; equals メソッド &gt; 正常ケース: fromNotesで生成したChordとの比較" time="0.000208247">
        </testcase>
        <testcase classname="src/domain/chord/test/Chord.test.ts" name="Chord &gt; 音楽理論的検証 &gt; 正常ケース: 基本トライアドの音程関係" time="0.000361169">
        </testcase>
        <testcase classname="src/domain/chord/test/Chord.test.ts" name="Chord &gt; 音楽理論的検証 &gt; 正常ケース: セブンスコードの音程関係" time="0.000467527">
        </testcase>
        <testcase classname="src/domain/chord/test/Chord.test.ts" name="Chord &gt; 音楽理論的検証 &gt; 正常ケース: KeyDTOを使った和音進行" time="0.000575998">
        </testcase>
    </testsuite>
    <testsuite name="src/domain/common/test/AbstractMusicalContext.test.ts" timestamp="2025-09-28T09:30:39.014Z" hostname="runnervm3ublj" tests="287" failures="0" errors="0" skipped="0" time="0.25113674">
        <testcase classname="src/domain/common/test/AbstractMusicalContext.test.ts" name="AbstractMusicalContext &gt; getDegreeNameFromNumber - 静的メソッド &gt; 正常ケース: 1-7度の各度数で正しいローマ数字を返す" time="0.002581968">
        </testcase>
        <testcase classname="src/domain/common/test/AbstractMusicalContext.test.ts" name="AbstractMusicalContext &gt; getDegreeNameFromNumber - 静的メソッド &gt; 正常ケース: sharp記号付き度数名を正しく返す" time="0.000419698">
        </testcase>
        <testcase classname="src/domain/common/test/AbstractMusicalContext.test.ts" name="AbstractMusicalContext &gt; getDegreeNameFromNumber - 静的メソッド &gt; 正常ケース: flat記号付き度数名を正しく返す" time="0.000386356">
        </testcase>
        <testcase classname="src/domain/common/test/AbstractMusicalContext.test.ts" name="AbstractMusicalContext &gt; getDegreeNameFromNumber - 静的メソッド &gt; 異常ケース: 範囲外の度数でエラーをスロー" time="0.001438878">
        </testcase>
        <testcase classname="src/domain/common/test/AbstractMusicalContext.test.ts" name="AbstractMusicalContext &gt; getDegreeNameFromNumber - 静的メソッド &gt; 境界値ケース: 最小値と最大値で正しく動作" time="0.000281763">
        </testcase>
        <testcase classname="src/domain/common/test/AbstractMusicalContext.test.ts" name="AbstractMusicalContext &gt; 基本プロパティ &gt; Key (C Major) &gt; centerPitchが正しく設定されている" time="0.000400222">
        </testcase>
        <testcase classname="src/domain/common/test/AbstractMusicalContext.test.ts" name="AbstractMusicalContext &gt; 基本プロパティ &gt; Key (C Major) &gt; scaleが正しく設定されている" time="0.000224526">
        </testcase>
        <testcase classname="src/domain/common/test/AbstractMusicalContext.test.ts" name="AbstractMusicalContext &gt; 基本プロパティ &gt; Key (C Major) &gt; contextNameが生成される" time="0.000356531">
        </testcase>
        <testcase classname="src/domain/common/test/AbstractMusicalContext.test.ts" name="AbstractMusicalContext &gt; 基本プロパティ &gt; Key (C Major) &gt; shortNameが生成される" time="0.000376177">
        </testcase>
        <testcase classname="src/domain/common/test/AbstractMusicalContext.test.ts" name="AbstractMusicalContext &gt; 基本プロパティ &gt; Key (G Major - Sharp) &gt; centerPitchが正しく設定されている" time="0.000290799">
        </testcase>
        <testcase classname="src/domain/common/test/AbstractMusicalContext.test.ts" name="AbstractMusicalContext &gt; 基本プロパティ &gt; Key (G Major - Sharp) &gt; scaleが正しく設定されている" time="0.00016708">
        </testcase>
        <testcase classname="src/domain/common/test/AbstractMusicalContext.test.ts" name="AbstractMusicalContext &gt; 基本プロパティ &gt; Key (G Major - Sharp) &gt; contextNameが生成される" time="0.000153875">
        </testcase>
        <testcase classname="src/domain/common/test/AbstractMusicalContext.test.ts" name="AbstractMusicalContext &gt; 基本プロパティ &gt; Key (G Major - Sharp) &gt; shortNameが生成される" time="0.000184151">
        </testcase>
        <testcase classname="src/domain/common/test/AbstractMusicalContext.test.ts" name="AbstractMusicalContext &gt; 基本プロパティ &gt; Key (F Major - Flat) &gt; centerPitchが正しく設定されている" time="0.000351372">
        </testcase>
        <testcase classname="src/domain/common/test/AbstractMusicalContext.test.ts" name="AbstractMusicalContext &gt; 基本プロパティ &gt; Key (F Major - Flat) &gt; scaleが正しく設定されている" time="0.000188119">
        </testcase>
        <testcase classname="src/domain/common/test/AbstractMusicalContext.test.ts" name="AbstractMusicalContext &gt; 基本プロパティ &gt; Key (F Major - Flat) &gt; contextNameが生成される" time="0.00027486">
        </testcase>
        <testcase classname="src/domain/common/test/AbstractMusicalContext.test.ts" name="AbstractMusicalContext &gt; 基本プロパティ &gt; Key (F Major - Flat) &gt; shortNameが生成される" time="0.000184973">
        </testcase>
        <testcase classname="src/domain/common/test/AbstractMusicalContext.test.ts" name="AbstractMusicalContext &gt; 基本プロパティ &gt; Key (A Minor) &gt; centerPitchが正しく設定されている" time="0.000173301">
        </testcase>
        <testcase classname="src/domain/common/test/AbstractMusicalContext.test.ts" name="AbstractMusicalContext &gt; 基本プロパティ &gt; Key (A Minor) &gt; scaleが正しく設定されている" time="0.00015133">
        </testcase>
        <testcase classname="src/domain/common/test/AbstractMusicalContext.test.ts" name="AbstractMusicalContext &gt; 基本プロパティ &gt; Key (A Minor) &gt; contextNameが生成される" time="0.00025357">
        </testcase>
        <testcase classname="src/domain/common/test/AbstractMusicalContext.test.ts" name="AbstractMusicalContext &gt; 基本プロパティ &gt; Key (A Minor) &gt; shortNameが生成される" time="0.000209368">
        </testcase>
        <testcase classname="src/domain/common/test/AbstractMusicalContext.test.ts" name="AbstractMusicalContext &gt; 基本プロパティ &gt; Key (E Minor - Sharp) &gt; centerPitchが正しく設定されている" time="0.000149006">
        </testcase>
        <testcase classname="src/domain/common/test/AbstractMusicalContext.test.ts" name="AbstractMusicalContext &gt; 基本プロパティ &gt; Key (E Minor - Sharp) &gt; scaleが正しく設定されている" time="0.000126565">
        </testcase>
        <testcase classname="src/domain/common/test/AbstractMusicalContext.test.ts" name="AbstractMusicalContext &gt; 基本プロパティ &gt; Key (E Minor - Sharp) &gt; contextNameが生成される" time="0.000197005">
        </testcase>
        <testcase classname="src/domain/common/test/AbstractMusicalContext.test.ts" name="AbstractMusicalContext &gt; 基本プロパティ &gt; Key (E Minor - Sharp) &gt; shortNameが生成される" time="0.000135852">
        </testcase>
        <testcase classname="src/domain/common/test/AbstractMusicalContext.test.ts" name="AbstractMusicalContext &gt; 基本プロパティ &gt; Key (D Minor - Flat) &gt; centerPitchが正しく設定されている" time="0.000139659">
        </testcase>
        <testcase classname="src/domain/common/test/AbstractMusicalContext.test.ts" name="AbstractMusicalContext &gt; 基本プロパティ &gt; Key (D Minor - Flat) &gt; scaleが正しく設定されている" time="0.000118761">
        </testcase>
        <testcase classname="src/domain/common/test/AbstractMusicalContext.test.ts" name="AbstractMusicalContext &gt; 基本プロパティ &gt; Key (D Minor - Flat) &gt; contextNameが生成される" time="0.000139499">
        </testcase>
        <testcase classname="src/domain/common/test/AbstractMusicalContext.test.ts" name="AbstractMusicalContext &gt; 基本プロパティ &gt; Key (D Minor - Flat) &gt; shortNameが生成される" time="0.000140881">
        </testcase>
        <testcase classname="src/domain/common/test/AbstractMusicalContext.test.ts" name="AbstractMusicalContext &gt; 基本プロパティ &gt; ModalContext (D Dorian) &gt; centerPitchが正しく設定されている" time="0.000117177">
        </testcase>
        <testcase classname="src/domain/common/test/AbstractMusicalContext.test.ts" name="AbstractMusicalContext &gt; 基本プロパティ &gt; ModalContext (D Dorian) &gt; scaleが正しく設定されている" time="0.000103452">
        </testcase>
        <testcase classname="src/domain/common/test/AbstractMusicalContext.test.ts" name="AbstractMusicalContext &gt; 基本プロパティ &gt; ModalContext (D Dorian) &gt; contextNameが生成される" time="0.00012402">
        </testcase>
        <testcase classname="src/domain/common/test/AbstractMusicalContext.test.ts" name="AbstractMusicalContext &gt; 基本プロパティ &gt; ModalContext (D Dorian) &gt; shortNameが生成される" time="0.000152542">
        </testcase>
        <testcase classname="src/domain/common/test/AbstractMusicalContext.test.ts" name="AbstractMusicalContext &gt; 基本プロパティ &gt; ModalContext (E Phrygian) &gt; centerPitchが正しく設定されている" time="0.000126835">
        </testcase>
        <testcase classname="src/domain/common/test/AbstractMusicalContext.test.ts" name="AbstractMusicalContext &gt; 基本プロパティ &gt; ModalContext (E Phrygian) &gt; scaleが正しく設定されている" time="0.000128829">
        </testcase>
        <testcase classname="src/domain/common/test/AbstractMusicalContext.test.ts" name="AbstractMusicalContext &gt; 基本プロパティ &gt; ModalContext (E Phrygian) &gt; contextNameが生成される" time="0.000129881">
        </testcase>
        <testcase classname="src/domain/common/test/AbstractMusicalContext.test.ts" name="AbstractMusicalContext &gt; 基本プロパティ &gt; ModalContext (E Phrygian) &gt; shortNameが生成される" time="0.000123709">
        </testcase>
        <testcase classname="src/domain/common/test/AbstractMusicalContext.test.ts" name="AbstractMusicalContext &gt; 基本プロパティ &gt; ModalContext (F Lydian) &gt; centerPitchが正しく設定されている" time="0.001014471">
        </testcase>
        <testcase classname="src/domain/common/test/AbstractMusicalContext.test.ts" name="AbstractMusicalContext &gt; 基本プロパティ &gt; ModalContext (F Lydian) &gt; scaleが正しく設定されている" time="0.000142885">
        </testcase>
        <testcase classname="src/domain/common/test/AbstractMusicalContext.test.ts" name="AbstractMusicalContext &gt; 基本プロパティ &gt; ModalContext (F Lydian) &gt; contextNameが生成される" time="0.000260633">
        </testcase>
        <testcase classname="src/domain/common/test/AbstractMusicalContext.test.ts" name="AbstractMusicalContext &gt; 基本プロパティ &gt; ModalContext (F Lydian) &gt; shortNameが生成される" time="0.000153374">
        </testcase>
        <testcase classname="src/domain/common/test/AbstractMusicalContext.test.ts" name="AbstractMusicalContext &gt; 基本プロパティ &gt; ModalContext (G Mixolydian) &gt; centerPitchが正しく設定されている" time="0.000141572">
        </testcase>
        <testcase classname="src/domain/common/test/AbstractMusicalContext.test.ts" name="AbstractMusicalContext &gt; 基本プロパティ &gt; ModalContext (G Mixolydian) &gt; scaleが正しく設定されている" time="0.000119281">
        </testcase>
        <testcase classname="src/domain/common/test/AbstractMusicalContext.test.ts" name="AbstractMusicalContext &gt; 基本プロパティ &gt; ModalContext (G Mixolydian) &gt; contextNameが生成される" time="0.000128498">
        </testcase>
        <testcase classname="src/domain/common/test/AbstractMusicalContext.test.ts" name="AbstractMusicalContext &gt; 基本プロパティ &gt; ModalContext (G Mixolydian) &gt; shortNameが生成される" time="0.000168483">
        </testcase>
        <testcase classname="src/domain/common/test/AbstractMusicalContext.test.ts" name="AbstractMusicalContext &gt; buildTriad - 三和音構築機能 &gt; Key (C Major) &gt; 1-7度の三和音を構築できる" time="0.005159096">
        </testcase>
        <testcase classname="src/domain/common/test/AbstractMusicalContext.test.ts" name="AbstractMusicalContext &gt; buildTriad - 三和音構築機能 &gt; Key (C Major) &gt; 範囲外の度数でエラーが投げられる" time="0.00172167">
        </testcase>
        <testcase classname="src/domain/common/test/AbstractMusicalContext.test.ts" name="AbstractMusicalContext &gt; buildTriad - 三和音構築機能 &gt; Key (G Major - Sharp) &gt; 1-7度の三和音を構築できる" time="0.001181981">
        </testcase>
        <testcase classname="src/domain/common/test/AbstractMusicalContext.test.ts" name="AbstractMusicalContext &gt; buildTriad - 三和音構築機能 &gt; Key (G Major - Sharp) &gt; 範囲外の度数でエラーが投げられる" time="0.000371429">
        </testcase>
        <testcase classname="src/domain/common/test/AbstractMusicalContext.test.ts" name="AbstractMusicalContext &gt; buildTriad - 三和音構築機能 &gt; Key (F Major - Flat) &gt; 1-7度の三和音を構築できる" time="0.001160432">
        </testcase>
        <testcase classname="src/domain/common/test/AbstractMusicalContext.test.ts" name="AbstractMusicalContext &gt; buildTriad - 三和音構築機能 &gt; Key (F Major - Flat) &gt; 範囲外の度数でエラーが投げられる" time="0.000402335">
        </testcase>
        <testcase classname="src/domain/common/test/AbstractMusicalContext.test.ts" name="AbstractMusicalContext &gt; buildTriad - 三和音構築機能 &gt; Key (A Minor) &gt; 1-7度の三和音を構築できる" time="0.000925015">
        </testcase>
        <testcase classname="src/domain/common/test/AbstractMusicalContext.test.ts" name="AbstractMusicalContext &gt; buildTriad - 三和音構築機能 &gt; Key (A Minor) &gt; 範囲外の度数でエラーが投げられる" time="0.000329641">
        </testcase>
        <testcase classname="src/domain/common/test/AbstractMusicalContext.test.ts" name="AbstractMusicalContext &gt; buildTriad - 三和音構築機能 &gt; Key (E Minor - Sharp) &gt; 1-7度の三和音を構築できる" time="0.001060617">
        </testcase>
        <testcase classname="src/domain/common/test/AbstractMusicalContext.test.ts" name="AbstractMusicalContext &gt; buildTriad - 三和音構築機能 &gt; Key (E Minor - Sharp) &gt; 範囲外の度数でエラーが投げられる" time="0.000446919">
        </testcase>
        <testcase classname="src/domain/common/test/AbstractMusicalContext.test.ts" name="AbstractMusicalContext &gt; buildTriad - 三和音構築機能 &gt; Key (D Minor - Flat) &gt; 1-7度の三和音を構築できる" time="0.00109991">
        </testcase>
        <testcase classname="src/domain/common/test/AbstractMusicalContext.test.ts" name="AbstractMusicalContext &gt; buildTriad - 三和音構築機能 &gt; Key (D Minor - Flat) &gt; 範囲外の度数でエラーが投げられる" time="0.000314773">
        </testcase>
        <testcase classname="src/domain/common/test/AbstractMusicalContext.test.ts" name="AbstractMusicalContext &gt; buildTriad - 三和音構築機能 &gt; ModalContext (D Dorian) &gt; 1-7度の三和音を構築できる" time="0.001413824">
        </testcase>
        <testcase classname="src/domain/common/test/AbstractMusicalContext.test.ts" name="AbstractMusicalContext &gt; buildTriad - 三和音構築機能 &gt; ModalContext (D Dorian) &gt; 範囲外の度数でエラーが投げられる" time="0.000365698">
        </testcase>
        <testcase classname="src/domain/common/test/AbstractMusicalContext.test.ts" name="AbstractMusicalContext &gt; buildTriad - 三和音構築機能 &gt; ModalContext (E Phrygian) &gt; 1-7度の三和音を構築できる" time="0.000907422">
        </testcase>
        <testcase classname="src/domain/common/test/AbstractMusicalContext.test.ts" name="AbstractMusicalContext &gt; buildTriad - 三和音構築機能 &gt; ModalContext (E Phrygian) &gt; 範囲外の度数でエラーが投げられる" time="0.000427343">
        </testcase>
        <testcase classname="src/domain/common/test/AbstractMusicalContext.test.ts" name="AbstractMusicalContext &gt; buildTriad - 三和音構築機能 &gt; ModalContext (F Lydian) &gt; 1-7度の三和音を構築できる" time="0.001328673">
        </testcase>
        <testcase classname="src/domain/common/test/AbstractMusicalContext.test.ts" name="AbstractMusicalContext &gt; buildTriad - 三和音構築機能 &gt; ModalContext (F Lydian) &gt; 範囲外の度数でエラーが投げられる" time="0.000338217">
        </testcase>
        <testcase classname="src/domain/common/test/AbstractMusicalContext.test.ts" name="AbstractMusicalContext &gt; buildTriad - 三和音構築機能 &gt; ModalContext (G Mixolydian) &gt; 1-7度の三和音を構築できる" time="0.002214175">
        </testcase>
        <testcase classname="src/domain/common/test/AbstractMusicalContext.test.ts" name="AbstractMusicalContext &gt; buildTriad - 三和音構築機能 &gt; ModalContext (G Mixolydian) &gt; 範囲外の度数でエラーが投げられる" time="0.000401945">
        </testcase>
        <testcase classname="src/domain/common/test/AbstractMusicalContext.test.ts" name="AbstractMusicalContext &gt; diatonicChords - ダイアトニック和音配列 &gt; 特定キーの完全一致検証 &gt; 正常ケース: C Majorの7つのダイアトニック和音を完全検証" time="0.000600454">
        </testcase>
        <testcase classname="src/domain/common/test/AbstractMusicalContext.test.ts" name="AbstractMusicalContext &gt; diatonicChords - ダイアトニック和音配列 &gt; 特定キーの完全一致検証 &gt; 正常ケース: A Minorの7つのダイアトニック和音を完全検証" time="0.000496501">
        </testcase>
        <testcase classname="src/domain/common/test/AbstractMusicalContext.test.ts" name="AbstractMusicalContext &gt; diatonicChords - ダイアトニック和音配列 &gt; 特定キーの完全一致検証 &gt; 正常ケース: G Majorの7つのダイアトニック和音を完全検証" time="0.000457778">
        </testcase>
        <testcase classname="src/domain/common/test/AbstractMusicalContext.test.ts" name="AbstractMusicalContext &gt; diatonicChords - ダイアトニック和音配列 &gt; Key (C Major) &gt; 正常ケース: 7つのダイアトニック和音を返す" time="0.000756462">
        </testcase>
        <testcase classname="src/domain/common/test/AbstractMusicalContext.test.ts" name="AbstractMusicalContext &gt; diatonicChords - ダイアトニック和音配列 &gt; Key (C Major) &gt; 正常ケース: キャッシュ機能が動作する（同一インスタンスを返す）" time="0.000115144">
        </testcase>
        <testcase classname="src/domain/common/test/AbstractMusicalContext.test.ts" name="AbstractMusicalContext &gt; diatonicChords - ダイアトニック和音配列 &gt; Key (C Major) &gt; 正常ケース: 結果がフリーズされている（immutable）" time="0.000115063">
        </testcase>
        <testcase classname="src/domain/common/test/AbstractMusicalContext.test.ts" name="AbstractMusicalContext &gt; diatonicChords - ダイアトニック和音配列 &gt; Key (C Major) &gt; 正常ケース: 各和音が有効なコード名を持つ" time="0.000755772">
        </testcase>
        <testcase classname="src/domain/common/test/AbstractMusicalContext.test.ts" name="AbstractMusicalContext &gt; diatonicChords - ダイアトニック和音配列 &gt; Key (G Major - Sharp) &gt; 正常ケース: 7つのダイアトニック和音を返す" time="0.000771731">
        </testcase>
        <testcase classname="src/domain/common/test/AbstractMusicalContext.test.ts" name="AbstractMusicalContext &gt; diatonicChords - ダイアトニック和音配列 &gt; Key (G Major - Sharp) &gt; 正常ケース: キャッシュ機能が動作する（同一インスタンスを返す）" time="0.000078255">
        </testcase>
        <testcase classname="src/domain/common/test/AbstractMusicalContext.test.ts" name="AbstractMusicalContext &gt; diatonicChords - ダイアトニック和音配列 &gt; Key (G Major - Sharp) &gt; 正常ケース: 結果がフリーズされている（immutable）" time="0.000072265">
        </testcase>
        <testcase classname="src/domain/common/test/AbstractMusicalContext.test.ts" name="AbstractMusicalContext &gt; diatonicChords - ダイアトニック和音配列 &gt; Key (G Major - Sharp) &gt; 正常ケース: 各和音が有効なコード名を持つ" time="0.000533669">
        </testcase>
        <testcase classname="src/domain/common/test/AbstractMusicalContext.test.ts" name="AbstractMusicalContext &gt; diatonicChords - ダイアトニック和音配列 &gt; Key (F Major - Flat) &gt; 正常ケース: 7つのダイアトニック和音を返す" time="0.00256854">
        </testcase>
        <testcase classname="src/domain/common/test/AbstractMusicalContext.test.ts" name="AbstractMusicalContext &gt; diatonicChords - ダイアトニック和音配列 &gt; Key (F Major - Flat) &gt; 正常ケース: キャッシュ機能が動作する（同一インスタンスを返す）" time="0.000127536">
        </testcase>
        <testcase classname="src/domain/common/test/AbstractMusicalContext.test.ts" name="AbstractMusicalContext &gt; diatonicChords - ダイアトニック和音配列 &gt; Key (F Major - Flat) &gt; 正常ケース: 結果がフリーズされている（immutable）" time="0.000131985">
        </testcase>
        <testcase classname="src/domain/common/test/AbstractMusicalContext.test.ts" name="AbstractMusicalContext &gt; diatonicChords - ダイアトニック和音配列 &gt; Key (F Major - Flat) &gt; 正常ケース: 各和音が有効なコード名を持つ" time="0.000665744">
        </testcase>
        <testcase classname="src/domain/common/test/AbstractMusicalContext.test.ts" name="AbstractMusicalContext &gt; diatonicChords - ダイアトニック和音配列 &gt; Key (A Minor) &gt; 正常ケース: 7つのダイアトニック和音を返す" time="0.00076032">
        </testcase>
        <testcase classname="src/domain/common/test/AbstractMusicalContext.test.ts" name="AbstractMusicalContext &gt; diatonicChords - ダイアトニック和音配列 &gt; Key (A Minor) &gt; 正常ケース: キャッシュ機能が動作する（同一インスタンスを返す）" time="0.000095347">
        </testcase>
        <testcase classname="src/domain/common/test/AbstractMusicalContext.test.ts" name="AbstractMusicalContext &gt; diatonicChords - ダイアトニック和音配列 &gt; Key (A Minor) &gt; 正常ケース: 結果がフリーズされている（immutable）" time="0.00008635">
        </testcase>
        <testcase classname="src/domain/common/test/AbstractMusicalContext.test.ts" name="AbstractMusicalContext &gt; diatonicChords - ダイアトニック和音配列 &gt; Key (A Minor) &gt; 正常ケース: 各和音が有効なコード名を持つ" time="0.003601197">
        </testcase>
        <testcase classname="src/domain/common/test/AbstractMusicalContext.test.ts" name="AbstractMusicalContext &gt; diatonicChords - ダイアトニック和音配列 &gt; Key (E Minor - Sharp) &gt; 正常ケース: 7つのダイアトニック和音を返す" time="0.000816153">
        </testcase>
        <testcase classname="src/domain/common/test/AbstractMusicalContext.test.ts" name="AbstractMusicalContext &gt; diatonicChords - ダイアトニック和音配列 &gt; Key (E Minor - Sharp) &gt; 正常ケース: キャッシュ機能が動作する（同一インスタンスを返す）" time="0.000114873">
        </testcase>
        <testcase classname="src/domain/common/test/AbstractMusicalContext.test.ts" name="AbstractMusicalContext &gt; diatonicChords - ダイアトニック和音配列 &gt; Key (E Minor - Sharp) &gt; 正常ケース: 結果がフリーズされている（immutable）" time="0.000105967">
        </testcase>
        <testcase classname="src/domain/common/test/AbstractMusicalContext.test.ts" name="AbstractMusicalContext &gt; diatonicChords - ダイアトニック和音配列 &gt; Key (E Minor - Sharp) &gt; 正常ケース: 各和音が有効なコード名を持つ" time="0.000976882">
        </testcase>
        <testcase classname="src/domain/common/test/AbstractMusicalContext.test.ts" name="AbstractMusicalContext &gt; diatonicChords - ダイアトニック和音配列 &gt; Key (D Minor - Flat) &gt; 正常ケース: 7つのダイアトニック和音を返す" time="0.000792931">
        </testcase>
        <testcase classname="src/domain/common/test/AbstractMusicalContext.test.ts" name="AbstractMusicalContext &gt; diatonicChords - ダイアトニック和音配列 &gt; Key (D Minor - Flat) &gt; 正常ケース: キャッシュ機能が動作する（同一インスタンスを返す）" time="0.000092852">
        </testcase>
        <testcase classname="src/domain/common/test/AbstractMusicalContext.test.ts" name="AbstractMusicalContext &gt; diatonicChords - ダイアトニック和音配列 &gt; Key (D Minor - Flat) &gt; 正常ケース: 結果がフリーズされている（immutable）" time="0.000088394">
        </testcase>
        <testcase classname="src/domain/common/test/AbstractMusicalContext.test.ts" name="AbstractMusicalContext &gt; diatonicChords - ダイアトニック和音配列 &gt; Key (D Minor - Flat) &gt; 正常ケース: 各和音が有効なコード名を持つ" time="0.00052332">
        </testcase>
        <testcase classname="src/domain/common/test/AbstractMusicalContext.test.ts" name="AbstractMusicalContext &gt; diatonicChords - ダイアトニック和音配列 &gt; ModalContext (D Dorian) &gt; 正常ケース: 7つのダイアトニック和音を返す" time="0.000748608">
        </testcase>
        <testcase classname="src/domain/common/test/AbstractMusicalContext.test.ts" name="AbstractMusicalContext &gt; diatonicChords - ダイアトニック和音配列 &gt; ModalContext (D Dorian) &gt; 正常ケース: キャッシュ機能が動作する（同一インスタンスを返す）" time="0.00009699">
        </testcase>
        <testcase classname="src/domain/common/test/AbstractMusicalContext.test.ts" name="AbstractMusicalContext &gt; diatonicChords - ダイアトニック和音配列 &gt; ModalContext (D Dorian) &gt; 正常ケース: 結果がフリーズされている（immutable）" time="0.000077955">
        </testcase>
        <testcase classname="src/domain/common/test/AbstractMusicalContext.test.ts" name="AbstractMusicalContext &gt; diatonicChords - ダイアトニック和音配列 &gt; ModalContext (D Dorian) &gt; 正常ケース: 各和音が有効なコード名を持つ" time="0.004495576">
        </testcase>
        <testcase classname="src/domain/common/test/AbstractMusicalContext.test.ts" name="AbstractMusicalContext &gt; diatonicChords - ダイアトニック和音配列 &gt; ModalContext (E Phrygian) &gt; 正常ケース: 7つのダイアトニック和音を返す" time="0.01437299">
        </testcase>
        <testcase classname="src/domain/common/test/AbstractMusicalContext.test.ts" name="AbstractMusicalContext &gt; diatonicChords - ダイアトニック和音配列 &gt; ModalContext (E Phrygian) &gt; 正常ケース: キャッシュ機能が動作する（同一インスタンスを返す）" time="0.000125613">
        </testcase>
        <testcase classname="src/domain/common/test/AbstractMusicalContext.test.ts" name="AbstractMusicalContext &gt; diatonicChords - ダイアトニック和音配列 &gt; ModalContext (E Phrygian) &gt; 正常ケース: 結果がフリーズされている（immutable）" time="0.000126084">
        </testcase>
        <testcase classname="src/domain/common/test/AbstractMusicalContext.test.ts" name="AbstractMusicalContext &gt; diatonicChords - ダイアトニック和音配列 &gt; ModalContext (E Phrygian) &gt; 正常ケース: 各和音が有効なコード名を持つ" time="0.000538638">
        </testcase>
        <testcase classname="src/domain/common/test/AbstractMusicalContext.test.ts" name="AbstractMusicalContext &gt; diatonicChords - ダイアトニック和音配列 &gt; ModalContext (F Lydian) &gt; 正常ケース: 7つのダイアトニック和音を返す" time="0.000772081">
        </testcase>
        <testcase classname="src/domain/common/test/AbstractMusicalContext.test.ts" name="AbstractMusicalContext &gt; diatonicChords - ダイアトニック和音配列 &gt; ModalContext (F Lydian) &gt; 正常ケース: キャッシュ機能が動作する（同一インスタンスを返す）" time="0.000090447">
        </testcase>
        <testcase classname="src/domain/common/test/AbstractMusicalContext.test.ts" name="AbstractMusicalContext &gt; diatonicChords - ダイアトニック和音配列 &gt; ModalContext (F Lydian) &gt; 正常ケース: 結果がフリーズされている（immutable）" time="0.000097281">
        </testcase>
        <testcase classname="src/domain/common/test/AbstractMusicalContext.test.ts" name="AbstractMusicalContext &gt; diatonicChords - ダイアトニック和音配列 &gt; ModalContext (F Lydian) &gt; 正常ケース: 各和音が有効なコード名を持つ" time="0.003608651">
        </testcase>
        <testcase classname="src/domain/common/test/AbstractMusicalContext.test.ts" name="AbstractMusicalContext &gt; diatonicChords - ダイアトニック和音配列 &gt; ModalContext (G Mixolydian) &gt; 正常ケース: 7つのダイアトニック和音を返す" time="0.000737047">
        </testcase>
        <testcase classname="src/domain/common/test/AbstractMusicalContext.test.ts" name="AbstractMusicalContext &gt; diatonicChords - ダイアトニック和音配列 &gt; ModalContext (G Mixolydian) &gt; 正常ケース: キャッシュ機能が動作する（同一インスタンスを返す）" time="0.000115484">
        </testcase>
        <testcase classname="src/domain/common/test/AbstractMusicalContext.test.ts" name="AbstractMusicalContext &gt; diatonicChords - ダイアトニック和音配列 &gt; ModalContext (G Mixolydian) &gt; 正常ケース: 結果がフリーズされている（immutable）" time="0.000094385">
        </testcase>
        <testcase classname="src/domain/common/test/AbstractMusicalContext.test.ts" name="AbstractMusicalContext &gt; diatonicChords - ダイアトニック和音配列 &gt; ModalContext (G Mixolydian) &gt; 正常ケース: 各和音が有効なコード名を持つ" time="0.000530614">
        </testcase>
        <testcase classname="src/domain/common/test/AbstractMusicalContext.test.ts" name="AbstractMusicalContext &gt; analyzeChord - 和音分析機能 &gt; 特定キーの分析結果完全検証 &gt; 正常ケース: C Majorの各ダイアトニック和音分析を完全検証" time="0.002811032">
        </testcase>
        <testcase classname="src/domain/common/test/AbstractMusicalContext.test.ts" name="AbstractMusicalContext &gt; analyzeChord - 和音分析機能 &gt; 特定キーの分析結果完全検証 &gt; 正常ケース: A Minorの各ダイアトニック和音分析を完全検証" time="0.000745252">
        </testcase>
        <testcase classname="src/domain/common/test/AbstractMusicalContext.test.ts" name="AbstractMusicalContext &gt; analyzeChord - 和音分析機能 &gt; Key (C Major) &gt; 正常ケース: ダイアトニック和音の分析結果構造を検証" time="0.000365267">
        </testcase>
        <testcase classname="src/domain/common/test/AbstractMusicalContext.test.ts" name="AbstractMusicalContext &gt; analyzeChord - 和音分析機能 &gt; Key (C Major) &gt; 正常ケース: 全ダイアトニック和音が正しく分析される" time="0.001133261">
        </testcase>
        <testcase classname="src/domain/common/test/AbstractMusicalContext.test.ts" name="AbstractMusicalContext &gt; analyzeChord - 和音分析機能 &gt; Key (C Major) &gt; 正常ケース: 和音分析結果の詳細プロパティを検証" time="0.005004308">
        </testcase>
        <testcase classname="src/domain/common/test/AbstractMusicalContext.test.ts" name="AbstractMusicalContext &gt; analyzeChord - 和音分析機能 &gt; Key (G Major - Sharp) &gt; 正常ケース: ダイアトニック和音の分析結果構造を検証" time="0.000233654">
        </testcase>
        <testcase classname="src/domain/common/test/AbstractMusicalContext.test.ts" name="AbstractMusicalContext &gt; analyzeChord - 和音分析機能 &gt; Key (G Major - Sharp) &gt; 正常ケース: 全ダイアトニック和音が正しく分析される" time="0.003855309">
        </testcase>
        <testcase classname="src/domain/common/test/AbstractMusicalContext.test.ts" name="AbstractMusicalContext &gt; analyzeChord - 和音分析機能 &gt; Key (G Major - Sharp) &gt; 正常ケース: 和音分析結果の詳細プロパティを検証" time="0.002174952">
        </testcase>
        <testcase classname="src/domain/common/test/AbstractMusicalContext.test.ts" name="AbstractMusicalContext &gt; analyzeChord - 和音分析機能 &gt; Key (F Major - Flat) &gt; 正常ケース: ダイアトニック和音の分析結果構造を検証" time="0.000266785">
        </testcase>
        <testcase classname="src/domain/common/test/AbstractMusicalContext.test.ts" name="AbstractMusicalContext &gt; analyzeChord - 和音分析機能 &gt; Key (F Major - Flat) &gt; 正常ケース: 全ダイアトニック和音が正しく分析される" time="0.000708433">
        </testcase>
        <testcase classname="src/domain/common/test/AbstractMusicalContext.test.ts" name="AbstractMusicalContext &gt; analyzeChord - 和音分析機能 &gt; Key (F Major - Flat) &gt; 正常ケース: 和音分析結果の詳細プロパティを検証" time="0.005724965">
        </testcase>
        <testcase classname="src/domain/common/test/AbstractMusicalContext.test.ts" name="AbstractMusicalContext &gt; analyzeChord - 和音分析機能 &gt; Key (A Minor) &gt; 正常ケース: ダイアトニック和音の分析結果構造を検証" time="0.000224586">
        </testcase>
        <testcase classname="src/domain/common/test/AbstractMusicalContext.test.ts" name="AbstractMusicalContext &gt; analyzeChord - 和音分析機能 &gt; Key (A Minor) &gt; 正常ケース: 全ダイアトニック和音が正しく分析される" time="0.007153293">
        </testcase>
        <testcase classname="src/domain/common/test/AbstractMusicalContext.test.ts" name="AbstractMusicalContext &gt; analyzeChord - 和音分析機能 &gt; Key (A Minor) &gt; 正常ケース: 和音分析結果の詳細プロパティを検証" time="0.007942837">
        </testcase>
        <testcase classname="src/domain/common/test/AbstractMusicalContext.test.ts" name="AbstractMusicalContext &gt; analyzeChord - 和音分析機能 &gt; Key (E Minor - Sharp) &gt; 正常ケース: ダイアトニック和音の分析結果構造を検証" time="0.000434646">
        </testcase>
        <testcase classname="src/domain/common/test/AbstractMusicalContext.test.ts" name="AbstractMusicalContext &gt; analyzeChord - 和音分析機能 &gt; Key (E Minor - Sharp) &gt; 正常ケース: 全ダイアトニック和音が正しく分析される" time="0.000748047">
        </testcase>
        <testcase classname="src/domain/common/test/AbstractMusicalContext.test.ts" name="AbstractMusicalContext &gt; analyzeChord - 和音分析機能 &gt; Key (E Minor - Sharp) &gt; 正常ケース: 和音分析結果の詳細プロパティを検証" time="0.005726648">
        </testcase>
        <testcase classname="src/domain/common/test/AbstractMusicalContext.test.ts" name="AbstractMusicalContext &gt; analyzeChord - 和音分析機能 &gt; Key (D Minor - Flat) &gt; 正常ケース: ダイアトニック和音の分析結果構造を検証" time="0.00021617">
        </testcase>
        <testcase classname="src/domain/common/test/AbstractMusicalContext.test.ts" name="AbstractMusicalContext &gt; analyzeChord - 和音分析機能 &gt; Key (D Minor - Flat) &gt; 正常ケース: 全ダイアトニック和音が正しく分析される" time="0.000699246">
        </testcase>
        <testcase classname="src/domain/common/test/AbstractMusicalContext.test.ts" name="AbstractMusicalContext &gt; analyzeChord - 和音分析機能 &gt; Key (D Minor - Flat) &gt; 正常ケース: 和音分析結果の詳細プロパティを検証" time="0.001625877">
        </testcase>
        <testcase classname="src/domain/common/test/AbstractMusicalContext.test.ts" name="AbstractMusicalContext &gt; analyzeChord - 和音分析機能 &gt; ModalContext (D Dorian) &gt; 正常ケース: ダイアトニック和音の分析結果構造を検証" time="0.000207014">
        </testcase>
        <testcase classname="src/domain/common/test/AbstractMusicalContext.test.ts" name="AbstractMusicalContext &gt; analyzeChord - 和音分析機能 &gt; ModalContext (D Dorian) &gt; 正常ケース: 全ダイアトニック和音が正しく分析される" time="0.000688547">
        </testcase>
        <testcase classname="src/domain/common/test/AbstractMusicalContext.test.ts" name="AbstractMusicalContext &gt; analyzeChord - 和音分析機能 &gt; ModalContext (D Dorian) &gt; 正常ケース: 和音分析結果の詳細プロパティを検証" time="0.002038199">
        </testcase>
        <testcase classname="src/domain/common/test/AbstractMusicalContext.test.ts" name="AbstractMusicalContext &gt; analyzeChord - 和音分析機能 &gt; ModalContext (E Phrygian) &gt; 正常ケース: ダイアトニック和音の分析結果構造を検証" time="0.000198308">
        </testcase>
        <testcase classname="src/domain/common/test/AbstractMusicalContext.test.ts" name="AbstractMusicalContext &gt; analyzeChord - 和音分析機能 &gt; ModalContext (E Phrygian) &gt; 正常ケース: 全ダイアトニック和音が正しく分析される" time="0.000769166">
        </testcase>
        <testcase classname="src/domain/common/test/AbstractMusicalContext.test.ts" name="AbstractMusicalContext &gt; analyzeChord - 和音分析機能 &gt; ModalContext (E Phrygian) &gt; 正常ケース: 和音分析結果の詳細プロパティを検証" time="0.001693811">
        </testcase>
        <testcase classname="src/domain/common/test/AbstractMusicalContext.test.ts" name="AbstractMusicalContext &gt; analyzeChord - 和音分析機能 &gt; ModalContext (F Lydian) &gt; 正常ケース: ダイアトニック和音の分析結果構造を検証" time="0.000187528">
        </testcase>
        <testcase classname="src/domain/common/test/AbstractMusicalContext.test.ts" name="AbstractMusicalContext &gt; analyzeChord - 和音分析機能 &gt; ModalContext (F Lydian) &gt; 正常ケース: 全ダイアトニック和音が正しく分析される" time="0.000705478">
        </testcase>
        <testcase classname="src/domain/common/test/AbstractMusicalContext.test.ts" name="AbstractMusicalContext &gt; analyzeChord - 和音分析機能 &gt; ModalContext (F Lydian) &gt; 正常ケース: 和音分析結果の詳細プロパティを検証" time="0.001532281">
        </testcase>
        <testcase classname="src/domain/common/test/AbstractMusicalContext.test.ts" name="AbstractMusicalContext &gt; analyzeChord - 和音分析機能 &gt; ModalContext (G Mixolydian) &gt; 正常ケース: ダイアトニック和音の分析結果構造を検証" time="0.000237811">
        </testcase>
        <testcase classname="src/domain/common/test/AbstractMusicalContext.test.ts" name="AbstractMusicalContext &gt; analyzeChord - 和音分析機能 &gt; ModalContext (G Mixolydian) &gt; 正常ケース: 全ダイアトニック和音が正しく分析される" time="0.000628485">
        </testcase>
        <testcase classname="src/domain/common/test/AbstractMusicalContext.test.ts" name="AbstractMusicalContext &gt; analyzeChord - 和音分析機能 &gt; ModalContext (G Mixolydian) &gt; 正常ケース: 和音分析結果の詳細プロパティを検証" time="0.001641824">
        </testcase>
        <testcase classname="src/domain/common/test/AbstractMusicalContext.test.ts" name="AbstractMusicalContext &gt; analyzeChord - 和音分析機能 &gt; ノンダイアトニック和音の分析 &gt; 正常ケース: C Majorにおけるセカンダリードミナント（V/V = D major）の分析" time="0.000518682">
        </testcase>
        <testcase classname="src/domain/common/test/AbstractMusicalContext.test.ts" name="AbstractMusicalContext &gt; analyzeChord - 和音分析機能 &gt; ノンダイアトニック和音の分析 &gt; 正常ケース: A Minorにおけるナポリタン6度（♭Ⅱ = B♭ major）の分析" time="0.000500889">
        </testcase>
        <testcase classname="src/domain/common/test/AbstractMusicalContext.test.ts" name="AbstractMusicalContext &gt; analyzeChord - 和音分析機能 &gt; ノンダイアトニック和音の分析 &gt; 正常ケース: C Majorにおける借用和音（ⅵ♭ = A♭ major）の分析" time="0.000369315">
        </testcase>
        <testcase classname="src/domain/common/test/AbstractMusicalContext.test.ts" name="AbstractMusicalContext &gt; analyzeChord - 和音分析機能 &gt; ノンダイアトニック和音の分析 &gt; 正常ケース: G Majorにおけるクロマチック和音（F diminished）の分析" time="0.000379093">
        </testcase>
        <testcase classname="src/domain/common/test/AbstractMusicalContext.test.ts" name="AbstractMusicalContext &gt; analyzeChord - 和音分析機能 &gt; ノンダイアトニック和音の分析 &gt; 正常ケース: F Majorにおける増六和音（ドイツ増六 = D♭ major）の分析" time="0.000348025">
        </testcase>
        <testcase classname="src/domain/common/test/AbstractMusicalContext.test.ts" name="AbstractMusicalContext &gt; analyzeChord - 和音分析機能 &gt; ノンダイアトニック和音の分析 &gt; Key (C Major) - ノンダイアトニック和音 &gt; 正常ケース: 完全に異なる調の和音をfalseと分析" time="0.000358505">
        </testcase>
        <testcase classname="src/domain/common/test/AbstractMusicalContext.test.ts" name="AbstractMusicalContext &gt; analyzeChord - 和音分析機能 &gt; ノンダイアトニック和音の分析 &gt; Key (C Major) - ノンダイアトニック和音 &gt; 正常ケース: 異なるクオリティの同じルート音和音をfalseと分析" time="0.000274519">
        </testcase>
        <testcase classname="src/domain/common/test/AbstractMusicalContext.test.ts" name="AbstractMusicalContext &gt; analyzeChord - 和音分析機能 &gt; ノンダイアトニック和音の分析 &gt; Key (C Major) - ノンダイアトニック和音 &gt; 正常ケース: ノンダイアトニック和音の分析結果構造検証" time="0.000338748">
        </testcase>
        <testcase classname="src/domain/common/test/AbstractMusicalContext.test.ts" name="AbstractMusicalContext &gt; analyzeChord - 和音分析機能 &gt; ノンダイアトニック和音の分析 &gt; Key (G Major - Sharp) - ノンダイアトニック和音 &gt; 正常ケース: 完全に異なる調の和音をfalseと分析" time="0.000255434">
        </testcase>
        <testcase classname="src/domain/common/test/AbstractMusicalContext.test.ts" name="AbstractMusicalContext &gt; analyzeChord - 和音分析機能 &gt; ノンダイアトニック和音の分析 &gt; Key (G Major - Sharp) - ノンダイアトニック和音 &gt; 正常ケース: 異なるクオリティの同じルート音和音をfalseと分析" time="0.00020486">
        </testcase>
        <testcase classname="src/domain/common/test/AbstractMusicalContext.test.ts" name="AbstractMusicalContext &gt; analyzeChord - 和音分析機能 &gt; ノンダイアトニック和音の分析 &gt; Key (G Major - Sharp) - ノンダイアトニック和音 &gt; 正常ケース: ノンダイアトニック和音の分析結果構造検証" time="0.000309905">
        </testcase>
        <testcase classname="src/domain/common/test/AbstractMusicalContext.test.ts" name="AbstractMusicalContext &gt; analyzeChord - 和音分析機能 &gt; ノンダイアトニック和音の分析 &gt; Key (F Major - Flat) - ノンダイアトニック和音 &gt; 正常ケース: 完全に異なる調の和音をfalseと分析" time="0.00029682">
        </testcase>
        <testcase classname="src/domain/common/test/AbstractMusicalContext.test.ts" name="AbstractMusicalContext &gt; analyzeChord - 和音分析機能 &gt; ノンダイアトニック和音の分析 &gt; Key (F Major - Flat) - ノンダイアトニック和音 &gt; 正常ケース: 異なるクオリティの同じルート音和音をfalseと分析" time="0.000219186">
        </testcase>
        <testcase classname="src/domain/common/test/AbstractMusicalContext.test.ts" name="AbstractMusicalContext &gt; analyzeChord - 和音分析機能 &gt; ノンダイアトニック和音の分析 &gt; Key (F Major - Flat) - ノンダイアトニック和音 &gt; 正常ケース: ノンダイアトニック和音の分析結果構造検証" time="0.000323009">
        </testcase>
        <testcase classname="src/domain/common/test/AbstractMusicalContext.test.ts" name="AbstractMusicalContext &gt; analyzeChord - 和音分析機能 &gt; ノンダイアトニック和音の分析 &gt; Key (A Minor) - ノンダイアトニック和音 &gt; 正常ケース: 完全に異なる調の和音をfalseと分析" time="0.000260614">
        </testcase>
        <testcase classname="src/domain/common/test/AbstractMusicalContext.test.ts" name="AbstractMusicalContext &gt; analyzeChord - 和音分析機能 &gt; ノンダイアトニック和音の分析 &gt; Key (A Minor) - ノンダイアトニック和音 &gt; 正常ケース: 異なるクオリティの同じルート音和音をfalseと分析" time="0.000203106">
        </testcase>
        <testcase classname="src/domain/common/test/AbstractMusicalContext.test.ts" name="AbstractMusicalContext &gt; analyzeChord - 和音分析機能 &gt; ノンダイアトニック和音の分析 &gt; Key (A Minor) - ノンダイアトニック和音 &gt; 正常ケース: ノンダイアトニック和音の分析結果構造検証" time="0.000387318">
        </testcase>
        <testcase classname="src/domain/common/test/AbstractMusicalContext.test.ts" name="AbstractMusicalContext &gt; analyzeChord - 和音分析機能 &gt; ノンダイアトニック和音の分析 &gt; Key (E Minor - Sharp) - ノンダイアトニック和音 &gt; 正常ケース: 完全に異なる調の和音をfalseと分析" time="0.000300327">
        </testcase>
        <testcase classname="src/domain/common/test/AbstractMusicalContext.test.ts" name="AbstractMusicalContext &gt; analyzeChord - 和音分析機能 &gt; ノンダイアトニック和音の分析 &gt; Key (E Minor - Sharp) - ノンダイアトニック和音 &gt; 正常ケース: 異なるクオリティの同じルート音和音をfalseと分析" time="0.000202927">
        </testcase>
        <testcase classname="src/domain/common/test/AbstractMusicalContext.test.ts" name="AbstractMusicalContext &gt; analyzeChord - 和音分析機能 &gt; ノンダイアトニック和音の分析 &gt; Key (E Minor - Sharp) - ノンダイアトニック和音 &gt; 正常ケース: ノンダイアトニック和音の分析結果構造検証" time="0.000347475">
        </testcase>
        <testcase classname="src/domain/common/test/AbstractMusicalContext.test.ts" name="AbstractMusicalContext &gt; analyzeChord - 和音分析機能 &gt; ノンダイアトニック和音の分析 &gt; Key (D Minor - Flat) - ノンダイアトニック和音 &gt; 正常ケース: 完全に異なる調の和音をfalseと分析" time="0.000252849">
        </testcase>
        <testcase classname="src/domain/common/test/AbstractMusicalContext.test.ts" name="AbstractMusicalContext &gt; analyzeChord - 和音分析機能 &gt; ノンダイアトニック和音の分析 &gt; Key (D Minor - Flat) - ノンダイアトニック和音 &gt; 正常ケース: 異なるクオリティの同じルート音和音をfalseと分析" time="0.000182078">
        </testcase>
        <testcase classname="src/domain/common/test/AbstractMusicalContext.test.ts" name="AbstractMusicalContext &gt; analyzeChord - 和音分析機能 &gt; ノンダイアトニック和音の分析 &gt; Key (D Minor - Flat) - ノンダイアトニック和音 &gt; 正常ケース: ノンダイアトニック和音の分析結果構造検証" time="0.000337396">
        </testcase>
        <testcase classname="src/domain/common/test/AbstractMusicalContext.test.ts" name="AbstractMusicalContext &gt; analyzeChord - 和音分析機能 &gt; ノンダイアトニック和音の分析 &gt; ModalContext (D Dorian) - ノンダイアトニック和音 &gt; 正常ケース: 完全に異なる調の和音をfalseと分析" time="0.000267406">
        </testcase>
        <testcase classname="src/domain/common/test/AbstractMusicalContext.test.ts" name="AbstractMusicalContext &gt; analyzeChord - 和音分析機能 &gt; ノンダイアトニック和音の分析 &gt; ModalContext (D Dorian) - ノンダイアトニック和音 &gt; 正常ケース: 異なるクオリティの同じルート音和音をfalseと分析" time="0.000189011">
        </testcase>
        <testcase classname="src/domain/common/test/AbstractMusicalContext.test.ts" name="AbstractMusicalContext &gt; analyzeChord - 和音分析機能 &gt; ノンダイアトニック和音の分析 &gt; ModalContext (D Dorian) - ノンダイアトニック和音 &gt; 正常ケース: ノンダイアトニック和音の分析結果構造検証" time="0.000286932">
        </testcase>
        <testcase classname="src/domain/common/test/AbstractMusicalContext.test.ts" name="AbstractMusicalContext &gt; analyzeChord - 和音分析機能 &gt; ノンダイアトニック和音の分析 &gt; ModalContext (E Phrygian) - ノンダイアトニック和音 &gt; 正常ケース: 完全に異なる調の和音をfalseと分析" time="0.000282043">
        </testcase>
        <testcase classname="src/domain/common/test/AbstractMusicalContext.test.ts" name="AbstractMusicalContext &gt; analyzeChord - 和音分析機能 &gt; ノンダイアトニック和音の分析 &gt; ModalContext (E Phrygian) - ノンダイアトニック和音 &gt; 正常ケース: 異なるクオリティの同じルート音和音をfalseと分析" time="0.000181556">
        </testcase>
        <testcase classname="src/domain/common/test/AbstractMusicalContext.test.ts" name="AbstractMusicalContext &gt; analyzeChord - 和音分析機能 &gt; ノンダイアトニック和音の分析 &gt; ModalContext (E Phrygian) - ノンダイアトニック和音 &gt; 正常ケース: ノンダイアトニック和音の分析結果構造検証" time="0.000308191">
        </testcase>
        <testcase classname="src/domain/common/test/AbstractMusicalContext.test.ts" name="AbstractMusicalContext &gt; analyzeChord - 和音分析機能 &gt; ノンダイアトニック和音の分析 &gt; ModalContext (F Lydian) - ノンダイアトニック和音 &gt; 正常ケース: 完全に異なる調の和音をfalseと分析" time="0.000257678">
        </testcase>
        <testcase classname="src/domain/common/test/AbstractMusicalContext.test.ts" name="AbstractMusicalContext &gt; analyzeChord - 和音分析機能 &gt; ノンダイアトニック和音の分析 &gt; ModalContext (F Lydian) - ノンダイアトニック和音 &gt; 正常ケース: 異なるクオリティの同じルート音和音をfalseと分析" time="0.000287563">
        </testcase>
        <testcase classname="src/domain/common/test/AbstractMusicalContext.test.ts" name="AbstractMusicalContext &gt; analyzeChord - 和音分析機能 &gt; ノンダイアトニック和音の分析 &gt; ModalContext (F Lydian) - ノンダイアトニック和音 &gt; 正常ケース: ノンダイアトニック和音の分析結果構造検証" time="0.000322929">
        </testcase>
        <testcase classname="src/domain/common/test/AbstractMusicalContext.test.ts" name="AbstractMusicalContext &gt; analyzeChord - 和音分析機能 &gt; ノンダイアトニック和音の分析 &gt; ModalContext (G Mixolydian) - ノンダイアトニック和音 &gt; 正常ケース: 完全に異なる調の和音をfalseと分析" time="0.000287894">
        </testcase>
        <testcase classname="src/domain/common/test/AbstractMusicalContext.test.ts" name="AbstractMusicalContext &gt; analyzeChord - 和音分析機能 &gt; ノンダイアトニック和音の分析 &gt; ModalContext (G Mixolydian) - ノンダイアトニック和音 &gt; 正常ケース: 異なるクオリティの同じルート音和音をfalseと分析" time="0.000243261">
        </testcase>
        <testcase classname="src/domain/common/test/AbstractMusicalContext.test.ts" name="AbstractMusicalContext &gt; analyzeChord - 和音分析機能 &gt; ノンダイアトニック和音の分析 &gt; ModalContext (G Mixolydian) - ノンダイアトニック和音 &gt; 正常ケース: ノンダイアトニック和音の分析結果構造検証" time="0.000354567">
        </testcase>
        <testcase classname="src/domain/common/test/AbstractMusicalContext.test.ts" name="AbstractMusicalContext &gt; getDiatonicChordsInfo - ダイアトニック和音情報 &gt; 特定キーの和音情報完全検証 &gt; 正常ケース: C Majorの和音情報を完全検証" time="0.000947267">
        </testcase>
        <testcase classname="src/domain/common/test/AbstractMusicalContext.test.ts" name="AbstractMusicalContext &gt; getDiatonicChordsInfo - ダイアトニック和音情報 &gt; 特定キーの和音情報完全検証 &gt; 正常ケース: A Minorの和音情報を完全検証" time="0.000765149">
        </testcase>
        <testcase classname="src/domain/common/test/AbstractMusicalContext.test.ts" name="AbstractMusicalContext &gt; getDiatonicChordsInfo - ダイアトニック和音情報 &gt; Key (C Major) &gt; 正常ケース: 7つのダイアトニック和音情報を返す" time="0.000324261">
        </testcase>
        <testcase classname="src/domain/common/test/AbstractMusicalContext.test.ts" name="AbstractMusicalContext &gt; getDiatonicChordsInfo - ダイアトニック和音情報 &gt; Key (C Major) &gt; 正常ケース: 各情報に必要なプロパティが完全に含まれている" time="0.001663745">
        </testcase>
        <testcase classname="src/domain/common/test/AbstractMusicalContext.test.ts" name="AbstractMusicalContext &gt; getDiatonicChordsInfo - ダイアトニック和音情報 &gt; Key (C Major) &gt; 正常ケース: 和音情報とdiatonicChordsとanalyzeChordの一貫性を検証" time="0.001542871">
        </testcase>
        <testcase classname="src/domain/common/test/AbstractMusicalContext.test.ts" name="AbstractMusicalContext &gt; getDiatonicChordsInfo - ダイアトニック和音情報 &gt; Key (G Major - Sharp) &gt; 正常ケース: 7つのダイアトニック和音情報を返す" time="0.000324732">
        </testcase>
        <testcase classname="src/domain/common/test/AbstractMusicalContext.test.ts" name="AbstractMusicalContext &gt; getDiatonicChordsInfo - ダイアトニック和音情報 &gt; Key (G Major - Sharp) &gt; 正常ケース: 各情報に必要なプロパティが完全に含まれている" time="0.001653215">
        </testcase>
        <testcase classname="src/domain/common/test/AbstractMusicalContext.test.ts" name="AbstractMusicalContext &gt; getDiatonicChordsInfo - ダイアトニック和音情報 &gt; Key (G Major - Sharp) &gt; 正常ケース: 和音情報とdiatonicChordsとanalyzeChordの一貫性を検証" time="0.001428598">
        </testcase>
        <testcase classname="src/domain/common/test/AbstractMusicalContext.test.ts" name="AbstractMusicalContext &gt; getDiatonicChordsInfo - ダイアトニック和音情報 &gt; Key (F Major - Flat) &gt; 正常ケース: 7つのダイアトニック和音情報を返す" time="0.000305356">
        </testcase>
        <testcase classname="src/domain/common/test/AbstractMusicalContext.test.ts" name="AbstractMusicalContext &gt; getDiatonicChordsInfo - ダイアトニック和音情報 &gt; Key (F Major - Flat) &gt; 正常ケース: 各情報に必要なプロパティが完全に含まれている" time="0.003589546">
        </testcase>
        <testcase classname="src/domain/common/test/AbstractMusicalContext.test.ts" name="AbstractMusicalContext &gt; getDiatonicChordsInfo - ダイアトニック和音情報 &gt; Key (F Major - Flat) &gt; 正常ケース: 和音情報とdiatonicChordsとanalyzeChordの一貫性を検証" time="0.001331319">
        </testcase>
        <testcase classname="src/domain/common/test/AbstractMusicalContext.test.ts" name="AbstractMusicalContext &gt; getDiatonicChordsInfo - ダイアトニック和音情報 &gt; Key (A Minor) &gt; 正常ケース: 7つのダイアトニック和音情報を返す" time="0.000299825">
        </testcase>
        <testcase classname="src/domain/common/test/AbstractMusicalContext.test.ts" name="AbstractMusicalContext &gt; getDiatonicChordsInfo - ダイアトニック和音情報 &gt; Key (A Minor) &gt; 正常ケース: 各情報に必要なプロパティが完全に含まれている" time="0.001442815">
        </testcase>
        <testcase classname="src/domain/common/test/AbstractMusicalContext.test.ts" name="AbstractMusicalContext &gt; getDiatonicChordsInfo - ダイアトニック和音情報 &gt; Key (A Minor) &gt; 正常ケース: 和音情報とdiatonicChordsとanalyzeChordの一貫性を検証" time="0.001365943">
        </testcase>
        <testcase classname="src/domain/common/test/AbstractMusicalContext.test.ts" name="AbstractMusicalContext &gt; getDiatonicChordsInfo - ダイアトニック和音情報 &gt; Key (E Minor - Sharp) &gt; 正常ケース: 7つのダイアトニック和音情報を返す" time="0.000342074">
        </testcase>
        <testcase classname="src/domain/common/test/AbstractMusicalContext.test.ts" name="AbstractMusicalContext &gt; getDiatonicChordsInfo - ダイアトニック和音情報 &gt; Key (E Minor - Sharp) &gt; 正常ケース: 各情報に必要なプロパティが完全に含まれている" time="0.001483922">
        </testcase>
        <testcase classname="src/domain/common/test/AbstractMusicalContext.test.ts" name="AbstractMusicalContext &gt; getDiatonicChordsInfo - ダイアトニック和音情報 &gt; Key (E Minor - Sharp) &gt; 正常ケース: 和音情報とdiatonicChordsとanalyzeChordの一貫性を検証" time="0.001418329">
        </testcase>
        <testcase classname="src/domain/common/test/AbstractMusicalContext.test.ts" name="AbstractMusicalContext &gt; getDiatonicChordsInfo - ダイアトニック和音情報 &gt; Key (D Minor - Flat) &gt; 正常ケース: 7つのダイアトニック和音情報を返す" time="0.000299205">
        </testcase>
        <testcase classname="src/domain/common/test/AbstractMusicalContext.test.ts" name="AbstractMusicalContext &gt; getDiatonicChordsInfo - ダイアトニック和音情報 &gt; Key (D Minor - Flat) &gt; 正常ケース: 各情報に必要なプロパティが完全に含まれている" time="0.001516512">
        </testcase>
        <testcase classname="src/domain/common/test/AbstractMusicalContext.test.ts" name="AbstractMusicalContext &gt; getDiatonicChordsInfo - ダイアトニック和音情報 &gt; Key (D Minor - Flat) &gt; 正常ケース: 和音情報とdiatonicChordsとanalyzeChordの一貫性を検証" time="0.00449291">
        </testcase>
        <testcase classname="src/domain/common/test/AbstractMusicalContext.test.ts" name="AbstractMusicalContext &gt; getDiatonicChordsInfo - ダイアトニック和音情報 &gt; ModalContext (D Dorian) &gt; 正常ケース: 7つのダイアトニック和音情報を返す" time="0.000263899">
        </testcase>
        <testcase classname="src/domain/common/test/AbstractMusicalContext.test.ts" name="AbstractMusicalContext &gt; getDiatonicChordsInfo - ダイアトニック和音情報 &gt; ModalContext (D Dorian) &gt; 正常ケース: 各情報に必要なプロパティが完全に含まれている" time="0.001295141">
        </testcase>
        <testcase classname="src/domain/common/test/AbstractMusicalContext.test.ts" name="AbstractMusicalContext &gt; getDiatonicChordsInfo - ダイアトニック和音情報 &gt; ModalContext (D Dorian) &gt; 正常ケース: 和音情報とdiatonicChordsとanalyzeChordの一貫性を検証" time="0.001331859">
        </testcase>
        <testcase classname="src/domain/common/test/AbstractMusicalContext.test.ts" name="AbstractMusicalContext &gt; getDiatonicChordsInfo - ダイアトニック和音情報 &gt; ModalContext (E Phrygian) &gt; 正常ケース: 7つのダイアトニック和音情報を返す" time="0.000246597">
        </testcase>
        <testcase classname="src/domain/common/test/AbstractMusicalContext.test.ts" name="AbstractMusicalContext &gt; getDiatonicChordsInfo - ダイアトニック和音情報 &gt; ModalContext (E Phrygian) &gt; 正常ケース: 各情報に必要なプロパティが完全に含まれている" time="0.001230441">
        </testcase>
        <testcase classname="src/domain/common/test/AbstractMusicalContext.test.ts" name="AbstractMusicalContext &gt; getDiatonicChordsInfo - ダイアトニック和音情報 &gt; ModalContext (E Phrygian) &gt; 正常ケース: 和音情報とdiatonicChordsとanalyzeChordの一貫性を検証" time="0.004208854">
        </testcase>
        <testcase classname="src/domain/common/test/AbstractMusicalContext.test.ts" name="AbstractMusicalContext &gt; getDiatonicChordsInfo - ダイアトニック和音情報 &gt; ModalContext (F Lydian) &gt; 正常ケース: 7つのダイアトニック和音情報を返す" time="0.000312039">
        </testcase>
        <testcase classname="src/domain/common/test/AbstractMusicalContext.test.ts" name="AbstractMusicalContext &gt; getDiatonicChordsInfo - ダイアトニック和音情報 &gt; ModalContext (F Lydian) &gt; 正常ケース: 各情報に必要なプロパティが完全に含まれている" time="0.001362456">
        </testcase>
        <testcase classname="src/domain/common/test/AbstractMusicalContext.test.ts" name="AbstractMusicalContext &gt; getDiatonicChordsInfo - ダイアトニック和音情報 &gt; ModalContext (F Lydian) &gt; 正常ケース: 和音情報とdiatonicChordsとanalyzeChordの一貫性を検証" time="0.001235311">
        </testcase>
        <testcase classname="src/domain/common/test/AbstractMusicalContext.test.ts" name="AbstractMusicalContext &gt; getDiatonicChordsInfo - ダイアトニック和音情報 &gt; ModalContext (G Mixolydian) &gt; 正常ケース: 7つのダイアトニック和音情報を返す" time="0.003318372">
        </testcase>
        <testcase classname="src/domain/common/test/AbstractMusicalContext.test.ts" name="AbstractMusicalContext &gt; getDiatonicChordsInfo - ダイアトニック和音情報 &gt; ModalContext (G Mixolydian) &gt; 正常ケース: 各情報に必要なプロパティが完全に含まれている" time="0.001342028">
        </testcase>
        <testcase classname="src/domain/common/test/AbstractMusicalContext.test.ts" name="AbstractMusicalContext &gt; getDiatonicChordsInfo - ダイアトニック和音情報 &gt; ModalContext (G Mixolydian) &gt; 正常ケース: 和音情報とdiatonicChordsとanalyzeChordの一貫性を検証" time="0.001268342">
        </testcase>
        <testcase classname="src/domain/common/test/AbstractMusicalContext.test.ts" name="AbstractMusicalContext &gt; isDiatonicChord - ダイアトニックコード判定 &gt; 特定キーでの判定完全検証 &gt; 正常ケース: C Majorダイアトニック和音を正しく判定" time="0.007176746">
        </testcase>
        <testcase classname="src/domain/common/test/AbstractMusicalContext.test.ts" name="AbstractMusicalContext &gt; isDiatonicChord - ダイアトニックコード判定 &gt; 特定キーでの判定完全検証 &gt; 正常ケース: A Minorダイアトニック和音を正しく判定" time="0.000593831">
        </testcase>
        <testcase classname="src/domain/common/test/AbstractMusicalContext.test.ts" name="AbstractMusicalContext &gt; isDiatonicChord - ダイアトニックコード判定 &gt; Key (C Major) &gt; 正常ケース: 自身のダイアトニック和音を正しく判定" time="0.000353706">
        </testcase>
        <testcase classname="src/domain/common/test/AbstractMusicalContext.test.ts" name="AbstractMusicalContext &gt; isDiatonicChord - ダイアトニックコード判定 &gt; Key (C Major) &gt; 正常ケース: 遠い調の和音をfalseと判定" time="0.000222172">
        </testcase>
        <testcase classname="src/domain/common/test/AbstractMusicalContext.test.ts" name="AbstractMusicalContext &gt; isDiatonicChord - ダイアトニックコード判定 &gt; Key (G Major - Sharp) &gt; 正常ケース: 自身のダイアトニック和音を正しく判定" time="0.000225538">
        </testcase>
        <testcase classname="src/domain/common/test/AbstractMusicalContext.test.ts" name="AbstractMusicalContext &gt; isDiatonicChord - ダイアトニックコード判定 &gt; Key (G Major - Sharp) &gt; 正常ケース: 遠い調の和音をfalseと判定" time="0.000152733">
        </testcase>
        <testcase classname="src/domain/common/test/AbstractMusicalContext.test.ts" name="AbstractMusicalContext &gt; isDiatonicChord - ダイアトニックコード判定 &gt; Key (F Major - Flat) &gt; 正常ケース: 自身のダイアトニック和音を正しく判定" time="0.001880927">
        </testcase>
        <testcase classname="src/domain/common/test/AbstractMusicalContext.test.ts" name="AbstractMusicalContext &gt; isDiatonicChord - ダイアトニックコード判定 &gt; Key (F Major - Flat) &gt; 正常ケース: 遠い調の和音をfalseと判定" time="0.000201133">
        </testcase>
        <testcase classname="src/domain/common/test/AbstractMusicalContext.test.ts" name="AbstractMusicalContext &gt; isDiatonicChord - ダイアトニックコード判定 &gt; Key (A Minor) &gt; 正常ケース: 自身のダイアトニック和音を正しく判定" time="0.000286662">
        </testcase>
        <testcase classname="src/domain/common/test/AbstractMusicalContext.test.ts" name="AbstractMusicalContext &gt; isDiatonicChord - ダイアトニックコード判定 &gt; Key (A Minor) &gt; 正常ケース: 遠い調の和音をfalseと判定" time="0.000179563">
        </testcase>
        <testcase classname="src/domain/common/test/AbstractMusicalContext.test.ts" name="AbstractMusicalContext &gt; isDiatonicChord - ダイアトニックコード判定 &gt; Key (E Minor - Sharp) &gt; 正常ケース: 自身のダイアトニック和音を正しく判定" time="0.00023203">
        </testcase>
        <testcase classname="src/domain/common/test/AbstractMusicalContext.test.ts" name="AbstractMusicalContext &gt; isDiatonicChord - ダイアトニックコード判定 &gt; Key (E Minor - Sharp) &gt; 正常ケース: 遠い調の和音をfalseと判定" time="0.000192707">
        </testcase>
        <testcase classname="src/domain/common/test/AbstractMusicalContext.test.ts" name="AbstractMusicalContext &gt; isDiatonicChord - ダイアトニックコード判定 &gt; Key (D Minor - Flat) &gt; 正常ケース: 自身のダイアトニック和音を正しく判定" time="0.000281392">
        </testcase>
        <testcase classname="src/domain/common/test/AbstractMusicalContext.test.ts" name="AbstractMusicalContext &gt; isDiatonicChord - ダイアトニックコード判定 &gt; Key (D Minor - Flat) &gt; 正常ケース: 遠い調の和音をfalseと判定" time="0.000182078">
        </testcase>
        <testcase classname="src/domain/common/test/AbstractMusicalContext.test.ts" name="AbstractMusicalContext &gt; isDiatonicChord - ダイアトニックコード判定 &gt; ModalContext (D Dorian) &gt; 正常ケース: 自身のダイアトニック和音を正しく判定" time="0.000265683">
        </testcase>
        <testcase classname="src/domain/common/test/AbstractMusicalContext.test.ts" name="AbstractMusicalContext &gt; isDiatonicChord - ダイアトニックコード判定 &gt; ModalContext (D Dorian) &gt; 正常ケース: 遠い調の和音をfalseと判定" time="0.000209158">
        </testcase>
        <testcase classname="src/domain/common/test/AbstractMusicalContext.test.ts" name="AbstractMusicalContext &gt; isDiatonicChord - ダイアトニックコード判定 &gt; ModalContext (E Phrygian) &gt; 正常ケース: 自身のダイアトニック和音を正しく判定" time="0.002787318">
        </testcase>
        <testcase classname="src/domain/common/test/AbstractMusicalContext.test.ts" name="AbstractMusicalContext &gt; isDiatonicChord - ダイアトニックコード判定 &gt; ModalContext (E Phrygian) &gt; 正常ケース: 遠い調の和音をfalseと判定" time="0.000194461">
        </testcase>
        <testcase classname="src/domain/common/test/AbstractMusicalContext.test.ts" name="AbstractMusicalContext &gt; isDiatonicChord - ダイアトニックコード判定 &gt; ModalContext (F Lydian) &gt; 正常ケース: 自身のダイアトニック和音を正しく判定" time="0.000289557">
        </testcase>
        <testcase classname="src/domain/common/test/AbstractMusicalContext.test.ts" name="AbstractMusicalContext &gt; isDiatonicChord - ダイアトニックコード判定 &gt; ModalContext (F Lydian) &gt; 正常ケース: 遠い調の和音をfalseと判定" time="0.000258539">
        </testcase>
        <testcase classname="src/domain/common/test/AbstractMusicalContext.test.ts" name="AbstractMusicalContext &gt; isDiatonicChord - ダイアトニックコード判定 &gt; ModalContext (G Mixolydian) &gt; 正常ケース: 自身のダイアトニック和音を正しく判定" time="0.000261525">
        </testcase>
        <testcase classname="src/domain/common/test/AbstractMusicalContext.test.ts" name="AbstractMusicalContext &gt; isDiatonicChord - ダイアトニックコード判定 &gt; ModalContext (G Mixolydian) &gt; 正常ケース: 遠い調の和音をfalseと判定" time="0.000200582">
        </testcase>
        <testcase classname="src/domain/common/test/AbstractMusicalContext.test.ts" name="AbstractMusicalContext &gt; isDiatonicChord - ダイアトニックコード判定 &gt; 音楽理論的エッジケース &gt; 正常ケース: 関係調の共通和音を正しく判定" time="0.000304996">
        </testcase>
        <testcase classname="src/domain/common/test/AbstractMusicalContext.test.ts" name="AbstractMusicalContext &gt; isDiatonicChord - ダイアトニックコード判定 &gt; 音楽理論的エッジケース &gt; 正常ケース: 異なるモードの和音をfalseと判定" time="0.000294916">
        </testcase>
        <testcase classname="src/domain/common/test/AbstractMusicalContext.test.ts" name="AbstractMusicalContext &gt; toJSON - JSON出力 &gt; Key (C Major) &gt; 正常ケース: JSON形式で正しく出力される" time="0.000720476">
        </testcase>
        <testcase classname="src/domain/common/test/AbstractMusicalContext.test.ts" name="AbstractMusicalContext &gt; toJSON - JSON出力 &gt; Key (C Major) &gt; 正常ケース: shortNameとcontextNameが適切に設定されている" time="0.000184963">
        </testcase>
        <testcase classname="src/domain/common/test/AbstractMusicalContext.test.ts" name="AbstractMusicalContext &gt; toJSON - JSON出力 &gt; Key (C Major) &gt; 正常ケース: fifthsIndexが中心音のfifthsIndexと一致" time="0.000143035">
        </testcase>
        <testcase classname="src/domain/common/test/AbstractMusicalContext.test.ts" name="AbstractMusicalContext &gt; toJSON - JSON出力 &gt; Key (C Major) &gt; 正常ケース: JSON文字列化が可能" time="0.000411623">
        </testcase>
        <testcase classname="src/domain/common/test/AbstractMusicalContext.test.ts" name="AbstractMusicalContext &gt; toJSON - JSON出力 &gt; Key (C Major) &gt; 正常ケース: JSONから復元可能な形式" time="0.001056218">
        </testcase>
        <testcase classname="src/domain/common/test/AbstractMusicalContext.test.ts" name="AbstractMusicalContext &gt; toJSON - JSON出力 &gt; Key (G Major - Sharp) &gt; 正常ケース: JSON形式で正しく出力される" time="0.000376207">
        </testcase>
        <testcase classname="src/domain/common/test/AbstractMusicalContext.test.ts" name="AbstractMusicalContext &gt; toJSON - JSON出力 &gt; Key (G Major - Sharp) &gt; 正常ケース: shortNameとcontextNameが適切に設定されている" time="0.000146482">
        </testcase>
        <testcase classname="src/domain/common/test/AbstractMusicalContext.test.ts" name="AbstractMusicalContext &gt; toJSON - JSON出力 &gt; Key (G Major - Sharp) &gt; 正常ケース: fifthsIndexが中心音のfifthsIndexと一致" time="0.000110415">
        </testcase>
        <testcase classname="src/domain/common/test/AbstractMusicalContext.test.ts" name="AbstractMusicalContext &gt; toJSON - JSON出力 &gt; Key (G Major - Sharp) &gt; 正常ケース: JSON文字列化が可能" time="0.000253771">
        </testcase>
        <testcase classname="src/domain/common/test/AbstractMusicalContext.test.ts" name="AbstractMusicalContext &gt; toJSON - JSON出力 &gt; Key (G Major - Sharp) &gt; 正常ケース: JSONから復元可能な形式" time="0.000355589">
        </testcase>
        <testcase classname="src/domain/common/test/AbstractMusicalContext.test.ts" name="AbstractMusicalContext &gt; toJSON - JSON出力 &gt; Key (F Major - Flat) &gt; 正常ケース: JSON形式で正しく出力される" time="0.000519042">
        </testcase>
        <testcase classname="src/domain/common/test/AbstractMusicalContext.test.ts" name="AbstractMusicalContext &gt; toJSON - JSON出力 &gt; Key (F Major - Flat) &gt; 正常ケース: shortNameとcontextNameが適切に設定されている" time="0.000152473">
        </testcase>
        <testcase classname="src/domain/common/test/AbstractMusicalContext.test.ts" name="AbstractMusicalContext &gt; toJSON - JSON出力 &gt; Key (F Major - Flat) &gt; 正常ケース: fifthsIndexが中心音のfifthsIndexと一致" time="0.000094765">
        </testcase>
        <testcase classname="src/domain/common/test/AbstractMusicalContext.test.ts" name="AbstractMusicalContext &gt; toJSON - JSON出力 &gt; Key (F Major - Flat) &gt; 正常ケース: JSON文字列化が可能" time="0.000230217">
        </testcase>
        <testcase classname="src/domain/common/test/AbstractMusicalContext.test.ts" name="AbstractMusicalContext &gt; toJSON - JSON出力 &gt; Key (F Major - Flat) &gt; 正常ケース: JSONから復元可能な形式" time="0.000324943">
        </testcase>
        <testcase classname="src/domain/common/test/AbstractMusicalContext.test.ts" name="AbstractMusicalContext &gt; toJSON - JSON出力 &gt; Key (A Minor) &gt; 正常ケース: JSON形式で正しく出力される" time="0.000360268">
        </testcase>
        <testcase classname="src/domain/common/test/AbstractMusicalContext.test.ts" name="AbstractMusicalContext &gt; toJSON - JSON出力 &gt; Key (A Minor) &gt; 正常ケース: shortNameとcontextNameが適切に設定されている" time="0.00014044">
        </testcase>
        <testcase classname="src/domain/common/test/AbstractMusicalContext.test.ts" name="AbstractMusicalContext &gt; toJSON - JSON出力 &gt; Key (A Minor) &gt; 正常ケース: fifthsIndexが中心音のfifthsIndexと一致" time="0.000107339">
        </testcase>
        <testcase classname="src/domain/common/test/AbstractMusicalContext.test.ts" name="AbstractMusicalContext &gt; toJSON - JSON出力 &gt; Key (A Minor) &gt; 正常ケース: JSON文字列化が可能" time="0.000215099">
        </testcase>
        <testcase classname="src/domain/common/test/AbstractMusicalContext.test.ts" name="AbstractMusicalContext &gt; toJSON - JSON出力 &gt; Key (A Minor) &gt; 正常ケース: JSONから復元可能な形式" time="0.000301139">
        </testcase>
        <testcase classname="src/domain/common/test/AbstractMusicalContext.test.ts" name="AbstractMusicalContext &gt; toJSON - JSON出力 &gt; Key (E Minor - Sharp) &gt; 正常ケース: JSON形式で正しく出力される" time="0.000274289">
        </testcase>
        <testcase classname="src/domain/common/test/AbstractMusicalContext.test.ts" name="AbstractMusicalContext &gt; toJSON - JSON出力 &gt; Key (E Minor - Sharp) &gt; 正常ケース: shortNameとcontextNameが適切に設定されている" time="0.000107049">
        </testcase>
        <testcase classname="src/domain/common/test/AbstractMusicalContext.test.ts" name="AbstractMusicalContext &gt; toJSON - JSON出力 &gt; Key (E Minor - Sharp) &gt; 正常ケース: fifthsIndexが中心音のfifthsIndexと一致" time="0.000078185">
        </testcase>
        <testcase classname="src/domain/common/test/AbstractMusicalContext.test.ts" name="AbstractMusicalContext &gt; toJSON - JSON出力 &gt; Key (E Minor - Sharp) &gt; 正常ケース: JSON文字列化が可能" time="0.000201763">
        </testcase>
        <testcase classname="src/domain/common/test/AbstractMusicalContext.test.ts" name="AbstractMusicalContext &gt; toJSON - JSON出力 &gt; Key (E Minor - Sharp) &gt; 正常ケース: JSONから復元可能な形式" time="0.001196148">
        </testcase>
        <testcase classname="src/domain/common/test/AbstractMusicalContext.test.ts" name="AbstractMusicalContext &gt; toJSON - JSON出力 &gt; Key (D Minor - Flat) &gt; 正常ケース: JSON形式で正しく出力される" time="0.000299906">
        </testcase>
        <testcase classname="src/domain/common/test/AbstractMusicalContext.test.ts" name="AbstractMusicalContext &gt; toJSON - JSON出力 &gt; Key (D Minor - Flat) &gt; 正常ケース: shortNameとcontextNameが適切に設定されている" time="0.00011895">
        </testcase>
        <testcase classname="src/domain/common/test/AbstractMusicalContext.test.ts" name="AbstractMusicalContext &gt; toJSON - JSON出力 &gt; Key (D Minor - Flat) &gt; 正常ケース: fifthsIndexが中心音のfifthsIndexと一致" time="0.000079287">
        </testcase>
        <testcase classname="src/domain/common/test/AbstractMusicalContext.test.ts" name="AbstractMusicalContext &gt; toJSON - JSON出力 &gt; Key (D Minor - Flat) &gt; 正常ケース: JSON文字列化が可能" time="0.000192968">
        </testcase>
        <testcase classname="src/domain/common/test/AbstractMusicalContext.test.ts" name="AbstractMusicalContext &gt; toJSON - JSON出力 &gt; Key (D Minor - Flat) &gt; 正常ケース: JSONから復元可能な形式" time="0.000402667">
        </testcase>
        <testcase classname="src/domain/common/test/AbstractMusicalContext.test.ts" name="AbstractMusicalContext &gt; toJSON - JSON出力 &gt; ModalContext (D Dorian) &gt; 正常ケース: JSON形式で正しく出力される" time="0.000342705">
        </testcase>
        <testcase classname="src/domain/common/test/AbstractMusicalContext.test.ts" name="AbstractMusicalContext &gt; toJSON - JSON出力 &gt; ModalContext (D Dorian) &gt; 正常ケース: shortNameとcontextNameが適切に設定されている" time="0.000119632">
        </testcase>
        <testcase classname="src/domain/common/test/AbstractMusicalContext.test.ts" name="AbstractMusicalContext &gt; toJSON - JSON出力 &gt; ModalContext (D Dorian) &gt; 正常ケース: fifthsIndexが中心音のfifthsIndexと一致" time="0.000101909">
        </testcase>
        <testcase classname="src/domain/common/test/AbstractMusicalContext.test.ts" name="AbstractMusicalContext &gt; toJSON - JSON出力 &gt; ModalContext (D Dorian) &gt; 正常ケース: JSON文字列化が可能" time="0.000297993">
        </testcase>
        <testcase classname="src/domain/common/test/AbstractMusicalContext.test.ts" name="AbstractMusicalContext &gt; toJSON - JSON出力 &gt; ModalContext (D Dorian) &gt; 正常ケース: JSONから復元可能な形式" time="0.000264381">
        </testcase>
        <testcase classname="src/domain/common/test/AbstractMusicalContext.test.ts" name="AbstractMusicalContext &gt; toJSON - JSON出力 &gt; ModalContext (E Phrygian) &gt; 正常ケース: JSON形式で正しく出力される" time="0.000325083">
        </testcase>
        <testcase classname="src/domain/common/test/AbstractMusicalContext.test.ts" name="AbstractMusicalContext &gt; toJSON - JSON出力 &gt; ModalContext (E Phrygian) &gt; 正常ケース: shortNameとcontextNameが適切に設定されている" time="0.000142785">
        </testcase>
        <testcase classname="src/domain/common/test/AbstractMusicalContext.test.ts" name="AbstractMusicalContext &gt; toJSON - JSON出力 &gt; ModalContext (E Phrygian) &gt; 正常ケース: fifthsIndexが中心音のfifthsIndexと一致" time="0.000127827">
        </testcase>
        <testcase classname="src/domain/common/test/AbstractMusicalContext.test.ts" name="AbstractMusicalContext &gt; toJSON - JSON出力 &gt; ModalContext (E Phrygian) &gt; 正常ケース: JSON文字列化が可能" time="0.000207835">
        </testcase>
        <testcase classname="src/domain/common/test/AbstractMusicalContext.test.ts" name="AbstractMusicalContext &gt; toJSON - JSON出力 &gt; ModalContext (E Phrygian) &gt; 正常ケース: JSONから復元可能な形式" time="0.000236949">
        </testcase>
        <testcase classname="src/domain/common/test/AbstractMusicalContext.test.ts" name="AbstractMusicalContext &gt; toJSON - JSON出力 &gt; ModalContext (F Lydian) &gt; 正常ケース: JSON形式で正しく出力される" time="0.000273166">
        </testcase>
        <testcase classname="src/domain/common/test/AbstractMusicalContext.test.ts" name="AbstractMusicalContext &gt; toJSON - JSON出力 &gt; ModalContext (F Lydian) &gt; 正常ケース: shortNameとcontextNameが適切に設定されている" time="0.000110194">
        </testcase>
        <testcase classname="src/domain/common/test/AbstractMusicalContext.test.ts" name="AbstractMusicalContext &gt; toJSON - JSON出力 &gt; ModalContext (F Lydian) &gt; 正常ケース: fifthsIndexが中心音のfifthsIndexと一致" time="0.000073256">
        </testcase>
        <testcase classname="src/domain/common/test/AbstractMusicalContext.test.ts" name="AbstractMusicalContext &gt; toJSON - JSON出力 &gt; ModalContext (F Lydian) &gt; 正常ケース: JSON文字列化が可能" time="0.002217381">
        </testcase>
        <testcase classname="src/domain/common/test/AbstractMusicalContext.test.ts" name="AbstractMusicalContext &gt; toJSON - JSON出力 &gt; ModalContext (F Lydian) &gt; 正常ケース: JSONから復元可能な形式" time="0.000261695">
        </testcase>
        <testcase classname="src/domain/common/test/AbstractMusicalContext.test.ts" name="AbstractMusicalContext &gt; toJSON - JSON出力 &gt; ModalContext (G Mixolydian) &gt; 正常ケース: JSON形式で正しく出力される" time="0.00030202">
        </testcase>
        <testcase classname="src/domain/common/test/AbstractMusicalContext.test.ts" name="AbstractMusicalContext &gt; toJSON - JSON出力 &gt; ModalContext (G Mixolydian) &gt; 正常ケース: shortNameとcontextNameが適切に設定されている" time="0.000118931">
        </testcase>
        <testcase classname="src/domain/common/test/AbstractMusicalContext.test.ts" name="AbstractMusicalContext &gt; toJSON - JSON出力 &gt; ModalContext (G Mixolydian) &gt; 正常ケース: fifthsIndexが中心音のfifthsIndexと一致" time="0.000120404">
        </testcase>
        <testcase classname="src/domain/common/test/AbstractMusicalContext.test.ts" name="AbstractMusicalContext &gt; toJSON - JSON出力 &gt; ModalContext (G Mixolydian) &gt; 正常ケース: JSON文字列化が可能" time="0.000213706">
        </testcase>
        <testcase classname="src/domain/common/test/AbstractMusicalContext.test.ts" name="AbstractMusicalContext &gt; toJSON - JSON出力 &gt; ModalContext (G Mixolydian) &gt; 正常ケース: JSONから復元可能な形式" time="0.000298995">
        </testcase>
        <testcase classname="src/domain/common/test/AbstractMusicalContext.test.ts" name="AbstractMusicalContext &gt; toJSON - JSON出力 &gt; 型固有のプロパティ検証 &gt; 正常ケース: Keyタイプの場合type=&quot;key&quot;とisMajorが適切に設定" time="0.001225383">
        </testcase>
        <testcase classname="src/domain/common/test/AbstractMusicalContext.test.ts" name="AbstractMusicalContext &gt; toJSON - JSON出力 &gt; 型固有のプロパティ検証 &gt; 正常ケース: ModalContextタイプの場合type=&quot;modal&quot;" time="0.000249062">
        </testcase>
[...]
        </testcase>
        <testcase classname="src/features/circle-of-fifths/hooks/test/useRippleEffect.test.ts" name="useRippleEffect hook &gt; リップルリセット機能 &gt; 正常ケース: 複数回resetRippleを呼び出し" time="0.002849103">
        </testcase>
        <testcase classname="src/features/circle-of-fifths/hooks/test/useRippleEffect.test.ts" name="useRippleEffect hook &gt; タイマー管理 &gt; 正常ケース: 手動リセット後の自動リセットタイマー無効化" time="0.007641608">
        </testcase>
        <testcase classname="src/features/circle-of-fifths/hooks/test/useRippleEffect.test.ts" name="useRippleEffect hook &gt; タイマー管理 &gt; 正常ケース: 複数回のトリガーでタイマーリセット" time="0.002440675">
        </testcase>
        <testcase classname="src/features/circle-of-fifths/hooks/test/useRippleEffect.test.ts" name="useRippleEffect hook &gt; タイマー管理 &gt; 正常ケース: コンポーネントアンマウント時のタイマークリア" time="0.008259086">
        </testcase>
        <testcase classname="src/features/circle-of-fifths/hooks/test/useRippleEffect.test.ts" name="useRippleEffect hook &gt; エッジケース &gt; 正常ケース: 高速連続トリガー" time="0.003047261">
        </testcase>
        <testcase classname="src/features/circle-of-fifths/hooks/test/useRippleEffect.test.ts" name="useRippleEffect hook &gt; エッジケース &gt; 正常ケース: トリガー→リセット→トリガーのサイクル" time="0.00768478">
        </testcase>
        <testcase classname="src/features/circle-of-fifths/hooks/test/useRippleEffect.test.ts" name="useRippleEffect hook &gt; メモ化とパフォーマンス &gt; 正常ケース: 関数の安定性" time="0.004592628">
        </testcase>
        <testcase classname="src/features/circle-of-fifths/hooks/test/useRippleEffect.test.ts" name="useRippleEffect hook &gt; メモ化とパフォーマンス &gt; 正常ケース: 状態変更時の適切な再レンダリング" time="0.001507866">
        </testcase>
        <testcase classname="src/features/circle-of-fifths/hooks/test/useRippleEffect.test.ts" name="useRippleEffect hook &gt; 統合テスト &gt; 正常ケース: 完全なリップルライフサイクル" time="0.004876445">
        </testcase>
    </testsuite>
    <testsuite name="src/features/circle-of-fifths/utils/test/circleOfFifthsData.test.ts" timestamp="2025-09-28T09:30:39.169Z" hostname="runnervm3ublj" tests="12" failures="0" errors="0" skipped="0" time="0.033102478">
        <testcase classname="src/features/circle-of-fifths/utils/test/circleOfFifthsData.test.ts" name="getCircleOfFifthsData &gt; 基本機能 &gt; 正常ケース: 関数が正しい構造を返す" time="0.002373973">
        </testcase>
        <testcase classname="src/features/circle-of-fifths/utils/test/circleOfFifthsData.test.ts" name="getCircleOfFifthsData &gt; 基本機能 &gt; 正常ケース: 複数回呼び出しで同じ値を返す（事前計算済み）" time="0.000376829">
        </testcase>
        <testcase classname="src/features/circle-of-fifths/utils/test/circleOfFifthsData.test.ts" name="getCircleOfFifthsData &gt; viewBox計算 &gt; 正常ケース: 正しいSVGビューボックス形式" time="0.000330563">
        </testcase>
        <testcase classname="src/features/circle-of-fifths/utils/test/circleOfFifthsData.test.ts" name="getCircleOfFifthsData &gt; viewBox計算 &gt; 境界値ケース: CIRCLE_LAYOUT.RADIUSの値に基づく計算" time="0.001375751">
        </testcase>
        <testcase classname="src/features/circle-of-fifths/utils/test/circleOfFifthsData.test.ts" name="getCircleOfFifthsData &gt; segments配列 &gt; 正常ケース: 12セグメントが生成される" time="0.000277485">
        </testcase>
        <testcase classname="src/features/circle-of-fifths/utils/test/circleOfFifthsData.test.ts" name="getCircleOfFifthsData &gt; segments配列 &gt; 正常ケース: 各セグメントが必要なプロパティを持つ" time="0.00947883">
        </testcase>
        <testcase classname="src/features/circle-of-fifths/utils/test/circleOfFifthsData.test.ts" name="getCircleOfFifthsData &gt; segments配列 &gt; 正常ケース: セグメントのposition値が0-11の範囲" time="0.00106216">
        </testcase>
        <testcase classname="src/features/circle-of-fifths/utils/test/circleOfFifthsData.test.ts" name="getCircleOfFifthsData &gt; segments配列 &gt; 正常ケース: 各セグメントのキー情報が正しく設定される" time="0.010439899">
        </testcase>
        <testcase classname="src/features/circle-of-fifths/utils/test/circleOfFifthsData.test.ts" name="getCircleOfFifthsData &gt; textRotation &gt; 正常ケース: textRotationが数値である" time="0.000333498">
        </testcase>
        <testcase classname="src/features/circle-of-fifths/utils/test/circleOfFifthsData.test.ts" name="getCircleOfFifthsData &gt; テキスト位置計算 &gt; 正常ケース: 3つの異なる半径でテキスト位置が計算される" time="0.003927995">
        </testcase>
        <testcase classname="src/features/circle-of-fifths/utils/test/circleOfFifthsData.test.ts" name="getCircleOfFifthsData &gt; 事前計算の最適化 &gt; パフォーマンステスト: 関数呼び出しが高速である" time="0.000341773">
        </testcase>
        <testcase classname="src/features/circle-of-fifths/utils/test/circleOfFifthsData.test.ts" name="getCircleOfFifthsData &gt; 事前計算の最適化 &gt; メモ化テスト: 同じオブジェクト参照が返される" time="0.00061424">
        </testcase>
    </testsuite>
    <testsuite name="src/features/circle-of-fifths/utils/test/geometry.test.ts" timestamp="2025-09-28T09:30:39.172Z" hostname="runnervm3ublj" tests="18" failures="0" errors="0" skipped="0" time="0.011971802">
        <testcase classname="src/features/circle-of-fifths/utils/test/geometry.test.ts" name="geometry utils &gt; calculateAngle &gt; 正常ケース: 位置0で正しい角度を返す" time="0.001894814">
        </testcase>
        <testcase classname="src/features/circle-of-fifths/utils/test/geometry.test.ts" name="geometry utils &gt; calculateAngle &gt; 正常ケース: 各位置（0-11）で正しい角度を計算" time="0.001226244">
        </testcase>
        <testcase classname="src/features/circle-of-fifths/utils/test/geometry.test.ts" name="geometry utils &gt; calculateAngle &gt; 正常ケース: 位置3（A）で正しい角度を返す" time="0.000302401">
        </testcase>
        <testcase classname="src/features/circle-of-fifths/utils/test/geometry.test.ts" name="geometry utils &gt; calculateAngle &gt; 正常ケース: 位置6（F#/G♭）で正しい角度を返す" time="0.00025374">
        </testcase>
        <testcase classname="src/features/circle-of-fifths/utils/test/geometry.test.ts" name="geometry utils &gt; calculateAngle &gt; 異常ケース: 無効な位置でCircleOfFifthsErrorをスロー" time="0.000982652">
        </testcase>
        <testcase classname="src/features/circle-of-fifths/utils/test/geometry.test.ts" name="geometry utils &gt; normalizeAngle &gt; 正常ケース: 正の角度をそのまま返す" time="0.000310256">
        </testcase>
        <testcase classname="src/features/circle-of-fifths/utils/test/geometry.test.ts" name="geometry utils &gt; normalizeAngle &gt; 正常ケース: 負の角度を正規化" time="0.000278266">
        </testcase>
        <testcase classname="src/features/circle-of-fifths/utils/test/geometry.test.ts" name="geometry utils &gt; normalizeAngle &gt; 正常ケース: 2π以上の角度を正規化" time="0.000245906">
        </testcase>
        <testcase classname="src/features/circle-of-fifths/utils/test/geometry.test.ts" name="geometry utils &gt; normalizeAngle &gt; 境界値ケース: 0度と2π度の処理" time="0.000412455">
        </testcase>
        <testcase classname="src/features/circle-of-fifths/utils/test/geometry.test.ts" name="geometry utils &gt; polarToCartesian &gt; 正常ケース: 0度で正しい座標を返す" time="0.000309094">
        </testcase>
        <testcase classname="src/features/circle-of-fifths/utils/test/geometry.test.ts" name="geometry utils &gt; polarToCartesian &gt; 正常ケース: 90度で正しい座標を返す" time="0.000227141">
        </testcase>
        <testcase classname="src/features/circle-of-fifths/utils/test/geometry.test.ts" name="geometry utils &gt; polarToCartesian &gt; 正常ケース: 180度で正しい座標を返す" time="0.00021061">
        </testcase>
        <testcase classname="src/features/circle-of-fifths/utils/test/geometry.test.ts" name="geometry utils &gt; polarToCartesian &gt; 正常ケース: 270度で正しい座標を返す" time="0.00019944">
        </testcase>
        <testcase classname="src/features/circle-of-fifths/utils/test/geometry.test.ts" name="geometry utils &gt; polarToCartesian &gt; 正常ケース: 半径0で原点を返す" time="0.000419668">
        </testcase>
        <testcase classname="src/features/circle-of-fifths/utils/test/geometry.test.ts" name="geometry utils &gt; calculateTextPosition &gt; 正常ケース: 各位置で正しいテキスト座標を計算" time="0.001291365">
        </testcase>
        <testcase classname="src/features/circle-of-fifths/utils/test/geometry.test.ts" name="geometry utils &gt; calculateTextPosition &gt; 異常ケース: 無効な位置でCircleOfFifthsErrorをスロー" time="0.000583442">
        </testcase>
        <testcase classname="src/features/circle-of-fifths/utils/test/geometry.test.ts" name="geometry utils &gt; calculateTextPosition &gt; 異常ケース: 負の半径でCircleOfFifthsErrorをスロー" time="0.000381968">
        </testcase>
        <testcase classname="src/features/circle-of-fifths/utils/test/geometry.test.ts" name="geometry utils &gt; calculateTextRotation &gt; 正常ケース: 常に0を返す" time="0.000161299">
        </testcase>
    </testsuite>
    <testsuite name="src/features/circle-of-fifths/utils/test/index.test.ts" timestamp="2025-09-28T09:30:39.175Z" hostname="runnervm3ublj" tests="3" failures="0" errors="0" skipped="0" time="0.006236947">
        <testcase classname="src/features/circle-of-fifths/utils/test/index.test.ts" name="utils index exports &gt; エクスポートの確認: すべてのモジュールが正しくエクスポートされている" time="0.002547344">
        </testcase>
        <testcase classname="src/features/circle-of-fifths/utils/test/index.test.ts" name="utils index exports &gt; エクスポートの確認: ネームスペース形式でアクセス可能" time="0.000751003">
        </testcase>
        <testcase classname="src/features/circle-of-fifths/utils/test/index.test.ts" name="utils index exports &gt; エクスポートの確認: 各モジュールが独立している" time="0.001391861">
        </testcase>
    </testsuite>
    <testsuite name="src/features/circle-of-fifths/utils/test/pathGeneration.test.ts" timestamp="2025-09-28T09:30:39.176Z" hostname="runnervm3ublj" tests="11" failures="0" errors="0" skipped="0" time="0.016090798">
        <testcase classname="src/features/circle-of-fifths/utils/test/pathGeneration.test.ts" name="pathGeneration utils &gt; generatePizzaSlicePath &gt; 正常ケース: 有効なパラメータで正しいSVGパスを生成" time="0.002977481">
        </testcase>
        <testcase classname="src/features/circle-of-fifths/utils/test/pathGeneration.test.ts" name="pathGeneration utils &gt; generatePizzaSlicePath &gt; 正常ケース: 複数の位置で一貫したパス構造を生成" time="0.002979166">
        </testcase>
        <testcase classname="src/features/circle-of-fifths/utils/test/pathGeneration.test.ts" name="pathGeneration utils &gt; generatePizzaSlicePath &gt; 境界値ケース: large-arc-flagの計算が正しい" time="0.000985678">
        </testcase>
        <testcase classname="src/features/circle-of-fifths/utils/test/pathGeneration.test.ts" name="pathGeneration utils &gt; generatePizzaSlicePath &gt; 異常ケース: 無効な位置でCircleOfFifthsErrorをスロー" time="0.000841461">
        </testcase>
        <testcase classname="src/features/circle-of-fifths/utils/test/pathGeneration.test.ts" name="pathGeneration utils &gt; generatePizzaSlicePath &gt; 異常ケース: 負の半径でCircleOfFifthsErrorをスロー" time="0.000422684">
        </testcase>
        <testcase classname="src/features/circle-of-fifths/utils/test/pathGeneration.test.ts" name="pathGeneration utils &gt; generatePizzaSlicePath &gt; 異常ケース: 内側半径≥外側半径でCircleOfFifthsErrorをスロー" time="0.000502392">
        </testcase>
        <testcase classname="src/features/circle-of-fifths/utils/test/pathGeneration.test.ts" name="pathGeneration utils &gt; generateThreeSegmentPaths &gt; 正常ケース: 有効なパラメータで3つのパスを正しく生成" time="0.000905369">
        </testcase>
        <testcase classname="src/features/circle-of-fifths/utils/test/pathGeneration.test.ts" name="pathGeneration utils &gt; generateThreeSegmentPaths &gt; 正常ケース: 実際のCIRCLE_LAYOUT値で正しく動作" time="0.001370923">
        </testcase>
        <testcase classname="src/features/circle-of-fifths/utils/test/pathGeneration.test.ts" name="pathGeneration utils &gt; generateThreeSegmentPaths &gt; 異常ケース: 無効な位置でCircleOfFifthsErrorをスロー" time="0.000635579">
        </testcase>
        <testcase classname="src/features/circle-of-fifths/utils/test/pathGeneration.test.ts" name="pathGeneration utils &gt; generateThreeSegmentPaths &gt; 異常ケース: 負の半径でCircleOfFifthsErrorをスロー" time="0.000602438">
        </testcase>
        <testcase classname="src/features/circle-of-fifths/utils/test/pathGeneration.test.ts" name="pathGeneration utils &gt; generateThreeSegmentPaths &gt; 異常ケース: 半径の順序が正しくない場合でErrorをスロー" time="0.001889822">
        </testcase>
    </testsuite>
    <testsuite name="src/features/circle-of-fifths/utils/test/validation.test.ts" timestamp="2025-09-28T09:30:39.178Z" hostname="runnervm3ublj" tests="6" failures="0" errors="0" skipped="0" time="0.004806113">
        <testcase classname="src/features/circle-of-fifths/utils/test/validation.test.ts" name="validation utils &gt; isValidPosition &gt; 正常ケース: 有効な位置（0-11）でtrueを返す" time="0.002172659">
        </testcase>
        <testcase classname="src/features/circle-of-fifths/utils/test/validation.test.ts" name="validation utils &gt; isValidPosition &gt; 境界値ケース: 負の数でfalseを返す" time="0.000241829">
        </testcase>
        <testcase classname="src/features/circle-of-fifths/utils/test/validation.test.ts" name="validation utils &gt; isValidPosition &gt; 境界値ケース: getSegmentCount()以上の数でfalseを返す" time="0.000310947">
        </testcase>
        <testcase classname="src/features/circle-of-fifths/utils/test/validation.test.ts" name="validation utils &gt; isValidPosition &gt; 異常ケース: 小数でfalseを返す" time="0.000270622">
        </testcase>
        <testcase classname="src/features/circle-of-fifths/utils/test/validation.test.ts" name="validation utils &gt; isValidPosition &gt; 異常ケース: NaNでfalseを返す" time="0.000145991">
        </testcase>
        <testcase classname="src/features/circle-of-fifths/utils/test/validation.test.ts" name="validation utils &gt; isValidPosition &gt; 異常ケース: Infinityでfalseを返す" time="0.000175936">
        </testcase>
    </testsuite>
    <testsuite name="src/features/view-controller/hooks/test/useViewController.test.ts" timestamp="2025-09-28T09:30:39.179Z" hostname="runnervm3ublj" tests="28" failures="0" errors="0" skipped="0" time="0.123246155">
        <testcase classname="src/features/view-controller/hooks/test/useViewController.test.ts" name="useViewController &gt; 初期化 &gt; 正常ケース: フックが正常に初期化される" time="0.026132794">
        </testcase>
        <testcase classname="src/features/view-controller/hooks/test/useViewController.test.ts" name="useViewController &gt; 初期化 &gt; 正常ケース: 初期状態でcircle-of-fifthsが選択されている" time="0.003976853">
        </testcase>
        <testcase classname="src/features/view-controller/hooks/test/useViewController.test.ts" name="useViewController &gt; 初期化 &gt; 正常ケース: hubOptionsが正しく取得される" time="0.005183922">
        </testcase>
        <testcase classname="src/features/view-controller/hooks/test/useViewController.test.ts" name="useViewController &gt; 初期化 &gt; 正常ケース: selectedOptionが正しく設定される" time="0.00263761">
        </testcase>
        <testcase classname="src/features/view-controller/hooks/test/useViewController.test.ts" name="useViewController &gt; 初期化 &gt; 正常ケース: radioGroupRefが初期化される" time="0.003185366">
        </testcase>
        <testcase classname="src/features/view-controller/hooks/test/useViewController.test.ts" name="useViewController &gt; hubType変更 &gt; 正常ケース: hubStoreの状態変更が反映される" time="0.004247826">
        </testcase>
        <testcase classname="src/features/view-controller/hooks/test/useViewController.test.ts" name="useViewController &gt; hubType変更 &gt; 正常ケース: hubType変更時にselectedOptionが更新される" time="0.002899617">
        </testcase>
        <testcase classname="src/features/view-controller/hooks/test/useViewController.test.ts" name="useViewController &gt; handleHubTypeChange &gt; 正常ケース: circle-of-fifthsに変更できる" time="0.003233535">
        </testcase>
        <testcase classname="src/features/view-controller/hooks/test/useViewController.test.ts" name="useViewController &gt; handleHubTypeChange &gt; 正常ケース: chromatic-circleに変更できる" time="0.00440673">
        </testcase>
        <testcase classname="src/features/view-controller/hooks/test/useViewController.test.ts" name="useViewController &gt; handleHubTypeChange &gt; 正常ケース: 連続して変更できる" time="0.008886467">
        </testcase>
        <testcase classname="src/features/view-controller/hooks/test/useViewController.test.ts" name="useViewController &gt; handleKeyDown &gt; ArrowLeft/ArrowUpキー &gt; 正常ケース: ArrowLeftで前のオプションに移動" time="0.006796862">
        </testcase>
        <testcase classname="src/features/view-controller/hooks/test/useViewController.test.ts" name="useViewController &gt; handleKeyDown &gt; ArrowLeft/ArrowUpキー &gt; 正常ケース: ArrowUpで前のオプションに移動" time="0.008526217">
        </testcase>
        <testcase classname="src/features/view-controller/hooks/test/useViewController.test.ts" name="useViewController &gt; handleKeyDown &gt; ArrowLeft/ArrowUpキー &gt; 境界値ケース: 最初のオプションで前に移動すると最後のオプションに移動" time="0.002697241">
        </testcase>
        <testcase classname="src/features/view-controller/hooks/test/useViewController.test.ts" name="useViewController &gt; handleKeyDown &gt; ArrowRight/ArrowDownキー &gt; 正常ケース: ArrowRightで次のオプションに移動" time="0.002176596">
        </testcase>
        <testcase classname="src/features/view-controller/hooks/test/useViewController.test.ts" name="useViewController &gt; handleKeyDown &gt; ArrowRight/ArrowDownキー &gt; 正常ケース: ArrowDownで次のオプションに移動" time="0.001806309">
        </testcase>
        <testcase classname="src/features/view-controller/hooks/test/useViewController.test.ts" name="useViewController &gt; handleKeyDown &gt; ArrowRight/ArrowDownキー &gt; 境界値ケース: 最後のオプションで次に移動すると最初のオプションに移動" time="0.002890559">
        </testcase>
        <testcase classname="src/features/view-controller/hooks/test/useViewController.test.ts" name="useViewController &gt; handleKeyDown &gt; Home/Endキー &gt; 正常ケース: Homeキーで最初のオプションに移動" time="0.001792122">
        </testcase>
        <testcase classname="src/features/view-controller/hooks/test/useViewController.test.ts" name="useViewController &gt; handleKeyDown &gt; Home/Endキー &gt; 正常ケース: Endキーで最後のオプションに移動" time="0.001715771">
        </testcase>
        <testcase classname="src/features/view-controller/hooks/test/useViewController.test.ts" name="useViewController &gt; handleKeyDown &gt; Home/Endキー &gt; 境界値ケース: 既に最初のオプションでHomeキーを押しても変化なし" time="0.001653085">
        </testcase>
        <testcase classname="src/features/view-controller/hooks/test/useViewController.test.ts" name="useViewController &gt; handleKeyDown &gt; Home/Endキー &gt; 境界値ケース: 既に最後のオプションでEndキーを押しても変化なし" time="0.001679855">
        </testcase>
        <testcase classname="src/features/view-controller/hooks/test/useViewController.test.ts" name="useViewController &gt; handleKeyDown &gt; その他のキー &gt; 正常ケース: サポートされていないキーは何も実行しない" time="0.00138071">
        </testcase>
        <testcase classname="src/features/view-controller/hooks/test/useViewController.test.ts" name="useViewController &gt; handleKeyDown &gt; その他のキー &gt; 正常ケース: 複数の無効なキーを連続して処理" time="0.008948103">
        </testcase>
        <testcase classname="src/features/view-controller/hooks/test/useViewController.test.ts" name="useViewController &gt; フォーカス管理 &gt; 正常ケース: DOM要素が存在しない場合はエラーなし" time="0.004124425">
        </testcase>
        <testcase classname="src/features/view-controller/hooks/test/useViewController.test.ts" name="useViewController &gt; フォーカス管理 &gt; 正常ケース: DOM要素が存在する場合のフォーカス処理" time="0.003354732">
        </testcase>
        <testcase classname="src/features/view-controller/hooks/test/useViewController.test.ts" name="useViewController &gt; メモ化の動作 &gt; 正常ケース: hubOptionsがメモ化される" time="0.001513235">
        </testcase>
        <testcase classname="src/features/view-controller/hooks/test/useViewController.test.ts" name="useViewController &gt; メモ化の動作 &gt; 正常ケース: hubTypeが変更されない場合はselectedOptionがメモ化される" time="0.00135933">
        </testcase>
        <testcase classname="src/features/view-controller/hooks/test/useViewController.test.ts" name="useViewController &gt; メモ化の動作 &gt; 正常ケース: hubTypeが変更されるとselectedOptionが更新される" time="0.001691827">
        </testcase>
        <testcase classname="src/features/view-controller/hooks/test/useViewController.test.ts" name="useViewController &gt; メモ化の動作 &gt; 正常ケース: handleHubTypeChangeとhandleKeyDownがメモ化される" time="0.001444868">
        </testcase>
    </testsuite>
</testsuites>
